{"meta": {"format": 3, "version": "7.10.7", "timestamp": "2025-09-25T00:23:03.046636", "branch_coverage": true, "show_contexts": false}, "files": {"audio_voice/__init__.py": {"executed_lines": [2, 6], "summary": {"covered_lines": 1, "num_statements": 1, "percent_covered": 100.0, "percent_covered_display": "100.00", "missing_lines": 0, "excluded_lines": 0, "num_branches": 0, "num_partial_branches": 0, "covered_branches": 0, "missing_branches": 0}, "missing_lines": [], "excluded_lines": [], "executed_branches": [], "missing_branches": [], "functions": {"": {"executed_lines": [2, 6], "summary": {"covered_lines": 1, "num_statements": 1, "percent_covered": 100.0, "percent_covered_display": "100.00", "missing_lines": 0, "excluded_lines": 0, "num_branches": 0, "num_partial_branches": 0, "covered_branches": 0, "missing_branches": 0}, "missing_lines": [], "excluded_lines": [], "executed_branches": [], "missing_branches": []}}, "classes": {"": {"executed_lines": [2, 6], "summary": {"covered_lines": 1, "num_statements": 1, "percent_covered": 100.0, "percent_covered_display": "100.00", "missing_lines": 0, "excluded_lines": 0, "num_branches": 0, "num_partial_branches": 0, "covered_branches": 0, "missing_branches": 0}, "missing_lines": [], "excluded_lines": [], "executed_branches": [], "missing_branches": []}}}, "audio_voice/api.py": {"executed_lines": [2, 10, 12, 13, 14, 16, 17, 19, 22, 23, 24, 27, 28, 29, 32, 33, 34, 42, 43, 49, 50, 52, 60, 61, 63, 64, 70, 71, 72, 75, 76, 77, 79], "summary": {"covered_lines": 32, "num_statements": 35, "percent_covered": 89.1891891891892, "percent_covered_display": "89.19", "missing_lines": 3, "excluded_lines": 0, "num_branches": 2, "num_partial_branches": 1, "covered_branches": 1, "missing_branches": 1}, "missing_lines": [51, 65, 66], "excluded_lines": [], "executed_branches": [[50, 52]], "missing_branches": [[50, 51]], "functions": {"audio_status": {"executed_lines": [34], "summary": {"covered_lines": 1, "num_statements": 1, "percent_covered": 100.0, "percent_covered_display": "100.00", "missing_lines": 0, "excluded_lines": 0, "num_branches": 0, "num_partial_branches": 0, "covered_branches": 0, "missing_branches": 0}, "missing_lines": [], "excluded_lines": [], "executed_branches": [], "missing_branches": []}, "synthesize_speech": {"executed_lines": [49, 50, 52], "summary": {"covered_lines": 3, "num_statements": 4, "percent_covered": 66.66666666666667, "percent_covered_display": "66.67", "missing_lines": 1, "excluded_lines": 0, "num_branches": 2, "num_partial_branches": 1, "covered_branches": 1, "missing_branches": 1}, "missing_lines": [51], "excluded_lines": [], "executed_branches": [[50, 52]], "missing_branches": [[50, 51]]}, "save_audio_note": {"executed_lines": [63, 64, 70, 71, 72, 75, 76, 77, 79], "summary": {"covered_lines": 9, "num_statements": 11, "percent_covered": 81.81818181818181, "percent_covered_display": "81.82", "missing_lines": 2, "excluded_lines": 0, "num_branches": 0, "num_partial_branches": 0, "covered_branches": 0, "missing_branches": 0}, "missing_lines": [65, 66], "excluded_lines": [], "executed_branches": [], "missing_branches": []}, "": {"executed_lines": [2, 10, 12, 13, 14, 16, 17, 19, 22, 23, 24, 27, 28, 29, 32, 33, 42, 43, 60, 61], "summary": {"covered_lines": 19, "num_statements": 19, "percent_covered": 100.0, "percent_covered_display": "100.00", "missing_lines": 0, "excluded_lines": 0, "num_branches": 0, "num_partial_branches": 0, "covered_branches": 0, "missing_branches": 0}, "missing_lines": [], "excluded_lines": [], "executed_branches": [], "missing_branches": []}}, "classes": {"TTSRequest": {"executed_lines": [], "summary": {"covered_lines": 0, "num_statements": 0, "percent_covered": 100.0, "percent_covered_display": "100.00", "missing_lines": 0, "excluded_lines": 0, "num_branches": 0, "num_partial_branches": 0, "covered_branches": 0, "missing_branches": 0}, "missing_lines": [], "excluded_lines": [], "executed_branches": [], "missing_branches": []}, "AudioNoteRequest": {"executed_lines": [], "summary": {"covered_lines": 0, "num_statements": 0, "percent_covered": 100.0, "percent_covered_display": "100.00", "missing_lines": 0, "excluded_lines": 0, "num_branches": 0, "num_partial_branches": 0, "covered_branches": 0, "missing_branches": 0}, "missing_lines": [], "excluded_lines": [], "executed_branches": [], "missing_branches": []}, "": {"executed_lines": [2, 10, 12, 13, 14, 16, 17, 19, 22, 23, 24, 27, 28, 29, 32, 33, 34, 42, 43, 49, 50, 52, 60, 61, 63, 64, 70, 71, 72, 75, 76, 77, 79], "summary": {"covered_lines": 32, "num_statements": 35, "percent_covered": 89.1891891891892, "percent_covered_display": "89.19", "missing_lines": 3, "excluded_lines": 0, "num_branches": 2, "num_partial_branches": 1, "covered_branches": 1, "missing_branches": 1}, "missing_lines": [51, 65, 66], "excluded_lines": [], "executed_branches": [[50, 52]], "missing_branches": [[50, 51]]}}}, "cia_sync/__init__.py": {"executed_lines": [1, 6, 7], "summary": {"covered_lines": 2, "num_statements": 2, "percent_covered": 100.0, "percent_covered_display": "100.00", "missing_lines": 0, "excluded_lines": 0, "num_branches": 0, "num_partial_branches": 0, "covered_branches": 0, "missing_branches": 0}, "missing_lines": [], "excluded_lines": [], "executed_branches": [], "missing_branches": [], "functions": {"": {"executed_lines": [1, 6, 7], "summary": {"covered_lines": 2, "num_statements": 2, "percent_covered": 100.0, "percent_covered_display": "100.00", "missing_lines": 0, "excluded_lines": 0, "num_branches": 0, "num_partial_branches": 0, "covered_branches": 0, "missing_branches": 0}, "missing_lines": [], "excluded_lines": [], "executed_branches": [], "missing_branches": []}}, "classes": {"": {"executed_lines": [1, 6, 7], "summary": {"covered_lines": 2, "num_statements": 2, "percent_covered": 100.0, "percent_covered_display": "100.00", "missing_lines": 0, "excluded_lines": 0, "num_branches": 0, "num_partial_branches": 0, "covered_branches": 0, "missing_branches": 0}, "missing_lines": [], "excluded_lines": [], "executed_branches": [], "missing_branches": []}}}, "cia_sync/api.py": {"executed_lines": [1, 6, 7, 8, 10, 11, 13, 16, 19, 20, 23, 24, 26, 27, 28, 29, 30, 33, 42, 58, 59, 79, 80, 92, 93, 137, 138, 170, 171], "summary": {"covered_lines": 27, "num_statements": 86, "percent_covered": 24.107142857142858, "percent_covered_display": "24.11", "missing_lines": 59, "excluded_lines": 0, "num_branches": 26, "num_partial_branches": 0, "covered_branches": 0, "missing_branches": 26}, "missing_lines": [35, 36, 37, 38, 39, 44, 45, 46, 47, 48, 50, 51, 52, 55, 61, 63, 82, 84, 95, 96, 98, 100, 102, 103, 104, 105, 114, 115, 116, 117, 120, 121, 122, 123, 125, 131, 132, 140, 141, 144, 146, 147, 150, 158, 165, 173, 174, 176, 178, 180, 181, 184, 185, 189, 193, 194, 201, 204, 205], "excluded_lines": [], "executed_branches": [], "missing_branches": [[95, 96], [95, 98], [102, 103], [102, 114], [104, 105], [104, 114], [114, 115], [114, 120], [116, 117], [116, 120], [120, 121], [120, 125], [122, 123], [122, 125], [140, 141], [140, 144], [146, 147], [146, 165], [173, 174], [173, 176], [180, 181], [180, 184], [184, 185], [184, 189], [193, 194], [193, 201]], "functions": {"_check_cia_connection": {"executed_lines": [], "summary": {"covered_lines": 0, "num_statements": 5, "percent_covered": 0.0, "percent_covered_display": "0.00", "missing_lines": 5, "excluded_lines": 0, "num_branches": 0, "num_partial_branches": 0, "covered_branches": 0, "missing_branches": 0}, "missing_lines": [35, 36, 37, 38, 39], "excluded_lines": [], "executed_branches": [], "missing_branches": []}, "_make_cia_request": {"executed_lines": [], "summary": {"covered_lines": 0, "num_statements": 9, "percent_covered": 0.0, "percent_covered_display": "0.00", "missing_lines": 9, "excluded_lines": 0, "num_branches": 0, "num_partial_branches": 0, "covered_branches": 0, "missing_branches": 0}, "missing_lines": [44, 45, 46, 47, 48, 50, 51, 52, 55], "excluded_lines": [], "executed_branches": [], "missing_branches": []}, "cia_sync_status": {"executed_lines": [], "summary": {"covered_lines": 0, "num_statements": 2, "percent_covered": 0.0, "percent_covered_display": "0.00", "missing_lines": 2, "excluded_lines": 0, "num_branches": 0, "num_partial_branches": 0, "covered_branches": 0, "missing_branches": 0}, "missing_lines": [61, 63], "excluded_lines": [], "executed_branches": [], "missing_branches": []}, "check_cia_connection": {"executed_lines": [], "summary": {"covered_lines": 0, "num_statements": 2, "percent_covered": 0.0, "percent_covered_display": "0.00", "missing_lines": 2, "excluded_lines": 0, "num_branches": 0, "num_partial_branches": 0, "covered_branches": 0, "missing_branches": 0}, "missing_lines": [82, 84], "excluded_lines": [], "executed_branches": [], "missing_branches": []}, "selective_sync": {"executed_lines": [], "summary": {"covered_lines": 0, "num_statements": 19, "percent_covered": 0.0, "percent_covered_display": "0.00", "missing_lines": 19, "excluded_lines": 0, "num_branches": 14, "num_partial_branches": 0, "covered_branches": 0, "missing_branches": 14}, "missing_lines": [95, 96, 98, 100, 102, 103, 104, 105, 114, 115, 116, 117, 120, 121, 122, 123, 125, 131, 132], "excluded_lines": [], "executed_branches": [], "missing_branches": [[95, 96], [95, 98], [102, 103], [102, 114], [104, 105], [104, 114], [114, 115], [114, 120], [116, 117], [116, 120], [120, 121], [120, 125], [122, 123], [122, 125]]}, "psy_presentation_mode": {"executed_lines": [], "summary": {"covered_lines": 0, "num_statements": 8, "percent_covered": 0.0, "percent_covered_display": "0.00", "missing_lines": 8, "excluded_lines": 0, "num_branches": 4, "num_partial_branches": 0, "covered_branches": 0, "missing_branches": 4}, "missing_lines": [140, 141, 144, 146, 147, 150, 158, 165], "excluded_lines": [], "executed_branches": [], "missing_branches": [[140, 141], [140, 144], [146, 147], [146, 165]]}, "push_data_to_cia": {"executed_lines": [], "summary": {"covered_lines": 0, "num_statements": 14, "percent_covered": 0.0, "percent_covered_display": "0.00", "missing_lines": 14, "excluded_lines": 0, "num_branches": 8, "num_partial_branches": 0, "covered_branches": 0, "missing_branches": 8}, "missing_lines": [173, 174, 176, 178, 180, 181, 184, 185, 189, 193, 194, 201, 204, 205], "excluded_lines": [], "executed_branches": [], "missing_branches": [[173, 174], [173, 176], [180, 181], [180, 184], [184, 185], [184, 189], [193, 194], [193, 201]]}, "": {"executed_lines": [1, 6, 7, 8, 10, 11, 13, 16, 19, 20, 23, 24, 26, 27, 28, 29, 30, 33, 42, 58, 59, 79, 80, 92, 93, 137, 138, 170, 171], "summary": {"covered_lines": 27, "num_statements": 27, "percent_covered": 100.0, "percent_covered_display": "100.00", "missing_lines": 0, "excluded_lines": 0, "num_branches": 0, "num_partial_branches": 0, "covered_branches": 0, "missing_branches": 0}, "missing_lines": [], "excluded_lines": [], "executed_branches": [], "missing_branches": []}}, "classes": {"SyncConfig": {"executed_lines": [], "summary": {"covered_lines": 0, "num_statements": 0, "percent_covered": 100.0, "percent_covered_display": "100.00", "missing_lines": 0, "excluded_lines": 0, "num_branches": 0, "num_partial_branches": 0, "covered_branches": 0, "missing_branches": 0}, "missing_lines": [], "excluded_lines": [], "executed_branches": [], "missing_branches": []}, "": {"executed_lines": [1, 6, 7, 8, 10, 11, 13, 16, 19, 20, 23, 24, 26, 27, 28, 29, 30, 33, 42, 58, 59, 79, 80, 92, 93, 137, 138, 170, 171], "summary": {"covered_lines": 27, "num_statements": 86, "percent_covered": 24.107142857142858, "percent_covered_display": "24.11", "missing_lines": 59, "excluded_lines": 0, "num_branches": 26, "num_partial_branches": 0, "covered_branches": 0, "missing_branches": 26}, "missing_lines": [35, 36, 37, 38, 39, 44, 45, 46, 47, 48, 50, 51, 52, 55, 61, 63, 82, 84, 95, 96, 98, 100, 102, 103, 104, 105, 114, 115, 116, 117, 120, 121, 122, 123, 125, 131, 132, 140, 141, 144, 146, 147, 150, 158, 165, 173, 174, 176, 178, 180, 181, 184, 185, 189, 193, 194, 201, 204, 205], "excluded_lines": [], "executed_branches": [], "missing_branches": [[95, 96], [95, 98], [102, 103], [102, 114], [104, 105], [104, 114], [114, 115], [114, 120], [116, 117], [116, 120], [120, 121], [120, 125], [122, 123], [122, 125], [140, 141], [140, 144], [146, 147], [146, 165], [173, 174], [173, 176], [180, 181], [180, 184], [184, 185], [184, 189], [193, 194], [193, 201]]}}}, "core/__init__.py": {"executed_lines": [], "summary": {"covered_lines": 0, "num_statements": 6, "percent_covered": 0.0, "percent_covered_display": "0.00", "missing_lines": 6, "excluded_lines": 0, "num_branches": 0, "num_partial_branches": 0, "covered_branches": 0, "missing_branches": 0}, "missing_lines": [13, 14, 15, 16, 17, 19], "excluded_lines": [], "executed_branches": [], "missing_branches": [], "functions": {"": {"executed_lines": [], "summary": {"covered_lines": 0, "num_statements": 6, "percent_covered": 0.0, "percent_covered_display": "0.00", "missing_lines": 6, "excluded_lines": 0, "num_branches": 0, "num_partial_branches": 0, "covered_branches": 0, "missing_branches": 0}, "missing_lines": [13, 14, 15, 16, 17, 19], "excluded_lines": [], "executed_branches": [], "missing_branches": []}}, "classes": {"": {"executed_lines": [], "summary": {"covered_lines": 0, "num_statements": 6, "percent_covered": 0.0, "percent_covered_display": "0.00", "missing_lines": 6, "excluded_lines": 0, "num_branches": 0, "num_partial_branches": 0, "covered_branches": 0, "missing_branches": 0}, "missing_lines": [13, 14, 15, 16, 17, 19], "excluded_lines": [], "executed_branches": [], "missing_branches": []}}}, "core/cache.py": {"executed_lines": [], "summary": {"covered_lines": 0, "num_statements": 104, "percent_covered": 0.0, "percent_covered_display": "0.00", "missing_lines": 104, "excluded_lines": 0, "num_branches": 28, "num_partial_branches": 0, "covered_branches": 0, "missing_branches": 28}, "missing_lines": [9, 10, 11, 12, 13, 15, 17, 20, 28, 36, 37, 38, 39, 40, 42, 44, 54, 55, 57, 58, 59, 61, 63, 65, 66, 68, 69, 70, 72, 73, 74, 76, 77, 81, 83, 84, 87, 89, 90, 92, 94, 104, 105, 106, 109, 111, 112, 114, 123, 125, 128, 129, 132, 133, 134, 135, 136, 139, 144, 146, 148, 163, 164, 165, 168, 169, 170, 171, 172, 173, 174, 177, 179, 189, 190, 191, 192, 193, 194, 195, 197, 199, 200, 201, 202, 204, 214, 215, 217, 218, 219, 221, 224, 226, 233, 234, 235, 241, 250, 252, 253, 254, 260, 262], "excluded_lines": [], "executed_branches": [], "missing_branches": [[54, 55], [54, 57], [58, 59], [58, 61], [68, 69], [68, 72], [69, 68], [69, 70], [72, 73], [72, 76], [76, -63], [76, 77], [83, 84], [83, 87], [105, 106], [105, 109], [128, 129], [128, 132], [133, 134], [133, 135], [135, 136], [135, 139], [164, 165], [164, 168], [190, 191], [190, 195], [217, 218], [217, 221]], "functions": {"CacheManager.__init__": {"executed_lines": [], "summary": {"covered_lines": 0, "num_statements": 6, "percent_covered": 0.0, "percent_covered_display": "0.00", "missing_lines": 6, "excluded_lines": 0, "num_branches": 0, "num_partial_branches": 0, "covered_branches": 0, "missing_branches": 0}, "missing_lines": [36, 37, 38, 39, 40, 42], "excluded_lines": [], "executed_branches": [], "missing_branches": []}, "CacheManager._is_expired": {"executed_lines": [], "summary": {"covered_lines": 0, "num_statements": 6, "percent_covered": 0.0, "percent_covered_display": "0.00", "missing_lines": 6, "excluded_lines": 0, "num_branches": 4, "num_partial_branches": 0, "covered_branches": 0, "missing_branches": 4}, "missing_lines": [54, 55, 57, 58, 59, 61], "excluded_lines": [], "executed_branches": [], "missing_branches": [[54, 55], [54, 57], [58, 59], [58, 61]]}, "CacheManager._cleanup_expired": {"executed_lines": [], "summary": {"covered_lines": 0, "num_statements": 10, "percent_covered": 0.0, "percent_covered_display": "0.00", "missing_lines": 10, "excluded_lines": 0, "num_branches": 8, "num_partial_branches": 0, "covered_branches": 0, "missing_branches": 8}, "missing_lines": [65, 66, 68, 69, 70, 72, 73, 74, 76, 77], "excluded_lines": [], "executed_branches": [], "missing_branches": [[68, 69], [68, 72], [69, 68], [69, 70], [72, 73], [72, 76], [76, -63], [76, 77]]}, "CacheManager._evict_lru": {"executed_lines": [], "summary": {"covered_lines": 0, "num_statements": 6, "percent_covered": 0.0, "percent_covered_display": "0.00", "missing_lines": 6, "excluded_lines": 0, "num_branches": 2, "num_partial_branches": 0, "covered_branches": 0, "missing_branches": 2}, "missing_lines": [83, 84, 87, 89, 90, 92], "excluded_lines": [], "executed_branches": [], "missing_branches": [[83, 84], [83, 87]]}, "CacheManager.get": {"executed_lines": [], "summary": {"covered_lines": 0, "num_statements": 6, "percent_covered": 0.0, "percent_covered_display": "0.00", "missing_lines": 6, "excluded_lines": 0, "num_branches": 2, "num_partial_branches": 0, "covered_branches": 0, "missing_branches": 2}, "missing_lines": [104, 105, 106, 109, 111, 112], "excluded_lines": [], "executed_branches": [], "missing_branches": [[105, 106], [105, 109]]}, "CacheManager.set": {"executed_lines": [], "summary": {"covered_lines": 0, "num_statements": 12, "percent_covered": 0.0, "percent_covered_display": "0.00", "missing_lines": 12, "excluded_lines": 0, "num_branches": 6, "num_partial_branches": 0, "covered_branches": 0, "missing_branches": 6}, "missing_lines": [123, 125, 128, 129, 132, 133, 134, 135, 136, 139, 144, 146], "excluded_lines": [], "executed_branches": [], "missing_branches": [[128, 129], [128, 132], [133, 134], [133, 135], [135, 136], [135, 139]]}, "CacheManager.get_or_set": {"executed_lines": [], "summary": {"covered_lines": 0, "num_statements": 11, "percent_covered": 0.0, "percent_covered_display": "0.00", "missing_lines": 11, "excluded_lines": 0, "num_branches": 2, "num_partial_branches": 0, "covered_branches": 0, "missing_branches": 2}, "missing_lines": [163, 164, 165, 168, 169, 170, 171, 172, 173, 174, 177], "excluded_lines": [], "executed_branches": [], "missing_branches": [[164, 165], [164, 168]]}, "CacheManager.delete": {"executed_lines": [], "summary": {"covered_lines": 0, "num_statements": 7, "percent_covered": 0.0, "percent_covered_display": "0.00", "missing_lines": 7, "excluded_lines": 0, "num_branches": 2, "num_partial_branches": 0, "covered_branches": 0, "missing_branches": 2}, "missing_lines": [189, 190, 191, 192, 193, 194, 195], "excluded_lines": [], "executed_branches": [], "missing_branches": [[190, 191], [190, 195]]}, "CacheManager.clear": {"executed_lines": [], "summary": {"covered_lines": 0, "num_statements": 4, "percent_covered": 0.0, "percent_covered_display": "0.00", "missing_lines": 4, "excluded_lines": 0, "num_branches": 0, "num_partial_branches": 0, "covered_branches": 0, "missing_branches": 0}, "missing_lines": [199, 200, 201, 202], "excluded_lines": [], "executed_branches": [], "missing_branches": []}, "CacheManager.invalidate_pattern": {"executed_lines": [], "summary": {"covered_lines": 0, "num_statements": 7, "percent_covered": 0.0, "percent_covered_display": "0.00", "missing_lines": 7, "excluded_lines": 0, "num_branches": 2, "num_partial_branches": 0, "covered_branches": 0, "missing_branches": 2}, "missing_lines": [214, 215, 217, 218, 219, 221, 224], "excluded_lines": [], "executed_branches": [], "missing_branches": [[217, 218], [217, 221]]}, "CacheManager.get_stats": {"executed_lines": [], "summary": {"covered_lines": 0, "num_statements": 4, "percent_covered": 0.0, "percent_covered_display": "0.00", "missing_lines": 4, "excluded_lines": 0, "num_branches": 0, "num_partial_branches": 0, "covered_branches": 0, "missing_branches": 0}, "missing_lines": [233, 234, 235, 241], "excluded_lines": [], "executed_branches": [], "missing_branches": []}, "CacheManager.__len__": {"executed_lines": [], "summary": {"covered_lines": 0, "num_statements": 3, "percent_covered": 0.0, "percent_covered_display": "0.00", "missing_lines": 3, "excluded_lines": 0, "num_branches": 0, "num_partial_branches": 0, "covered_branches": 0, "missing_branches": 0}, "missing_lines": [252, 253, 254], "excluded_lines": [], "executed_branches": [], "missing_branches": []}, "CacheManager.__contains__": {"executed_lines": [], "summary": {"covered_lines": 0, "num_statements": 1, "percent_covered": 0.0, "percent_covered_display": "0.00", "missing_lines": 1, "excluded_lines": 0, "num_branches": 0, "num_partial_branches": 0, "covered_branches": 0, "missing_branches": 0}, "missing_lines": [262], "excluded_lines": [], "executed_branches": [], "missing_branches": []}, "": {"executed_lines": [], "summary": {"covered_lines": 0, "num_statements": 21, "percent_covered": 0.0, "percent_covered_display": "0.00", "missing_lines": 21, "excluded_lines": 0, "num_branches": 0, "num_partial_branches": 0, "covered_branches": 0, "missing_branches": 0}, "missing_lines": [9, 10, 11, 12, 13, 15, 17, 20, 28, 44, 63, 81, 94, 114, 148, 179, 197, 204, 226, 250, 260], "excluded_lines": [], "executed_branches": [], "missing_branches": []}}, "classes": {"CacheManager": {"executed_lines": [], "summary": {"covered_lines": 0, "num_statements": 83, "percent_covered": 0.0, "percent_covered_display": "0.00", "missing_lines": 83, "excluded_lines": 0, "num_branches": 28, "num_partial_branches": 0, "covered_branches": 0, "missing_branches": 28}, "missing_lines": [36, 37, 38, 39, 40, 42, 54, 55, 57, 58, 59, 61, 65, 66, 68, 69, 70, 72, 73, 74, 76, 77, 83, 84, 87, 89, 90, 92, 104, 105, 106, 109, 111, 112, 123, 125, 128, 129, 132, 133, 134, 135, 136, 139, 144, 146, 163, 164, 165, 168, 169, 170, 171, 172, 173, 174, 177, 189, 190, 191, 192, 193, 194, 195, 199, 200, 201, 202, 214, 215, 217, 218, 219, 221, 224, 233, 234, 235, 241, 252, 253, 254, 262], "excluded_lines": [], "executed_branches": [], "missing_branches": [[54, 55], [54, 57], [58, 59], [58, 61], [68, 69], [68, 72], [69, 68], [69, 70], [72, 73], [72, 76], [76, -63], [76, 77], [83, 84], [83, 87], [105, 106], [105, 109], [128, 129], [128, 132], [133, 134], [133, 135], [135, 136], [135, 139], [164, 165], [164, 168], [190, 191], [190, 195], [217, 218], [217, 221]]}, "": {"executed_lines": [], "summary": {"covered_lines": 0, "num_statements": 21, "percent_covered": 0.0, "percent_covered_display": "0.00", "missing_lines": 21, "excluded_lines": 0, "num_branches": 0, "num_partial_branches": 0, "covered_branches": 0, "missing_branches": 0}, "missing_lines": [9, 10, 11, 12, 13, 15, 17, 20, 28, 44, 63, 81, 94, 114, 148, 179, 197, 204, 226, 250, 260], "excluded_lines": [], "executed_branches": [], "missing_branches": []}}}, "core/config.py": {"executed_lines": [], "summary": {"covered_lines": 0, "num_statements": 70, "percent_covered": 0.0, "percent_covered_display": "0.00", "missing_lines": 70, "excluded_lines": 0, "num_branches": 10, "num_partial_branches": 0, "covered_branches": 0, "missing_branches": 10}, "missing_lines": [10, 11, 12, 14, 17, 25, 27, 28, 30, 33, 34, 39, 40, 41, 44, 45, 48, 49, 50, 55, 58, 61, 64, 65, 68, 69, 74, 77, 80, 83, 84, 86, 97, 99, 107, 109, 119, 120, 121, 122, 123, 124, 127, 129, 139, 140, 141, 142, 145, 147, 155, 156, 157, 160, 161, 162, 165, 166, 167, 172, 175, 177, 184, 186, 188, 190, 192, 194, 196, 200], "excluded_lines": [], "executed_branches": [], "missing_branches": [[120, 121], [120, 127], [141, 142], [141, 145], [156, 157], [156, 160], [161, 162], [161, 165], [166, 167], [166, 172]], "functions": {"Config.__init__": {"executed_lines": [], "summary": {"covered_lines": 0, "num_statements": 2, "percent_covered": 0.0, "percent_covered_display": "0.00", "missing_lines": 2, "excluded_lines": 0, "num_branches": 0, "num_partial_branches": 0, "covered_branches": 0, "missing_branches": 0}, "missing_lines": [27, 28], "excluded_lines": [], "executed_branches": [], "missing_branches": []}, "Config._load_config": {"executed_lines": [], "summary": {"covered_lines": 0, "num_statements": 22, "percent_covered": 0.0, "percent_covered_display": "0.00", "missing_lines": 22, "excluded_lines": 0, "num_branches": 0, "num_partial_branches": 0, "covered_branches": 0, "missing_branches": 0}, "missing_lines": [33, 34, 39, 40, 41, 44, 45, 48, 49, 50, 55, 58, 61, 64, 65, 68, 69, 74, 77, 80, 83, 84], "excluded_lines": [], "executed_branches": [], "missing_branches": []}, "Config.get": {"executed_lines": [], "summary": {"covered_lines": 0, "num_statements": 1, "percent_covered": 0.0, "percent_covered_display": "0.00", "missing_lines": 1, "excluded_lines": 0, "num_branches": 0, "num_partial_branches": 0, "covered_branches": 0, "missing_branches": 0}, "missing_lines": [97], "excluded_lines": [], "executed_branches": [], "missing_branches": []}, "Config.set": {"executed_lines": [], "summary": {"covered_lines": 0, "num_statements": 1, "percent_covered": 0.0, "percent_covered_display": "0.00", "missing_lines": 1, "excluded_lines": 0, "num_branches": 0, "num_partial_branches": 0, "covered_branches": 0, "missing_branches": 0}, "missing_lines": [107], "excluded_lines": [], "executed_branches": [], "missing_branches": []}, "Config.get_db_path": {"executed_lines": [], "summary": {"covered_lines": 0, "num_statements": 7, "percent_covered": 0.0, "percent_covered_display": "0.00", "missing_lines": 7, "excluded_lines": 0, "num_branches": 2, "num_partial_branches": 0, "covered_branches": 0, "missing_branches": 2}, "missing_lines": [119, 120, 121, 122, 123, 124, 127], "excluded_lines": [], "executed_branches": [], "missing_branches": [[120, 121], [120, 127]]}, "Config.get_log_level": {"executed_lines": [], "summary": {"covered_lines": 0, "num_statements": 5, "percent_covered": 0.0, "percent_covered_display": "0.00", "missing_lines": 5, "excluded_lines": 0, "num_branches": 2, "num_partial_branches": 0, "covered_branches": 0, "missing_branches": 2}, "missing_lines": [139, 140, 141, 142, 145], "excluded_lines": [], "executed_branches": [], "missing_branches": [[141, 142], [141, 145]]}, "Config.validate": {"executed_lines": [], "summary": {"covered_lines": 0, "num_statements": 11, "percent_covered": 0.0, "percent_covered_display": "0.00", "missing_lines": 11, "excluded_lines": 0, "num_branches": 6, "num_partial_branches": 0, "covered_branches": 0, "missing_branches": 6}, "missing_lines": [155, 156, 157, 160, 161, 162, 165, 166, 167, 172, 175], "excluded_lines": [], "executed_branches": [], "missing_branches": [[156, 157], [156, 160], [161, 162], [161, 165], [166, 167], [166, 172]]}, "Config.to_dict": {"executed_lines": [], "summary": {"covered_lines": 0, "num_statements": 1, "percent_covered": 0.0, "percent_covered_display": "0.00", "missing_lines": 1, "excluded_lines": 0, "num_branches": 0, "num_partial_branches": 0, "covered_branches": 0, "missing_branches": 0}, "missing_lines": [184], "excluded_lines": [], "executed_branches": [], "missing_branches": []}, "Config.__getitem__": {"executed_lines": [], "summary": {"covered_lines": 0, "num_statements": 1, "percent_covered": 0.0, "percent_covered_display": "0.00", "missing_lines": 1, "excluded_lines": 0, "num_branches": 0, "num_partial_branches": 0, "covered_branches": 0, "missing_branches": 0}, "missing_lines": [188], "excluded_lines": [], "executed_branches": [], "missing_branches": []}, "Config.__setitem__": {"executed_lines": [], "summary": {"covered_lines": 0, "num_statements": 1, "percent_covered": 0.0, "percent_covered_display": "0.00", "missing_lines": 1, "excluded_lines": 0, "num_branches": 0, "num_partial_branches": 0, "covered_branches": 0, "missing_branches": 0}, "missing_lines": [192], "excluded_lines": [], "executed_branches": [], "missing_branches": []}, "Config.__contains__": {"executed_lines": [], "summary": {"covered_lines": 0, "num_statements": 1, "percent_covered": 0.0, "percent_covered_display": "0.00", "missing_lines": 1, "excluded_lines": 0, "num_branches": 0, "num_partial_branches": 0, "covered_branches": 0, "missing_branches": 0}, "missing_lines": [196], "excluded_lines": [], "executed_branches": [], "missing_branches": []}, "": {"executed_lines": [], "summary": {"covered_lines": 0, "num_statements": 17, "percent_covered": 0.0, "percent_covered_display": "0.00", "missing_lines": 17, "excluded_lines": 0, "num_branches": 0, "num_partial_branches": 0, "covered_branches": 0, "missing_branches": 0}, "missing_lines": [10, 11, 12, 14, 17, 25, 30, 86, 99, 109, 129, 147, 177, 186, 190, 194, 200], "excluded_lines": [], "executed_branches": [], "missing_branches": []}}, "classes": {"Config": {"executed_lines": [], "summary": {"covered_lines": 0, "num_statements": 53, "percent_covered": 0.0, "percent_covered_display": "0.00", "missing_lines": 53, "excluded_lines": 0, "num_branches": 10, "num_partial_branches": 0, "covered_branches": 0, "missing_branches": 10}, "missing_lines": [27, 28, 33, 34, 39, 40, 41, 44, 45, 48, 49, 50, 55, 58, 61, 64, 65, 68, 69, 74, 77, 80, 83, 84, 97, 107, 119, 120, 121, 122, 123, 124, 127, 139, 140, 141, 142, 145, 155, 156, 157, 160, 161, 162, 165, 166, 167, 172, 175, 184, 188, 192, 196], "excluded_lines": [], "executed_branches": [], "missing_branches": [[120, 121], [120, 127], [141, 142], [141, 145], [156, 157], [156, 160], [161, 162], [161, 165], [166, 167], [166, 172]]}, "": {"executed_lines": [], "summary": {"covered_lines": 0, "num_statements": 17, "percent_covered": 0.0, "percent_covered_display": "0.00", "missing_lines": 17, "excluded_lines": 0, "num_branches": 0, "num_partial_branches": 0, "covered_branches": 0, "missing_branches": 0}, "missing_lines": [10, 11, 12, 14, 17, 25, 30, 86, 99, 109, 129, 147, 177, 186, 190, 194, 200], "excluded_lines": [], "executed_branches": [], "missing_branches": []}}}, "core/database.py": {"executed_lines": [], "summary": {"covered_lines": 0, "num_statements": 97, "percent_covered": 0.0, "percent_covered_display": "0.00", "missing_lines": 97, "excluded_lines": 0, "num_branches": 16, "num_partial_branches": 0, "covered_branches": 0, "missing_branches": 16}, "missing_lines": [10, 11, 12, 13, 14, 16, 18, 21, 29, 30, 32, 34, 35, 36, 37, 38, 39, 41, 43, 44, 46, 47, 48, 49, 52, 54, 56, 66, 67, 68, 69, 70, 73, 74, 75, 76, 77, 81, 83, 97, 98, 99, 100, 101, 102, 103, 104, 106, 120, 121, 122, 123, 124, 125, 126, 127, 128, 129, 131, 145, 146, 147, 148, 149, 150, 151, 152, 153, 154, 156, 171, 172, 173, 175, 176, 177, 178, 179, 180, 181, 182, 184, 194, 198, 199, 200, 201, 202, 204, 206, 207, 208, 209, 210, 211, 213, 215], "excluded_lines": [], "executed_branches": [], "missing_branches": [[34, 35], [34, 39], [36, 37], [36, 39], [43, 44], [43, 46], [66, 67], [66, 81], [68, 69], [68, 81], [172, 173], [172, 175], [206, -204], [206, 207], [208, -204], [208, 209]], "functions": {"DatabaseManager.__new__": {"executed_lines": [], "summary": {"covered_lines": 0, "num_statements": 6, "percent_covered": 0.0, "percent_covered_display": "0.00", "missing_lines": 6, "excluded_lines": 0, "num_branches": 4, "num_partial_branches": 0, "covered_branches": 0, "missing_branches": 4}, "missing_lines": [34, 35, 36, 37, 38, 39], "excluded_lines": [], "executed_branches": [], "missing_branches": [[34, 35], [34, 39], [36, 37], [36, 39]]}, "DatabaseManager.__init__": {"executed_lines": [], "summary": {"covered_lines": 0, "num_statements": 8, "percent_covered": 0.0, "percent_covered_display": "0.00", "missing_lines": 8, "excluded_lines": 0, "num_branches": 2, "num_partial_branches": 0, "covered_branches": 0, "missing_branches": 2}, "missing_lines": [43, 44, 46, 47, 48, 49, 52, 54], "excluded_lines": [], "executed_branches": [], "missing_branches": [[43, 44], [43, 46]]}, "DatabaseManager.get_connection": {"executed_lines": [], "summary": {"covered_lines": 0, "num_statements": 11, "percent_covered": 0.0, "percent_covered_display": "0.00", "missing_lines": 11, "excluded_lines": 0, "num_branches": 4, "num_partial_branches": 0, "covered_branches": 0, "missing_branches": 4}, "missing_lines": [66, 67, 68, 69, 70, 73, 74, 75, 76, 77, 81], "excluded_lines": [], "executed_branches": [], "missing_branches": [[66, 67], [66, 81], [68, 69], [68, 81]]}, "DatabaseManager.execute_query": {"executed_lines": [], "summary": {"covered_lines": 0, "num_statements": 8, "percent_covered": 0.0, "percent_covered_display": "0.00", "missing_lines": 8, "excluded_lines": 0, "num_branches": 0, "num_partial_branches": 0, "covered_branches": 0, "missing_branches": 0}, "missing_lines": [97, 98, 99, 100, 101, 102, 103, 104], "excluded_lines": [], "executed_branches": [], "missing_branches": []}, "DatabaseManager.execute_update": {"executed_lines": [], "summary": {"covered_lines": 0, "num_statements": 10, "percent_covered": 0.0, "percent_covered_display": "0.00", "missing_lines": 10, "excluded_lines": 0, "num_branches": 0, "num_partial_branches": 0, "covered_branches": 0, "missing_branches": 0}, "missing_lines": [120, 121, 122, 123, 124, 125, 126, 127, 128, 129], "excluded_lines": [], "executed_branches": [], "missing_branches": []}, "DatabaseManager.execute_many": {"executed_lines": [], "summary": {"covered_lines": 0, "num_statements": 10, "percent_covered": 0.0, "percent_covered_display": "0.00", "missing_lines": 10, "excluded_lines": 0, "num_branches": 0, "num_partial_branches": 0, "covered_branches": 0, "missing_branches": 0}, "missing_lines": [145, 146, 147, 148, 149, 150, 151, 152, 153, 154], "excluded_lines": [], "executed_branches": [], "missing_branches": []}, "DatabaseManager.get_count": {"executed_lines": [], "summary": {"covered_lines": 0, "num_statements": 11, "percent_covered": 0.0, "percent_covered_display": "0.00", "missing_lines": 11, "excluded_lines": 0, "num_branches": 2, "num_partial_branches": 0, "covered_branches": 0, "missing_branches": 2}, "missing_lines": [171, 172, 173, 175, 176, 177, 178, 179, 180, 181, 182], "excluded_lines": [], "executed_branches": [], "missing_branches": [[172, 173], [172, 175]]}, "DatabaseManager.table_exists": {"executed_lines": [], "summary": {"covered_lines": 0, "num_statements": 6, "percent_covered": 0.0, "percent_covered_display": "0.00", "missing_lines": 6, "excluded_lines": 0, "num_branches": 0, "num_partial_branches": 0, "covered_branches": 0, "missing_branches": 0}, "missing_lines": [194, 198, 199, 200, 201, 202], "excluded_lines": [], "executed_branches": [], "missing_branches": []}, "DatabaseManager.close": {"executed_lines": [], "summary": {"covered_lines": 0, "num_statements": 6, "percent_covered": 0.0, "percent_covered_display": "0.00", "missing_lines": 6, "excluded_lines": 0, "num_branches": 4, "num_partial_branches": 0, "covered_branches": 0, "missing_branches": 4}, "missing_lines": [206, 207, 208, 209, 210, 211], "excluded_lines": [], "executed_branches": [], "missing_branches": [[206, -204], [206, 207], [208, -204], [208, 209]]}, "DatabaseManager.__del__": {"executed_lines": [], "summary": {"covered_lines": 0, "num_statements": 1, "percent_covered": 0.0, "percent_covered_display": "0.00", "missing_lines": 1, "excluded_lines": 0, "num_branches": 0, "num_partial_branches": 0, "covered_branches": 0, "missing_branches": 0}, "missing_lines": [215], "excluded_lines": [], "executed_branches": [], "missing_branches": []}, "": {"executed_lines": [], "summary": {"covered_lines": 0, "num_statements": 20, "percent_covered": 0.0, "percent_covered_display": "0.00", "missing_lines": 20, "excluded_lines": 0, "num_branches": 0, "num_partial_branches": 0, "covered_branches": 0, "missing_branches": 0}, "missing_lines": [10, 11, 12, 13, 14, 16, 18, 21, 29, 30, 32, 41, 56, 83, 106, 131, 156, 184, 204, 213], "excluded_lines": [], "executed_branches": [], "missing_branches": []}}, "classes": {"DatabaseManager": {"executed_lines": [], "summary": {"covered_lines": 0, "num_statements": 77, "percent_covered": 0.0, "percent_covered_display": "0.00", "missing_lines": 77, "excluded_lines": 0, "num_branches": 16, "num_partial_branches": 0, "covered_branches": 0, "missing_branches": 16}, "missing_lines": [34, 35, 36, 37, 38, 39, 43, 44, 46, 47, 48, 49, 52, 54, 66, 67, 68, 69, 70, 73, 74, 75, 76, 77, 81, 97, 98, 99, 100, 101, 102, 103, 104, 120, 121, 122, 123, 124, 125, 126, 127, 128, 129, 145, 146, 147, 148, 149, 150, 151, 152, 153, 154, 171, 172, 173, 175, 176, 177, 178, 179, 180, 181, 182, 194, 198, 199, 200, 201, 202, 206, 207, 208, 209, 210, 211, 215], "excluded_lines": [], "executed_branches": [], "missing_branches": [[34, 35], [34, 39], [36, 37], [36, 39], [43, 44], [43, 46], [66, 67], [66, 81], [68, 69], [68, 81], [172, 173], [172, 175], [206, -204], [206, 207], [208, -204], [208, 209]]}, "": {"executed_lines": [], "summary": {"covered_lines": 0, "num_statements": 20, "percent_covered": 0.0, "percent_covered_display": "0.00", "missing_lines": 20, "excluded_lines": 0, "num_branches": 0, "num_partial_branches": 0, "covered_branches": 0, "missing_branches": 0}, "missing_lines": [10, 11, 12, 13, 14, 16, 18, 21, 29, 30, 32, 41, 56, 83, 106, 131, 156, 184, 204, 213], "excluded_lines": [], "executed_branches": [], "missing_branches": []}}}, "core/exceptions.py": {"executed_lines": [], "summary": {"covered_lines": 0, "num_statements": 29, "percent_covered": 0.0, "percent_covered_display": "0.00", "missing_lines": 29, "excluded_lines": 0, "num_branches": 0, "num_partial_branches": 0, "covered_branches": 0, "missing_branches": 0}, "missing_lines": [11, 19, 27, 28, 29, 32, 40, 41, 44, 52, 60, 61, 64, 72, 80, 81, 84, 92, 93, 96, 104, 105, 108, 116, 124, 125, 128, 136, 137], "excluded_lines": [], "executed_branches": [], "missing_branches": [], "functions": {"ARIABaseException.__init__": {"executed_lines": [], "summary": {"covered_lines": 0, "num_statements": 3, "percent_covered": 0.0, "percent_covered_display": "0.00", "missing_lines": 3, "excluded_lines": 0, "num_branches": 0, "num_partial_branches": 0, "covered_branches": 0, "missing_branches": 0}, "missing_lines": [27, 28, 29], "excluded_lines": [], "executed_branches": [], "missing_branches": []}, "DatabaseError.__init__": {"executed_lines": [], "summary": {"covered_lines": 0, "num_statements": 1, "percent_covered": 0.0, "percent_covered_display": "0.00", "missing_lines": 1, "excluded_lines": 0, "num_branches": 0, "num_partial_branches": 0, "covered_branches": 0, "missing_branches": 0}, "missing_lines": [41], "excluded_lines": [], "executed_branches": [], "missing_branches": []}, "APIError.__init__": {"executed_lines": [], "summary": {"covered_lines": 0, "num_statements": 2, "percent_covered": 0.0, "percent_covered_display": "0.00", "missing_lines": 2, "excluded_lines": 0, "num_branches": 0, "num_partial_branches": 0, "covered_branches": 0, "missing_branches": 0}, "missing_lines": [60, 61], "excluded_lines": [], "executed_branches": [], "missing_branches": []}, "ValidationError.__init__": {"executed_lines": [], "summary": {"covered_lines": 0, "num_statements": 2, "percent_covered": 0.0, "percent_covered_display": "0.00", "missing_lines": 2, "excluded_lines": 0, "num_branches": 0, "num_partial_branches": 0, "covered_branches": 0, "missing_branches": 0}, "missing_lines": [80, 81], "excluded_lines": [], "executed_branches": [], "missing_branches": []}, "ConfigurationError.__init__": {"executed_lines": [], "summary": {"covered_lines": 0, "num_statements": 1, "percent_covered": 0.0, "percent_covered_display": "0.00", "missing_lines": 1, "excluded_lines": 0, "num_branches": 0, "num_partial_branches": 0, "covered_branches": 0, "missing_branches": 0}, "missing_lines": [93], "excluded_lines": [], "executed_branches": [], "missing_branches": []}, "CacheError.__init__": {"executed_lines": [], "summary": {"covered_lines": 0, "num_statements": 1, "percent_covered": 0.0, "percent_covered_display": "0.00", "missing_lines": 1, "excluded_lines": 0, "num_branches": 0, "num_partial_branches": 0, "covered_branches": 0, "missing_branches": 0}, "missing_lines": [105], "excluded_lines": [], "executed_branches": [], "missing_branches": []}, "HealthConnectorError.__init__": {"executed_lines": [], "summary": {"covered_lines": 0, "num_statements": 2, "percent_covered": 0.0, "percent_covered_display": "0.00", "missing_lines": 2, "excluded_lines": 0, "num_branches": 0, "num_partial_branches": 0, "covered_branches": 0, "missing_branches": 0}, "missing_lines": [124, 125], "excluded_lines": [], "executed_branches": [], "missing_branches": []}, "MetricsError.__init__": {"executed_lines": [], "summary": {"covered_lines": 0, "num_statements": 1, "percent_covered": 0.0, "percent_covered_display": "0.00", "missing_lines": 1, "excluded_lines": 0, "num_branches": 0, "num_partial_branches": 0, "covered_branches": 0, "missing_branches": 0}, "missing_lines": [137], "excluded_lines": [], "executed_branches": [], "missing_branches": []}, "": {"executed_lines": [], "summary": {"covered_lines": 0, "num_statements": 16, "percent_covered": 0.0, "percent_covered_display": "0.00", "missing_lines": 16, "excluded_lines": 0, "num_branches": 0, "num_partial_branches": 0, "covered_branches": 0, "missing_branches": 0}, "missing_lines": [11, 19, 32, 40, 44, 52, 64, 72, 84, 92, 96, 104, 108, 116, 128, 136], "excluded_lines": [], "executed_branches": [], "missing_branches": []}}, "classes": {"ARIABaseException": {"executed_lines": [], "summary": {"covered_lines": 0, "num_statements": 3, "percent_covered": 0.0, "percent_covered_display": "0.00", "missing_lines": 3, "excluded_lines": 0, "num_branches": 0, "num_partial_branches": 0, "covered_branches": 0, "missing_branches": 0}, "missing_lines": [27, 28, 29], "excluded_lines": [], "executed_branches": [], "missing_branches": []}, "DatabaseError": {"executed_lines": [], "summary": {"covered_lines": 0, "num_statements": 1, "percent_covered": 0.0, "percent_covered_display": "0.00", "missing_lines": 1, "excluded_lines": 0, "num_branches": 0, "num_partial_branches": 0, "covered_branches": 0, "missing_branches": 0}, "missing_lines": [41], "excluded_lines": [], "executed_branches": [], "missing_branches": []}, "APIError": {"executed_lines": [], "summary": {"covered_lines": 0, "num_statements": 2, "percent_covered": 0.0, "percent_covered_display": "0.00", "missing_lines": 2, "excluded_lines": 0, "num_branches": 0, "num_partial_branches": 0, "covered_branches": 0, "missing_branches": 0}, "missing_lines": [60, 61], "excluded_lines": [], "executed_branches": [], "missing_branches": []}, "ValidationError": {"executed_lines": [], "summary": {"covered_lines": 0, "num_statements": 2, "percent_covered": 0.0, "percent_covered_display": "0.00", "missing_lines": 2, "excluded_lines": 0, "num_branches": 0, "num_partial_branches": 0, "covered_branches": 0, "missing_branches": 0}, "missing_lines": [80, 81], "excluded_lines": [], "executed_branches": [], "missing_branches": []}, "ConfigurationError": {"executed_lines": [], "summary": {"covered_lines": 0, "num_statements": 1, "percent_covered": 0.0, "percent_covered_display": "0.00", "missing_lines": 1, "excluded_lines": 0, "num_branches": 0, "num_partial_branches": 0, "covered_branches": 0, "missing_branches": 0}, "missing_lines": [93], "excluded_lines": [], "executed_branches": [], "missing_branches": []}, "CacheError": {"executed_lines": [], "summary": {"covered_lines": 0, "num_statements": 1, "percent_covered": 0.0, "percent_covered_display": "0.00", "missing_lines": 1, "excluded_lines": 0, "num_branches": 0, "num_partial_branches": 0, "covered_branches": 0, "missing_branches": 0}, "missing_lines": [105], "excluded_lines": [], "executed_branches": [], "missing_branches": []}, "HealthConnectorError": {"executed_lines": [], "summary": {"covered_lines": 0, "num_statements": 2, "percent_covered": 0.0, "percent_covered_display": "0.00", "missing_lines": 2, "excluded_lines": 0, "num_branches": 0, "num_partial_branches": 0, "covered_branches": 0, "missing_branches": 0}, "missing_lines": [124, 125], "excluded_lines": [], "executed_branches": [], "missing_branches": []}, "MetricsError": {"executed_lines": [], "summary": {"covered_lines": 0, "num_statements": 1, "percent_covered": 0.0, "percent_covered_display": "0.00", "missing_lines": 1, "excluded_lines": 0, "num_branches": 0, "num_partial_branches": 0, "covered_branches": 0, "missing_branches": 0}, "missing_lines": [137], "excluded_lines": [], "executed_branches": [], "missing_branches": []}, "": {"executed_lines": [], "summary": {"covered_lines": 0, "num_statements": 16, "percent_covered": 0.0, "percent_covered_display": "0.00", "missing_lines": 16, "excluded_lines": 0, "num_branches": 0, "num_partial_branches": 0, "covered_branches": 0, "missing_branches": 0}, "missing_lines": [11, 19, 32, 40, 44, 52, 64, 72, 84, 92, 96, 104, 108, 116, 128, 136], "excluded_lines": [], "executed_branches": [], "missing_branches": []}}}, "core/logging.py": {"executed_lines": [], "summary": {"covered_lines": 0, "num_statements": 91, "percent_covered": 0.0, "percent_covered_display": "0.00", "missing_lines": 91, "excluded_lines": 0, "num_branches": 28, "num_partial_branches": 0, "covered_branches": 0, "missing_branches": 28}, "missing_lines": [10, 11, 12, 13, 15, 16, 19, 36, 37, 38, 41, 42, 43, 46, 47, 50, 65, 68, 69, 72, 75, 76, 79, 80, 83, 84, 87, 88, 91, 92, 95, 96, 99, 109, 110, 112, 115, 123, 124, 125, 128, 137, 140, 141, 142, 143, 144, 145, 147, 149, 150, 151, 152, 154, 157, 166, 168, 169, 170, 171, 173, 176, 184, 186, 187, 188, 189, 191, 194, 206, 209, 210, 211, 212, 214, 217, 218, 219, 220, 222, 224, 225, 228, 240, 242, 243, 244, 245, 248, 249, 251], "excluded_lines": [], "executed_branches": [], "missing_branches": [[42, 43], [42, 46], [109, 110], [109, 112], [140, 141], [140, 142], [142, 143], [142, 144], [144, 145], [144, 147], [151, 152], [151, 154], [170, 171], [170, 173], [188, 189], [188, 191], [209, 210], [209, 211], [211, 212], [211, 214], [217, 218], [217, 219], [219, 220], [219, 222], [243, 244], [243, 245], [248, 249], [248, 251]], "functions": {"setup_logging": {"executed_lines": [], "summary": {"covered_lines": 0, "num_statements": 12, "percent_covered": 0.0, "percent_covered_display": "0.00", "missing_lines": 12, "excluded_lines": 0, "num_branches": 2, "num_partial_branches": 0, "covered_branches": 0, "missing_branches": 2}, "missing_lines": [36, 37, 38, 41, 42, 43, 46, 47, 50, 65, 68, 69], "excluded_lines": [], "executed_branches": [], "missing_branches": [[42, 43], [42, 46]]}, "_configure_aria_loggers": {"executed_lines": [], "summary": {"covered_lines": 0, "num_statements": 12, "percent_covered": 0.0, "percent_covered_display": "0.00", "missing_lines": 12, "excluded_lines": 0, "num_branches": 0, "num_partial_branches": 0, "covered_branches": 0, "missing_branches": 0}, "missing_lines": [75, 76, 79, 80, 83, 84, 87, 88, 91, 92, 95, 96], "excluded_lines": [], "executed_branches": [], "missing_branches": []}, "get_logger": {"executed_lines": [], "summary": {"covered_lines": 0, "num_statements": 3, "percent_covered": 0.0, "percent_covered_display": "0.00", "missing_lines": 3, "excluded_lines": 0, "num_branches": 2, "num_partial_branches": 0, "covered_branches": 0, "missing_branches": 2}, "missing_lines": [109, 110, 112], "excluded_lines": [], "executed_branches": [], "missing_branches": [[109, 110], [109, 112]]}, "log_function_call": {"executed_lines": [], "summary": {"covered_lines": 0, "num_statements": 3, "percent_covered": 0.0, "percent_covered_display": "0.00", "missing_lines": 3, "excluded_lines": 0, "num_branches": 0, "num_partial_branches": 0, "covered_branches": 0, "missing_branches": 0}, "missing_lines": [123, 124, 125], "excluded_lines": [], "executed_branches": [], "missing_branches": []}, "log_performance": {"executed_lines": [], "summary": {"covered_lines": 0, "num_statements": 13, "percent_covered": 0.0, "percent_covered_display": "0.00", "missing_lines": 13, "excluded_lines": 0, "num_branches": 8, "num_partial_branches": 0, "covered_branches": 0, "missing_branches": 8}, "missing_lines": [137, 140, 141, 142, 143, 144, 145, 147, 149, 150, 151, 152, 154], "excluded_lines": [], "executed_branches": [], "missing_branches": [[140, 141], [140, 142], [142, 143], [142, 144], [144, 145], [144, 147], [151, 152], [151, 154]]}, "log_error": {"executed_lines": [], "summary": {"covered_lines": 0, "num_statements": 6, "percent_covered": 0.0, "percent_covered_display": "0.00", "missing_lines": 6, "excluded_lines": 0, "num_branches": 2, "num_partial_branches": 0, "covered_branches": 0, "missing_branches": 2}, "missing_lines": [166, 168, 169, 170, 171, 173], "excluded_lines": [], "executed_branches": [], "missing_branches": [[170, 171], [170, 173]]}, "log_security": {"executed_lines": [], "summary": {"covered_lines": 0, "num_statements": 6, "percent_covered": 0.0, "percent_covered_display": "0.00", "missing_lines": 6, "excluded_lines": 0, "num_branches": 2, "num_partial_branches": 0, "covered_branches": 0, "missing_branches": 2}, "missing_lines": [184, 186, 187, 188, 189, 191], "excluded_lines": [], "executed_branches": [], "missing_branches": [[188, 189], [188, 191]]}, "log_api_request": {"executed_lines": [], "summary": {"covered_lines": 0, "num_statements": 13, "percent_covered": 0.0, "percent_covered_display": "0.00", "missing_lines": 13, "excluded_lines": 0, "num_branches": 8, "num_partial_branches": 0, "covered_branches": 0, "missing_branches": 8}, "missing_lines": [206, 209, 210, 211, 212, 214, 217, 218, 219, 220, 222, 224, 225], "excluded_lines": [], "executed_branches": [], "missing_branches": [[209, 210], [209, 211], [211, 212], [211, 214], [217, 218], [217, 219], [219, 220], [219, 222]]}, "log_database_operation": {"executed_lines": [], "summary": {"covered_lines": 0, "num_statements": 8, "percent_covered": 0.0, "percent_covered_display": "0.00", "missing_lines": 8, "excluded_lines": 0, "num_branches": 4, "num_partial_branches": 0, "covered_branches": 0, "missing_branches": 4}, "missing_lines": [240, 242, 243, 244, 245, 248, 249, 251], "excluded_lines": [], "executed_branches": [], "missing_branches": [[243, 244], [243, 245], [248, 249], [248, 251]]}, "": {"executed_lines": [], "summary": {"covered_lines": 0, "num_statements": 15, "percent_covered": 0.0, "percent_covered_display": "0.00", "missing_lines": 15, "excluded_lines": 0, "num_branches": 0, "num_partial_branches": 0, "covered_branches": 0, "missing_branches": 0}, "missing_lines": [10, 11, 12, 13, 15, 16, 19, 72, 99, 115, 128, 157, 176, 194, 228], "excluded_lines": [], "executed_branches": [], "missing_branches": []}}, "classes": {"": {"executed_lines": [], "summary": {"covered_lines": 0, "num_statements": 91, "percent_covered": 0.0, "percent_covered_display": "0.00", "missing_lines": 91, "excluded_lines": 0, "num_branches": 28, "num_partial_branches": 0, "covered_branches": 0, "missing_branches": 28}, "missing_lines": [10, 11, 12, 13, 15, 16, 19, 36, 37, 38, 41, 42, 43, 46, 47, 50, 65, 68, 69, 72, 75, 76, 79, 80, 83, 84, 87, 88, 91, 92, 95, 96, 99, 109, 110, 112, 115, 123, 124, 125, 128, 137, 140, 141, 142, 143, 144, 145, 147, 149, 150, 151, 152, 154, 157, 166, 168, 169, 170, 171, 173, 176, 184, 186, 187, 188, 189, 191, 194, 206, 209, 210, 211, 212, 214, 217, 218, 219, 220, 222, 224, 225, 228, 240, 242, 243, 244, 245, 248, 249, 251], "excluded_lines": [], "executed_branches": [], "missing_branches": [[42, 43], [42, 46], [109, 110], [109, 112], [140, 141], [140, 142], [142, 143], [142, 144], [144, 145], [144, 147], [151, 152], [151, 154], [170, 171], [170, 173], [188, 189], [188, 191], [209, 210], [209, 211], [211, 212], [211, 214], [217, 218], [217, 219], [219, 220], [219, 222], [243, 244], [243, 245], [248, 249], [248, 251]]}}}, "devops_automation/__init__.py": {"executed_lines": [2, 17, 18, 19, 20, 22, 23, 24, 25, 26, 28], "summary": {"covered_lines": 10, "num_statements": 10, "percent_covered": 100.0, "percent_covered_display": "100.00", "missing_lines": 0, "excluded_lines": 0, "num_branches": 0, "num_partial_branches": 0, "covered_branches": 0, "missing_branches": 0}, "missing_lines": [], "excluded_lines": [], "executed_branches": [], "missing_branches": [], "functions": {"": {"executed_lines": [2, 17, 18, 19, 20, 22, 23, 24, 25, 26, 28], "summary": {"covered_lines": 10, "num_statements": 10, "percent_covered": 100.0, "percent_covered_display": "100.00", "missing_lines": 0, "excluded_lines": 0, "num_branches": 0, "num_partial_branches": 0, "covered_branches": 0, "missing_branches": 0}, "missing_lines": [], "excluded_lines": [], "executed_branches": [], "missing_branches": []}}, "classes": {"": {"executed_lines": [2, 17, 18, 19, 20, 22, 23, 24, 25, 26, 28], "summary": {"covered_lines": 10, "num_statements": 10, "percent_covered": 100.0, "percent_covered_display": "100.00", "missing_lines": 0, "excluded_lines": 0, "num_branches": 0, "num_partial_branches": 0, "covered_branches": 0, "missing_branches": 0}, "missing_lines": [], "excluded_lines": [], "executed_branches": [], "missing_branches": []}}}, "devops_automation/api.py": {"executed_lines": [3, 15, 16, 18, 19, 21, 22, 23, 24, 25, 28, 29, 40, 47, 48, 49, 50, 51, 52, 54, 55, 57, 61, 62, 87, 88, 114, 115, 126, 127, 138, 139, 151, 152, 169, 170, 184, 185, 200, 201, 214, 215, 235, 236, 259, 260, 280, 281, 293, 294, 305, 306, 321, 322, 333, 334, 346, 347, 370, 371, 409, 413, 415, 418, 421, 422, 430, 432, 435, 436, 438, 441, 442, 444, 455, 459, 460, 473, 524], "summary": {"covered_lines": 77, "num_statements": 214, "percent_covered": 34.78260869565217, "percent_covered_display": "34.78", "missing_lines": 137, "excluded_lines": 0, "num_branches": 16, "num_partial_branches": 3, "covered_branches": 3, "missing_branches": 13}, "missing_lines": [64, 65, 66, 67, 69, 70, 72, 76, 82, 83, 90, 91, 92, 93, 95, 96, 98, 102, 109, 110, 117, 118, 119, 123, 124, 129, 130, 131, 135, 136, 141, 142, 143, 144, 145, 146, 154, 155, 156, 158, 160, 166, 167, 172, 173, 174, 178, 179, 187, 188, 189, 191, 193, 197, 198, 203, 204, 205, 209, 210, 217, 219, 220, 221, 223, 224, 228, 229, 230, 238, 239, 240, 241, 243, 244, 248, 250, 254, 255, 262, 263, 264, 265, 267, 271, 275, 276, 283, 284, 285, 289, 290, 296, 297, 298, 302, 303, 308, 309, 312, 316, 317, 324, 325, 326, 330, 331, 336, 337, 340, 341, 342, 349, 350, 351, 352, 354, 358, 364, 365, 373, 374, 404, 405, 411, 437, 453, 461, 462, 463, 464, 465, 467, 468, 469, 470, 471], "excluded_lines": [], "executed_branches": [[436, 438], [442, 444], [460, 473]], "missing_branches": [[69, 70], [69, 72], [95, 96], [95, 98], [220, 221], [220, 223], [243, 244], [243, 248], [436, 437], [442, 453], [460, 461], [461, 462], [461, 467]], "functions": {"ARIA_DevOpsAPI.__init__": {"executed_lines": [47, 48, 49, 50, 51, 52, 54, 55], "summary": {"covered_lines": 8, "num_statements": 8, "percent_covered": 100.0, "percent_covered_display": "100.00", "missing_lines": 0, "excluded_lines": 0, "num_branches": 0, "num_partial_branches": 0, "covered_branches": 0, "missing_branches": 0}, "missing_lines": [], "excluded_lines": [], "executed_branches": [], "missing_branches": []}, "ARIA_DevOpsAPI._setup_routes": {"executed_lines": [61, 62, 87, 88, 114, 115, 126, 127, 138, 139, 151, 152, 169, 170, 184, 185, 200, 201, 214, 215, 235, 236, 259, 260, 280, 281, 293, 294, 305, 306, 321, 322, 333, 334, 346, 347, 370, 371], "summary": {"covered_lines": 38, "num_statements": 38, "percent_covered": 100.0, "percent_covered_display": "100.00", "missing_lines": 0, "excluded_lines": 0, "num_branches": 0, "num_partial_branches": 0, "covered_branches": 0, "missing_branches": 0}, "missing_lines": [], "excluded_lines": [], "executed_branches": [], "missing_branches": []}, "ARIA_DevOpsAPI._setup_routes.validate_command": {"executed_lines": [], "summary": {"covered_lines": 0, "num_statements": 10, "percent_covered": 0.0, "percent_covered_display": "0.00", "missing_lines": 10, "excluded_lines": 0, "num_branches": 2, "num_partial_branches": 0, "covered_branches": 0, "missing_branches": 2}, "missing_lines": [64, 65, 66, 67, 69, 70, 72, 76, 82, 83], "excluded_lines": [], "executed_branches": [], "missing_branches": [[69, 70], [69, 72]]}, "ARIA_DevOpsAPI._setup_routes.execute_command": {"executed_lines": [], "summary": {"covered_lines": 0, "num_statements": 10, "percent_covered": 0.0, "percent_covered_display": "0.00", "missing_lines": 10, "excluded_lines": 0, "num_branches": 2, "num_partial_branches": 0, "covered_branches": 0, "missing_branches": 2}, "missing_lines": [90, 91, 92, 93, 95, 96, 98, 102, 109, 110], "excluded_lines": [], "executed_branches": [], "missing_branches": [[95, 96], [95, 98]]}, "ARIA_DevOpsAPI._setup_routes.audit_file": {"executed_lines": [], "summary": {"covered_lines": 0, "num_statements": 5, "percent_covered": 0.0, "percent_covered_display": "0.00", "missing_lines": 5, "excluded_lines": 0, "num_branches": 0, "num_partial_branches": 0, "covered_branches": 0, "missing_branches": 0}, "missing_lines": [117, 118, 119, 123, 124], "excluded_lines": [], "executed_branches": [], "missing_branches": []}, "ARIA_DevOpsAPI._setup_routes.get_security_report": {"executed_lines": [], "summary": {"covered_lines": 0, "num_statements": 5, "percent_covered": 0.0, "percent_covered_display": "0.00", "missing_lines": 5, "excluded_lines": 0, "num_branches": 0, "num_partial_branches": 0, "covered_branches": 0, "missing_branches": 0}, "missing_lines": [129, 130, 131, 135, 136], "excluded_lines": [], "executed_branches": [], "missing_branches": []}, "ARIA_DevOpsAPI._setup_routes.get_security_dashboard": {"executed_lines": [], "summary": {"covered_lines": 0, "num_statements": 6, "percent_covered": 0.0, "percent_covered_display": "0.00", "missing_lines": 6, "excluded_lines": 0, "num_branches": 0, "num_partial_branches": 0, "covered_branches": 0, "missing_branches": 0}, "missing_lines": [141, 142, 143, 144, 145, 146], "excluded_lines": [], "executed_branches": [], "missing_branches": []}, "ARIA_DevOpsAPI._setup_routes.setup_cicd": {"executed_lines": [], "summary": {"covered_lines": 0, "num_statements": 7, "percent_covered": 0.0, "percent_covered_display": "0.00", "missing_lines": 7, "excluded_lines": 0, "num_branches": 0, "num_partial_branches": 0, "covered_branches": 0, "missing_branches": 0}, "missing_lines": [154, 155, 156, 158, 160, 166, 167], "excluded_lines": [], "executed_branches": [], "missing_branches": []}, "ARIA_DevOpsAPI._setup_routes.get_cicd_status": {"executed_lines": [], "summary": {"covered_lines": 0, "num_statements": 5, "percent_covered": 0.0, "percent_covered_display": "0.00", "missing_lines": 5, "excluded_lines": 0, "num_branches": 0, "num_partial_branches": 0, "covered_branches": 0, "missing_branches": 0}, "missing_lines": [172, 173, 174, 178, 179], "excluded_lines": [], "executed_branches": [], "missing_branches": []}, "ARIA_DevOpsAPI._setup_routes.run_quality_check": {"executed_lines": [], "summary": {"covered_lines": 0, "num_statements": 7, "percent_covered": 0.0, "percent_covered_display": "0.00", "missing_lines": 7, "excluded_lines": 0, "num_branches": 0, "num_partial_branches": 0, "covered_branches": 0, "missing_branches": 0}, "missing_lines": [187, 188, 189, 191, 193, 197, 198], "excluded_lines": [], "executed_branches": [], "missing_branches": []}, "ARIA_DevOpsAPI._setup_routes.get_quality_history": {"executed_lines": [], "summary": {"covered_lines": 0, "num_statements": 5, "percent_covered": 0.0, "percent_covered_display": "0.00", "missing_lines": 5, "excluded_lines": 0, "num_branches": 0, "num_partial_branches": 0, "covered_branches": 0, "missing_branches": 0}, "missing_lines": [203, 204, 205, 209, 210], "excluded_lines": [], "executed_branches": [], "missing_branches": []}, "ARIA_DevOpsAPI._setup_routes.get_quality_dashboard": {"executed_lines": [], "summary": {"covered_lines": 0, "num_statements": 9, "percent_covered": 0.0, "percent_covered_display": "0.00", "missing_lines": 9, "excluded_lines": 0, "num_branches": 2, "num_partial_branches": 0, "covered_branches": 0, "missing_branches": 2}, "missing_lines": [217, 219, 220, 221, 223, 224, 228, 229, 230], "excluded_lines": [], "executed_branches": [], "missing_branches": [[220, 221], [220, 223]]}, "ARIA_DevOpsAPI._setup_routes.deploy": {"executed_lines": [], "summary": {"covered_lines": 0, "num_statements": 10, "percent_covered": 0.0, "percent_covered_display": "0.00", "missing_lines": 10, "excluded_lines": 0, "num_branches": 2, "num_partial_branches": 0, "covered_branches": 0, "missing_branches": 2}, "missing_lines": [238, 239, 240, 241, 243, 244, 248, 250, 254, 255], "excluded_lines": [], "executed_branches": [], "missing_branches": [[243, 244], [243, 248]]}, "ARIA_DevOpsAPI._setup_routes.rollback": {"executed_lines": [], "summary": {"covered_lines": 0, "num_statements": 8, "percent_covered": 0.0, "percent_covered_display": "0.00", "missing_lines": 8, "excluded_lines": 0, "num_branches": 0, "num_partial_branches": 0, "covered_branches": 0, "missing_branches": 0}, "missing_lines": [262, 263, 264, 265, 267, 271, 275, 276], "excluded_lines": [], "executed_branches": [], "missing_branches": []}, "ARIA_DevOpsAPI._setup_routes.get_deployment_status": {"executed_lines": [], "summary": {"covered_lines": 0, "num_statements": 5, "percent_covered": 0.0, "percent_covered_display": "0.00", "missing_lines": 5, "excluded_lines": 0, "num_branches": 0, "num_partial_branches": 0, "covered_branches": 0, "missing_branches": 0}, "missing_lines": [283, 284, 285, 289, 290], "excluded_lines": [], "executed_branches": [], "missing_branches": []}, "ARIA_DevOpsAPI._setup_routes.get_health_status": {"executed_lines": [], "summary": {"covered_lines": 0, "num_statements": 5, "percent_covered": 0.0, "percent_covered_display": "0.00", "missing_lines": 5, "excluded_lines": 0, "num_branches": 0, "num_partial_branches": 0, "covered_branches": 0, "missing_branches": 0}, "missing_lines": [296, 297, 298, 302, 303], "excluded_lines": [], "executed_branches": [], "missing_branches": []}, "ARIA_DevOpsAPI._setup_routes.get_performance_summary": {"executed_lines": [], "summary": {"covered_lines": 0, "num_statements": 5, "percent_covered": 0.0, "percent_covered_display": "0.00", "missing_lines": 5, "excluded_lines": 0, "num_branches": 0, "num_partial_branches": 0, "covered_branches": 0, "missing_branches": 0}, "missing_lines": [308, 309, 312, 316, 317], "excluded_lines": [], "executed_branches": [], "missing_branches": []}, "ARIA_DevOpsAPI._setup_routes.get_alerts_summary": {"executed_lines": [], "summary": {"covered_lines": 0, "num_statements": 5, "percent_covered": 0.0, "percent_covered_display": "0.00", "missing_lines": 5, "excluded_lines": 0, "num_branches": 0, "num_partial_branches": 0, "covered_branches": 0, "missing_branches": 0}, "missing_lines": [324, 325, 326, 330, 331], "excluded_lines": [], "executed_branches": [], "missing_branches": []}, "ARIA_DevOpsAPI._setup_routes.get_monitoring_dashboard": {"executed_lines": [], "summary": {"covered_lines": 0, "num_statements": 5, "percent_covered": 0.0, "percent_covered_display": "0.00", "missing_lines": 5, "excluded_lines": 0, "num_branches": 0, "num_partial_branches": 0, "covered_branches": 0, "missing_branches": 0}, "missing_lines": [336, 337, 340, 341, 342], "excluded_lines": [], "executed_branches": [], "missing_branches": []}, "ARIA_DevOpsAPI._setup_routes.export_monitoring_data": {"executed_lines": [], "summary": {"covered_lines": 0, "num_statements": 8, "percent_covered": 0.0, "percent_covered_display": "0.00", "missing_lines": 8, "excluded_lines": 0, "num_branches": 0, "num_partial_branches": 0, "covered_branches": 0, "missing_branches": 0}, "missing_lines": [349, 350, 351, 352, 354, 358, 364, 365], "excluded_lines": [], "executed_branches": [], "missing_branches": []}, "ARIA_DevOpsAPI._setup_routes.get_devops_status": {"executed_lines": [], "summary": {"covered_lines": 0, "num_statements": 4, "percent_covered": 0.0, "percent_covered_display": "0.00", "missing_lines": 4, "excluded_lines": 0, "num_branches": 0, "num_partial_branches": 0, "covered_branches": 0, "missing_branches": 0}, "missing_lines": [373, 374, 404, 405], "excluded_lines": [], "executed_branches": [], "missing_branches": []}, "ARIA_DevOpsAPI.get_router": {"executed_lines": [], "summary": {"covered_lines": 0, "num_statements": 1, "percent_covered": 0.0, "percent_covered_display": "0.00", "missing_lines": 1, "excluded_lines": 0, "num_branches": 0, "num_partial_branches": 0, "covered_branches": 0, "missing_branches": 0}, "missing_lines": [411], "excluded_lines": [], "executed_branches": [], "missing_branches": []}, "ARIA_DevOpsAPI.integrate_with_app": {"executed_lines": [415], "summary": {"covered_lines": 1, "num_statements": 1, "percent_covered": 100.0, "percent_covered_display": "100.00", "missing_lines": 0, "excluded_lines": 0, "num_branches": 0, "num_partial_branches": 0, "covered_branches": 0, "missing_branches": 0}, "missing_lines": [], "excluded_lines": [], "executed_branches": [], "missing_branches": []}, "ARIA_DevOpsAPI.generate_security_dashboard_html": {"executed_lines": [421, 430, 432, 435, 436, 438, 441, 442, 444, 455, 459, 460, 473, 524], "summary": {"covered_lines": 14, "num_statements": 26, "percent_covered": 50.0, "percent_covered_display": "50.00", "missing_lines": 12, "excluded_lines": 0, "num_branches": 8, "num_partial_branches": 3, "covered_branches": 3, "missing_branches": 5}, "missing_lines": [437, 453, 461, 462, 463, 464, 465, 467, 468, 469, 470, 471], "excluded_lines": [], "executed_branches": [[436, 438], [442, 444], [460, 473]], "missing_branches": [[436, 437], [442, 453], [460, 461], [461, 462], [461, 467]]}, "ARIA_DevOpsAPI.generate_security_dashboard_html.esc": {"executed_lines": [422], "summary": {"covered_lines": 1, "num_statements": 1, "percent_covered": 100.0, "percent_covered_display": "100.00", "missing_lines": 0, "excluded_lines": 0, "num_branches": 0, "num_partial_branches": 0, "covered_branches": 0, "missing_branches": 0}, "missing_lines": [], "excluded_lines": [], "executed_branches": [], "missing_branches": []}, "": {"executed_lines": [3, 15, 16, 18, 19, 21, 22, 23, 24, 25, 28, 29, 40, 57, 409, 413, 418], "summary": {"covered_lines": 15, "num_statements": 15, "percent_covered": 100.0, "percent_covered_display": "100.00", "missing_lines": 0, "excluded_lines": 0, "num_branches": 0, "num_partial_branches": 0, "covered_branches": 0, "missing_branches": 0}, "missing_lines": [], "excluded_lines": [], "executed_branches": [], "missing_branches": []}}, "classes": {"ARIA_DevOpsAPI": {"executed_lines": [47, 48, 49, 50, 51, 52, 54, 55, 61, 62, 87, 88, 114, 115, 126, 127, 138, 139, 151, 152, 169, 170, 184, 185, 200, 201, 214, 215, 235, 236, 259, 260, 280, 281, 293, 294, 305, 306, 321, 322, 333, 334, 346, 347, 370, 371, 415, 421, 422, 430, 432, 435, 436, 438, 441, 442, 444, 455, 459, 460, 473, 524], "summary": {"covered_lines": 62, "num_statements": 199, "percent_covered": 30.232558139534884, "percent_covered_display": "30.23", "missing_lines": 137, "excluded_lines": 0, "num_branches": 16, "num_partial_branches": 3, "covered_branches": 3, "missing_branches": 13}, "missing_lines": [64, 65, 66, 67, 69, 70, 72, 76, 82, 83, 90, 91, 92, 93, 95, 96, 98, 102, 109, 110, 117, 118, 119, 123, 124, 129, 130, 131, 135, 136, 141, 142, 143, 144, 145, 146, 154, 155, 156, 158, 160, 166, 167, 172, 173, 174, 178, 179, 187, 188, 189, 191, 193, 197, 198, 203, 204, 205, 209, 210, 217, 219, 220, 221, 223, 224, 228, 229, 230, 238, 239, 240, 241, 243, 244, 248, 250, 254, 255, 262, 263, 264, 265, 267, 271, 275, 276, 283, 284, 285, 289, 290, 296, 297, 298, 302, 303, 308, 309, 312, 316, 317, 324, 325, 326, 330, 331, 336, 337, 340, 341, 342, 349, 350, 351, 352, 354, 358, 364, 365, 373, 374, 404, 405, 411, 437, 453, 461, 462, 463, 464, 465, 467, 468, 469, 470, 471], "excluded_lines": [], "executed_branches": [[436, 438], [442, 444], [460, 473]], "missing_branches": [[69, 70], [69, 72], [95, 96], [95, 98], [220, 221], [220, 223], [243, 244], [243, 248], [436, 437], [442, 453], [460, 461], [461, 462], [461, 467]]}, "": {"executed_lines": [3, 15, 16, 18, 19, 21, 22, 23, 24, 25, 28, 29, 40, 57, 409, 413, 418], "summary": {"covered_lines": 15, "num_statements": 15, "percent_covered": 100.0, "percent_covered_display": "100.00", "missing_lines": 0, "excluded_lines": 0, "num_branches": 0, "num_partial_branches": 0, "covered_branches": 0, "missing_branches": 0}, "missing_lines": [], "excluded_lines": [], "executed_branches": [], "missing_branches": []}}}, "devops_automation/cicd/__init__.py": {"executed_lines": [2, 10, 12], "summary": {"covered_lines": 2, "num_statements": 2, "percent_covered": 100.0, "percent_covered_display": "100.00", "missing_lines": 0, "excluded_lines": 0, "num_branches": 0, "num_partial_branches": 0, "covered_branches": 0, "missing_branches": 0}, "missing_lines": [], "excluded_lines": [], "executed_branches": [], "missing_branches": [], "functions": {"": {"executed_lines": [2, 10, 12], "summary": {"covered_lines": 2, "num_statements": 2, "percent_covered": 100.0, "percent_covered_display": "100.00", "missing_lines": 0, "excluded_lines": 0, "num_branches": 0, "num_partial_branches": 0, "covered_branches": 0, "missing_branches": 0}, "missing_lines": [], "excluded_lines": [], "executed_branches": [], "missing_branches": []}}, "classes": {"": {"executed_lines": [2, 10, 12], "summary": {"covered_lines": 2, "num_statements": 2, "percent_covered": 100.0, "percent_covered_display": "100.00", "missing_lines": 0, "excluded_lines": 0, "num_branches": 0, "num_partial_branches": 0, "covered_branches": 0, "missing_branches": 0}, "missing_lines": [], "excluded_lines": [], "executed_branches": [], "missing_branches": []}}}, "devops_automation/cicd/aria_cicd_manager.py": {"executed_lines": [2, 14, 15, 16, 17, 18, 20, 22, 25, 26, 37, 44, 45, 46, 47, 49, 59, 62, 74, 77, 86, 88, 89, 91, 93, 96, 197, 220, 255, 257, 259, 306, 344, 350, 352, 386, 388, 405, 407, 432, 435, 436, 439, 440, 441, 442, 445, 446, 447, 449, 450, 451, 454, 455, 456, 459, 460, 461, 464, 465, 466, 468, 478, 480, 488, 490, 491, 492, 493, 494, 502, 503, 504, 505, 506, 514, 515, 516, 517, 518, 526, 527, 528, 529, 530, 538, 539, 547, 549, 551, 553, 555, 559, 561, 563, 567, 569, 571, 575, 577, 579, 586, 588], "summary": {"covered_lines": 101, "num_statements": 133, "percent_covered": 69.81132075471699, "percent_covered_display": "69.81", "missing_lines": 32, "excluded_lines": 0, "num_branches": 26, "num_partial_branches": 8, "covered_branches": 10, "missing_branches": 16}, "missing_lines": [495, 496, 497, 498, 499, 507, 508, 509, 510, 511, 519, 520, 521, 522, 523, 531, 532, 533, 534, 535, 541, 542, 543, 544, 556, 557, 564, 565, 572, 573, 583, 584], "excluded_lines": [], "executed_branches": [[439, 440], [439, 445], [491, 492], [494, 502], [503, 504], [506, 514], [515, 516], [518, 526], [527, 528], [530, 538]], "missing_branches": [[491, 493], [494, 495], [496, 497], [496, 498], [503, 505], [506, 507], [508, 509], [508, 510], [515, 517], [518, 519], [520, 521], [520, 522], [527, 529], [530, 531], [532, 533], [532, 534]], "functions": {"ARIA_CICDManager.__init__": {"executed_lines": [44, 45, 46, 47], "summary": {"covered_lines": 4, "num_statements": 4, "percent_covered": 100.0, "percent_covered_display": "100.00", "missing_lines": 0, "excluded_lines": 0, "num_branches": 0, "num_partial_branches": 0, "covered_branches": 0, "missing_branches": 0}, "missing_lines": [], "excluded_lines": [], "executed_branches": [], "missing_branches": []}, "ARIA_CICDManager.setup_cicd": {"executed_lines": [59, 62, 74, 77, 86, 88, 89], "summary": {"covered_lines": 7, "num_statements": 7, "percent_covered": 100.0, "percent_covered_display": "100.00", "missing_lines": 0, "excluded_lines": 0, "num_branches": 0, "num_partial_branches": 0, "covered_branches": 0, "missing_branches": 0}, "missing_lines": [], "excluded_lines": [], "executed_branches": [], "missing_branches": []}, "ARIA_CICDManager._generate_github_actions": {"executed_lines": [93, 96, 197, 220, 255], "summary": {"covered_lines": 5, "num_statements": 5, "percent_covered": 100.0, "percent_covered_display": "100.00", "missing_lines": 0, "excluded_lines": 0, "num_branches": 0, "num_partial_branches": 0, "covered_branches": 0, "missing_branches": 0}, "missing_lines": [], "excluded_lines": [], "executed_branches": [], "missing_branches": []}, "ARIA_CICDManager._generate_docker_config": {"executed_lines": [259, 306, 344], "summary": {"covered_lines": 3, "num_statements": 3, "percent_covered": 100.0, "percent_covered_display": "100.00", "missing_lines": 0, "excluded_lines": 0, "num_branches": 0, "num_partial_branches": 0, "covered_branches": 0, "missing_branches": 0}, "missing_lines": [], "excluded_lines": [], "executed_branches": [], "missing_branches": []}, "ARIA_CICDManager._generate_nginx_config": {"executed_lines": [352], "summary": {"covered_lines": 1, "num_statements": 1, "percent_covered": 100.0, "percent_covered_display": "100.00", "missing_lines": 0, "excluded_lines": 0, "num_branches": 0, "num_partial_branches": 0, "covered_branches": 0, "missing_branches": 0}, "missing_lines": [], "excluded_lines": [], "executed_branches": [], "missing_branches": []}, "ARIA_CICDManager._generate_deployment_config": {"executed_lines": [388], "summary": {"covered_lines": 1, "num_statements": 1, "percent_covered": 100.0, "percent_covered_display": "100.00", "missing_lines": 0, "excluded_lines": 0, "num_branches": 0, "num_partial_branches": 0, "covered_branches": 0, "missing_branches": 0}, "missing_lines": [], "excluded_lines": [], "executed_branches": [], "missing_branches": []}, "ARIA_CICDManager._generate_monitoring_config": {"executed_lines": [407], "summary": {"covered_lines": 1, "num_statements": 1, "percent_covered": 100.0, "percent_covered_display": "100.00", "missing_lines": 0, "excluded_lines": 0, "num_branches": 0, "num_partial_branches": 0, "covered_branches": 0, "missing_branches": 0}, "missing_lines": [], "excluded_lines": [], "executed_branches": [], "missing_branches": []}, "ARIA_CICDManager._save_cicd_configs": {"executed_lines": [435, 436, 439, 440, 441, 442, 445, 446, 447, 449, 450, 451, 454, 455, 456, 459, 460, 461, 464, 465, 466], "summary": {"covered_lines": 21, "num_statements": 21, "percent_covered": 100.0, "percent_covered_display": "100.00", "missing_lines": 0, "excluded_lines": 0, "num_branches": 2, "num_partial_branches": 0, "covered_branches": 2, "missing_branches": 0}, "missing_lines": [], "excluded_lines": [], "executed_branches": [[439, 440], [439, 445]], "missing_branches": []}, "ARIA_CICDManager.deploy": {"executed_lines": [478, 480, 488, 490, 491, 492, 493, 494, 502, 503, 504, 505, 506, 514, 515, 516, 517, 518, 526, 527, 528, 529, 530, 538, 539, 547, 549], "summary": {"covered_lines": 27, "num_statements": 51, "percent_covered": 46.666666666666664, "percent_covered_display": "46.67", "missing_lines": 24, "excluded_lines": 0, "num_branches": 24, "num_partial_branches": 8, "covered_branches": 8, "missing_branches": 16}, "missing_lines": [495, 496, 497, 498, 499, 507, 508, 509, 510, 511, 519, 520, 521, 522, 523, 531, 532, 533, 534, 535, 541, 542, 543, 544], "excluded_lines": [], "executed_branches": [[491, 492], [494, 502], [503, 504], [506, 514], [515, 516], [518, 526], [527, 528], [530, 538]], "missing_branches": [[491, 493], [494, 495], [496, 497], [496, 498], [503, 505], [506, 507], [508, 509], [508, 510], [515, 517], [518, 519], [520, 521], [520, 522], [527, 529], [530, 531], [532, 533], [532, 534]]}, "ARIA_CICDManager._run_security_check": {"executed_lines": [553, 555], "summary": {"covered_lines": 2, "num_statements": 4, "percent_covered": 50.0, "percent_covered_display": "50.00", "missing_lines": 2, "excluded_lines": 0, "num_branches": 0, "num_partial_branches": 0, "covered_branches": 0, "missing_branches": 0}, "missing_lines": [556, 557], "excluded_lines": [], "executed_branches": [], "missing_branches": []}, "ARIA_CICDManager._run_tests": {"executed_lines": [561, 563], "summary": {"covered_lines": 2, "num_statements": 4, "percent_covered": 50.0, "percent_covered_display": "50.00", "missing_lines": 2, "excluded_lines": 0, "num_branches": 0, "num_partial_branches": 0, "covered_branches": 0, "missing_branches": 0}, "missing_lines": [564, 565], "excluded_lines": [], "executed_branches": [], "missing_branches": []}, "ARIA_CICDManager._build_docker_image": {"executed_lines": [569, 571], "summary": {"covered_lines": 2, "num_statements": 4, "percent_covered": 50.0, "percent_covered_display": "50.00", "missing_lines": 2, "excluded_lines": 0, "num_branches": 0, "num_partial_branches": 0, "covered_branches": 0, "missing_branches": 0}, "missing_lines": [572, 573], "excluded_lines": [], "executed_branches": [], "missing_branches": []}, "ARIA_CICDManager._deploy_to_environment": {"executed_lines": [577, 579], "summary": {"covered_lines": 2, "num_statements": 4, "percent_covered": 50.0, "percent_covered_display": "50.00", "missing_lines": 2, "excluded_lines": 0, "num_branches": 0, "num_partial_branches": 0, "covered_branches": 0, "missing_branches": 0}, "missing_lines": [583, 584], "excluded_lines": [], "executed_branches": [], "missing_branches": []}, "ARIA_CICDManager.get_deployment_status": {"executed_lines": [588], "summary": {"covered_lines": 1, "num_statements": 1, "percent_covered": 100.0, "percent_covered_display": "100.00", "missing_lines": 0, "excluded_lines": 0, "num_branches": 0, "num_partial_branches": 0, "covered_branches": 0, "missing_branches": 0}, "missing_lines": [], "excluded_lines": [], "executed_branches": [], "missing_branches": []}, "": {"executed_lines": [2, 14, 15, 16, 17, 18, 20, 22, 25, 26, 37, 49, 91, 257, 350, 386, 405, 432, 468, 551, 559, 567, 575, 586], "summary": {"covered_lines": 22, "num_statements": 22, "percent_covered": 100.0, "percent_covered_display": "100.00", "missing_lines": 0, "excluded_lines": 0, "num_branches": 0, "num_partial_branches": 0, "covered_branches": 0, "missing_branches": 0}, "missing_lines": [], "excluded_lines": [], "executed_branches": [], "missing_branches": []}}, "classes": {"ARIA_CICDManager": {"executed_lines": [44, 45, 46, 47, 59, 62, 74, 77, 86, 88, 89, 93, 96, 197, 220, 255, 259, 306, 344, 352, 388, 407, 435, 436, 439, 440, 441, 442, 445, 446, 447, 449, 450, 451, 454, 455, 456, 459, 460, 461, 464, 465, 466, 478, 480, 488, 490, 491, 492, 493, 494, 502, 503, 504, 505, 506, 514, 515, 516, 517, 518, 526, 527, 528, 529, 530, 538, 539, 547, 549, 553, 555, 561, 563, 569, 571, 577, 579, 588], "summary": {"covered_lines": 79, "num_statements": 111, "percent_covered": 64.96350364963503, "percent_covered_display": "64.96", "missing_lines": 32, "excluded_lines": 0, "num_branches": 26, "num_partial_branches": 8, "covered_branches": 10, "missing_branches": 16}, "missing_lines": [495, 496, 497, 498, 499, 507, 508, 509, 510, 511, 519, 520, 521, 522, 523, 531, 532, 533, 534, 535, 541, 542, 543, 544, 556, 557, 564, 565, 572, 573, 583, 584], "excluded_lines": [], "executed_branches": [[439, 440], [439, 445], [491, 492], [494, 502], [503, 504], [506, 514], [515, 516], [518, 526], [527, 528], [530, 538]], "missing_branches": [[491, 493], [494, 495], [496, 497], [496, 498], [503, 505], [506, 507], [508, 509], [508, 510], [515, 517], [518, 519], [520, 521], [520, 522], [527, 529], [530, 531], [532, 533], [532, 534]]}, "": {"executed_lines": [2, 14, 15, 16, 17, 18, 20, 22, 25, 26, 37, 49, 91, 257, 350, 386, 405, 432, 468, 551, 559, 567, 575, 586], "summary": {"covered_lines": 22, "num_statements": 22, "percent_covered": 100.0, "percent_covered_display": "100.00", "missing_lines": 0, "excluded_lines": 0, "num_branches": 0, "num_partial_branches": 0, "covered_branches": 0, "missing_branches": 0}, "missing_lines": [], "excluded_lines": [], "executed_branches": [], "missing_branches": []}}}, "devops_automation/deployment/__init__.py": {"executed_lines": [2, 10, 12], "summary": {"covered_lines": 2, "num_statements": 2, "percent_covered": 100.0, "percent_covered_display": "100.00", "missing_lines": 0, "excluded_lines": 0, "num_branches": 0, "num_partial_branches": 0, "covered_branches": 0, "missing_branches": 0}, "missing_lines": [], "excluded_lines": [], "executed_branches": [], "missing_branches": [], "functions": {"": {"executed_lines": [2, 10, 12], "summary": {"covered_lines": 2, "num_statements": 2, "percent_covered": 100.0, "percent_covered_display": "100.00", "missing_lines": 0, "excluded_lines": 0, "num_branches": 0, "num_partial_branches": 0, "covered_branches": 0, "missing_branches": 0}, "missing_lines": [], "excluded_lines":
[...]
overed_branches": 0, "missing_branches": 0}, "missing_lines": [], "excluded_lines": [], "executed_branches": [], "missing_branches": []}, "PainEvent": {"executed_lines": [], "summary": {"covered_lines": 0, "num_statements": 0, "percent_covered": 100.0, "percent_covered_display": "100.00", "missing_lines": 0, "excluded_lines": 0, "num_branches": 0, "num_partial_branches": 0, "covered_branches": 0, "missing_branches": 0}, "missing_lines": [], "excluded_lines": [], "executed_branches": [], "missing_branches": []}, "ARIAMLAnalyzer": {"executed_lines": [56, 57, 58, 59, 62, 63, 64, 66, 70, 71, 72, 75, 94, 109, 124, 125, 129, 130, 131, 132, 134, 154, 155, 157, 158, 159, 161, 162, 163, 167, 168, 169, 170, 173, 174, 183, 185, 186, 194, 195, 198, 199, 214, 215, 217, 225, 226, 227, 231, 233, 234, 237, 238, 239, 243, 258, 259, 260, 261, 262, 264, 265, 266, 281, 282, 304, 308, 310, 311, 314, 315, 323, 327, 328, 330, 331, 335, 337, 338, 341, 342, 343, 346, 349, 353, 354, 357, 359, 376, 377, 378, 384, 387, 388, 389, 392, 393, 399, 406, 411, 412, 413, 414, 415, 418, 422, 423, 431, 432, 433, 434, 436, 445, 446, 453, 460, 461, 466, 467, 481, 482, 483, 484, 487, 488, 490, 491, 493, 494, 497, 500, 502, 504], "summary": {"covered_lines": 133, "num_statements": 153, "percent_covered": 82.41206030150754, "percent_covered_display": "82.41", "missing_lines": 20, "excluded_lines": 0, "num_branches": 46, "num_partial_branches": 9, "covered_branches": 31, "missing_branches": 15}, "missing_lines": [283, 284, 285, 286, 287, 289, 290, 394, 397, 416, 424, 425, 427, 448, 449, 454, 473, 517, 518, 519], "excluded_lines": [], "executed_branches": [[185, 186], [185, 194], [198, 199], [198, 214], [233, 234], [233, 237], [238, 239], [239, 243], [239, 258], [259, 260], [261, 262], [261, 264], [265, 266], [282, 304], [310, 311], [310, 314], [314, 315], [314, 323], [327, 328], [327, 330], [393, 399], [411, 412], [411, 413], [413, 414], [413, 415], [415, 418], [422, 423], [453, 460], [460, 461], [460, 466], [466, 467]], "missing_branches": [[238, 258], [259, 281], [265, 281], [282, 283], [284, 285], [284, 304], [286, 287], [286, 289], [393, 394], [415, 416], [422, 424], [424, 425], [424, 427], [453, 454], [466, 473]]}, "": {"executed_lines": [3, 8, 9, 10, 11, 12, 13, 14, 15, 16, 19, 20, 23, 24, 26, 27, 28, 29, 30, 31, 32, 33, 36, 37, 38, 40, 41, 42, 43, 44, 45, 46, 47, 48, 51, 52, 54, 68, 127, 165, 229, 306, 325, 333, 380, 408, 420, 429, 451, 479, 522, 579], "summary": {"covered_lines": 47, "num_statements": 66, "percent_covered": 69.11764705882354, "percent_covered_display": "69.12", "missing_lines": 19, "excluded_lines": 2, "num_branches": 2, "num_partial_branches": 0, "covered_branches": 0, "missing_branches": 2}, "missing_lines": [524, 525, 528, 531, 532, 556, 557, 560, 561, 562, 563, 566, 567, 568, 569, 572, 573, 574, 576], "excluded_lines": [579, 580], "executed_branches": [], "missing_branches": [[556, 557], [556, 560]]}}}, "research_tools/__init__.py": {"executed_lines": [1, 6, 7], "summary": {"covered_lines": 2, "num_statements": 2, "percent_covered": 100.0, "percent_covered_display": "100.00", "missing_lines": 0, "excluded_lines": 0, "num_branches": 0, "num_partial_branches": 0, "covered_branches": 0, "missing_branches": 0}, "missing_lines": [], "excluded_lines": [], "executed_branches": [], "missing_branches": [], "functions": {"": {"executed_lines": [1, 6, 7], "summary": {"covered_lines": 2, "num_statements": 2, "percent_covered": 100.0, "percent_covered_display": "100.00", "missing_lines": 0, "excluded_lines": 0, "num_branches": 0, "num_partial_branches": 0, "covered_branches": 0, "missing_branches": 0}, "missing_lines": [], "excluded_lines": [], "executed_branches": [], "missing_branches": []}}, "classes": {"": {"executed_lines": [1, 6, 7], "summary": {"covered_lines": 2, "num_statements": 2, "percent_covered": 100.0, "percent_covered_display": "100.00", "missing_lines": 0, "excluded_lines": 0, "num_branches": 0, "num_partial_branches": 0, "covered_branches": 0, "missing_branches": 0}, "missing_lines": [], "excluded_lines": [], "executed_branches": [], "missing_branches": []}}}, "research_tools/api.py": {"executed_lines": [1, 6, 7, 9, 11, 14, 15, 30, 31, 40, 41], "summary": {"covered_lines": 10, "num_statements": 13, "percent_covered": 76.92307692307692, "percent_covered_display": "76.92", "missing_lines": 3, "excluded_lines": 0, "num_branches": 0, "num_partial_branches": 0, "covered_branches": 0, "missing_branches": 0}, "missing_lines": [17, 33, 43], "excluded_lines": [], "executed_branches": [], "missing_branches": [], "functions": {"research_tools_status": {"executed_lines": [], "summary": {"covered_lines": 0, "num_statements": 1, "percent_covered": 0.0, "percent_covered_display": "0.00", "missing_lines": 1, "excluded_lines": 0, "num_branches": 0, "num_partial_branches": 0, "covered_branches": 0, "missing_branches": 0}, "missing_lines": [17], "excluded_lines": [], "executed_branches": [], "missing_branches": []}, "list_experiments": {"executed_lines": [], "summary": {"covered_lines": 0, "num_statements": 1, "percent_covered": 0.0, "percent_covered_display": "0.00", "missing_lines": 1, "excluded_lines": 0, "num_branches": 0, "num_partial_branches": 0, "covered_branches": 0, "missing_branches": 0}, "missing_lines": [33], "excluded_lines": [], "executed_branches": [], "missing_branches": []}, "create_experiment": {"executed_lines": [], "summary": {"covered_lines": 0, "num_statements": 1, "percent_covered": 0.0, "percent_covered_display": "0.00", "missing_lines": 1, "excluded_lines": 0, "num_branches": 0, "num_partial_branches": 0, "covered_branches": 0, "missing_branches": 0}, "missing_lines": [43], "excluded_lines": [], "executed_branches": [], "missing_branches": []}, "": {"executed_lines": [1, 6, 7, 9, 11, 14, 15, 30, 31, 40, 41], "summary": {"covered_lines": 10, "num_statements": 10, "percent_covered": 100.0, "percent_covered_display": "100.00", "missing_lines": 0, "excluded_lines": 0, "num_branches": 0, "num_partial_branches": 0, "covered_branches": 0, "missing_branches": 0}, "missing_lines": [], "excluded_lines": [], "executed_branches": [], "missing_branches": []}}, "classes": {"": {"executed_lines": [1, 6, 7, 9, 11, 14, 15, 30, 31, 40, 41], "summary": {"covered_lines": 10, "num_statements": 13, "percent_covered": 76.92307692307692, "percent_covered_display": "76.92", "missing_lines": 3, "excluded_lines": 0, "num_branches": 0, "num_partial_branches": 0, "covered_branches": 0, "missing_branches": 0}, "missing_lines": [17, 33, 43], "excluded_lines": [], "executed_branches": [], "missing_branches": []}}}, "research_tools/data_collector.py": {"executed_lines": [3, 8, 9, 10, 11, 12, 13, 14, 17, 18, 21, 22, 24, 25, 26, 27, 28, 30, 32, 34, 35, 38, 57, 73, 86, 87, 89, 93, 94, 95, 97, 105, 108, 109, 111, 112, 114, 115, 116, 118, 120, 121, 122, 125, 140, 141, 155, 156, 171, 172, 186, 187, 189, 192, 198, 202, 203, 204, 207, 223, 224, 238, 239, 241, 244, 250, 252, 253, 256, 259, 262, 265, 267, 273, 275, 276, 277, 280, 283, 286, 287, 290, 293, 295, 297, 304, 305, 306, 308, 310, 312, 315, 318, 320, 331, 333, 335, 336, 337, 339, 347, 350, 351, 359, 361, 363, 370, 371, 372, 374, 376, 377, 378, 379, 380, 385, 387, 389, 390, 392, 393, 395, 397, 402, 404, 405, 407, 409, 410, 411, 413, 423, 424, 426, 431, 433, 434, 435, 437, 438, 439, 447, 448, 450, 451, 453, 455, 456, 457, 460, 470, 472, 473, 480, 483, 492, 494, 496, 511, 513, 516, 517, 518, 523, 524, 525, 526, 534, 535, 536, 537, 538, 540, 551, 567, 569, 571, 572, 573, 576, 577, 579, 580, 582, 583, 586, 588, 590, 604, 661], "summary": {"covered_lines": 187, "num_statements": 240, "percent_covered": 77.03703703703704, "percent_covered_display": "77.04", "missing_lines": 53, "excluded_lines": 2, "num_branches": 30, "num_partial_branches": 7, "covered_branches": 21, "missing_branches": 9}, "missing_lines": [194, 195, 196, 246, 247, 248, 269, 270, 271, 327, 328, 329, 381, 382, 383, 398, 399, 400, 428, 429, 507, 508, 509, 552, 553, 554, 555, 557, 599, 600, 601, 606, 607, 610, 613, 614, 620, 623, 624, 631, 634, 635, 641, 644, 645, 646, 649, 650, 651, 654, 655, 656, 658], "excluded_lines": [661, 662], "executed_branches": [[140, 141], [140, 155], [155, 156], [155, 171], [171, 172], [171, 186], [223, 224], [223, 238], [378, 379], [397, 402], [437, 438], [437, 447], [438, 439], [472, 473], [472, 480], [523, 524], [525, 526], [534, 535], [537, 538], [537, 540], [551, 567]], "missing_branches": [[378, 381], [397, 398], [438, 437], [523, 534], [525, 534], [534, 551], [551, 552], [554, 555], [554, 557]], "functions": {"ARIADataCollector.__init__": {"executed_lines": [25, 26, 27, 28, 30], "summary": {"covered_lines": 5, "num_statements": 5, "percent_covered": 100.0, "percent_covered_display": "100.00", "missing_lines": 0, "excluded_lines": 0, "num_branches": 0, "num_partial_branches": 0, "covered_branches": 0, "missing_branches": 0}, "missing_lines": [], "excluded_lines": [], "executed_branches": [], "missing_branches": []}, "ARIADataCollector._init_database": {"executed_lines": [34, 35, 38, 57, 73, 86, 87], "summary": {"covered_lines": 7, "num_statements": 7, "percent_covered": 100.0, "percent_covered_display": "100.00", "missing_lines": 0, "excluded_lines": 0, "num_branches": 0, "num_partial_branches": 0, "covered_branches": 0, "missing_branches": 0}, "missing_lines": [], "excluded_lines": [], "executed_branches": [], "missing_branches": []}, "ARIADataCollector.create_experiment": {"executed_lines": [93, 94, 95, 97, 105, 108, 109, 111, 112, 114, 115, 116], "summary": {"covered_lines": 12, "num_statements": 12, "percent_covered": 100.0, "percent_covered_display": "100.00", "missing_lines": 0, "excluded_lines": 0, "num_branches": 0, "num_partial_branches": 0, "covered_branches": 0, "missing_branches": 0}, "missing_lines": [], "excluded_lines": [], "executed_branches": [], "missing_branches": []}, "ARIADataCollector.collect_pain_data": {"executed_lines": [120, 121, 122, 125, 140, 141, 155, 156, 171, 172, 186, 187, 189, 192], "summary": {"covered_lines": 14, "num_statements": 17, "percent_covered": 86.95652173913044, "percent_covered_display": "86.96", "missing_lines": 3, "excluded_lines": 0, "num_branches": 6, "num_partial_branches": 0, "covered_branches": 6, "missing_branches": 0}, "missing_lines": [194, 195, 196], "excluded_lines": [], "executed_branches": [[140, 141], [140, 155], [155, 156], [155, 171], [171, 172], [171, 186]], "missing_branches": []}, "ARIADataCollector.collect_emotion_data": {"executed_lines": [202, 203, 204, 207, 223, 224, 238, 239, 241, 244], "summary": {"covered_lines": 10, "num_statements": 13, "percent_covered": 80.0, "percent_covered_display": "80.00", "missing_lines": 3, "excluded_lines": 0, "num_branches": 2, "num_partial_branches": 0, "covered_branches": 2, "missing_branches": 0}, "missing_lines": [246, 247, 248], "excluded_lines": [], "executed_branches": [[223, 224], [223, 238]], "missing_branches": []}, "ARIADataCollector.collect_system_metrics": {"executed_lines": [252, 253, 256, 259, 262, 265, 267], "summary": {"covered_lines": 7, "num_statements": 10, "percent_covered": 70.0, "percent_covered_display": "70.00", "missing_lines": 3, "excluded_lines": 0, "num_branches": 0, "num_partial_branches": 0, "covered_branches": 0, "missing_branches": 0}, "missing_lines": [269, 270, 271], "excluded_lines": [], "executed_branches": [], "missing_branches": []}, "ARIADataCollector._collect_database_metrics": {"executed_lines": [275, 276, 277, 280, 283, 286, 287, 290, 293, 295, 297, 304, 305, 306], "summary": {"covered_lines": 14, "num_statements": 14, "percent_covered": 100.0, "percent_covered_display": "100.00", "missing_lines": 0, "excluded_lines": 0, "num_branches": 0, "num_partial_branches": 0, "covered_branches": 0, "missing_branches": 0}, "missing_lines": [], "excluded_lines": [], "executed_branches": [], "missing_branches": []}, "ARIADataCollector._collect_performance_metrics": {"executed_lines": [310, 312, 315, 318, 320], "summary": {"covered_lines": 5, "num_statements": 8, "percent_covered": 62.5, "percent_covered_display": "62.50", "missing_lines": 3, "excluded_lines": 0, "num_branches": 0, "num_partial_branches": 0, "covered_branches": 0, "missing_branches": 0}, "missing_lines": [327, 328, 329], "excluded_lines": [], "executed_branches": [], "missing_branches": []}, "ARIADataCollector._collect_usage_metrics": {"executed_lines": [333, 335, 336, 337, 339, 347, 350, 351, 359, 361, 363, 370, 371, 372], "summary": {"covered_lines": 14, "num_statements": 14, "percent_covered": 100.0, "percent_covered_display": "100.00", "missing_lines": 0, "excluded_lines": 0, "num_branches": 0, "num_partial_branches": 0, "covered_branches": 0, "missing_branches": 0}, "missing_lines": [], "excluded_lines": [], "executed_branches": [], "missing_branches": []}, "ARIADataCollector._get_database_size": {"executed_lines": [376, 377, 378, 379, 380], "summary": {"covered_lines": 5, "num_statements": 8, "percent_covered": 60.0, "percent_covered_display": "60.00", "missing_lines": 3, "excluded_lines": 0, "num_branches": 2, "num_partial_branches": 1, "covered_branches": 1, "missing_branches": 1}, "missing_lines": [381, 382, 383], "excluded_lines": [], "executed_branches": [[378, 379]], "missing_branches": [[378, 381]]}, "ARIADataCollector._get_uptime_hours": {"executed_lines": [387, 389, 390, 392, 393, 395, 397, 402, 404, 405], "summary": {"covered_lines": 10, "num_statements": 13, "percent_covered": 73.33333333333333, "percent_covered_display": "73.33", "missing_lines": 3, "excluded_lines": 0, "num_branches": 2, "num_partial_branches": 1, "covered_branches": 1, "missing_branches": 1}, "missing_lines": [398, 399, 400], "excluded_lines": [], "executed_branches": [[397, 402]], "missing_branches": [[397, 398]]}, "ARIADataCollector._get_most_active_hour": {"executed_lines": [409, 410, 411, 413, 423, 424, 426], "summary": {"covered_lines": 7, "num_statements": 9, "percent_covered": 77.77777777777777, "percent_covered_display": "77.78", "missing_lines": 2, "excluded_lines": 0, "num_branches": 0, "num_partial_branches": 0, "covered_branches": 0, "missing_branches": 0}, "missing_lines": [428, 429], "excluded_lines": [], "executed_branches": [], "missing_branches": []}, "ARIADataCollector._save_system_metrics": {"executed_lines": [433, 434, 435, 437, 438, 439, 447, 448, 450, 451], "summary": {"covered_lines": 10, "num_statements": 10, "percent_covered": 92.85714285714286, "percent_covered_display": "92.86", "missing_lines": 0, "excluded_lines": 0, "num_branches": 4, "num_partial_branches": 1, "covered_branches": 3, "missing_branches": 1}, "missing_lines": [], "excluded_lines": [], "executed_branches": [[437, 438], [437, 447], [438, 439]], "missing_branches": [[438, 437]]}, "ARIADataCollector.analyze_experiment": {"executed_lines": [455, 456, 457, 460, 470, 472, 473, 480, 483, 492, 494, 496], "summary": {"covered_lines": 12, "num_statements": 15, "percent_covered": 82.3529411764706, "percent_covered_display": "82.35", "missing_lines": 3, "excluded_lines": 0, "num_branches": 2, "num_partial_branches": 0, "covered_branches": 2, "missing_branches": 0}, "missing_lines": [507, 508, 509], "excluded_lines": [], "executed_branches": [[472, 473], [472, 480]], "missing_branches": []}, "ARIADataCollector._analyze_data": {"executed_lines": [513, 516, 517, 518, 523, 524, 525, 526, 534, 535, 536, 537, 538, 540, 551, 567], "summary": {"covered_lines": 16, "num_statements": 21, "percent_covered": 66.66666666666667, "percent_covered_display": "66.67", "missing_lines": 5, "excluded_lines": 0, "num_branches": 12, "num_partial_branches": 4, "covered_branches": 6, "missing_branches": 6}, "missing_lines": [552, 553, 554, 555, 557], "excluded_lines": [], "executed_branches": [[523, 524], [525, 526], [534, 535], [537, 538], [537, 540], [551, 567]], "missing_branches": [[523, 534], [525, 534], [534, 551], [551, 552], [554, 555], [554, 557]]}, "ARIADataCollector.get_research_summary": {"executed_lines": [571, 572, 573, 576, 577, 579, 580, 582, 583, 586, 588, 590], "summary": {"covered_lines": 12, "num_statements": 15, "percent_covered": 80.0, "percent_covered_display": "80.00", "missing_lines": 3, "excluded_lines": 0, "num_branches": 0, "num_partial_branches": 0, "covered_branches": 0, "missing_branches": 0}, "missing_lines": [599, 600, 601], "excluded_lines": [], "executed_branches": [], "missing_branches": []}, "main": {"executed_lines": [], "summary": {"covered_lines": 0, "num_statements": 22, "percent_covered": 0.0, "percent_covered_display": "0.00", "missing_lines": 22, "excluded_lines": 0, "num_branches": 0, "num_partial_branches": 0, "covered_branches": 0, "missing_branches": 0}, "missing_lines": [606, 607, 610, 613, 614, 620, 623, 624, 631, 634, 635, 641, 644, 645, 646, 649, 650, 651, 654, 655, 656, 658], "excluded_lines": [], "executed_branches": [], "missing_branches": []}, "": {"executed_lines": [3, 8, 9, 10, 11, 12, 13, 14, 17, 18, 21, 22, 24, 32, 89, 118, 198, 250, 273, 308, 331, 374, 385, 407, 431, 453, 511, 569, 604, 661], "summary": {"covered_lines": 27, "num_statements": 27, "percent_covered": 100.0, "percent_covered_display": "100.00", "missing_lines": 0, "excluded_lines": 2, "num_branches": 0, "num_partial_branches": 0, "covered_branches": 0, "missing_branches": 0}, "missing_lines": [], "excluded_lines": [661, 662], "executed_branches": [], "missing_branches": []}}, "classes": {"ARIADataCollector": {"executed_lines": [25, 26, 27, 28, 30, 34, 35, 38, 57, 73, 86, 87, 93, 94, 95, 97, 105, 108, 109, 111, 112, 114, 115, 116, 120, 121, 122, 125, 140, 141, 155, 156, 171, 172, 186, 187, 189, 192, 202, 203, 204, 207, 223, 224, 238, 239, 241, 244, 252, 253, 256, 259, 262, 265, 267, 275, 276, 277, 280, 283, 286, 287, 290, 293, 295, 297, 304, 305, 306, 310, 312, 315, 318, 320, 333, 335, 336, 337, 339, 347, 350, 351, 359, 361, 363, 370, 371, 372, 376, 377, 378, 379, 380, 387, 389, 390, 392, 393, 395, 397, 402, 404, 405, 409, 410, 411, 413, 423, 424, 426, 433, 434, 435, 437, 438, 439, 447, 448, 450, 451, 455, 456, 457, 460, 470, 472, 473, 480, 483, 492, 494, 496, 513, 516, 517, 518, 523, 524, 525, 526, 534, 535, 536, 537, 538, 540, 551, 567, 571, 572, 573, 576, 577, 579, 580, 582, 583, 586, 588, 590], "summary": {"covered_lines": 160, "num_statements": 191, "percent_covered": 81.90045248868778, "percent_covered_display": "81.90", "missing_lines": 31, "excluded_lines": 0, "num_branches": 30, "num_partial_branches": 7, "covered_branches": 21, "missing_branches": 9}, "missing_lines": [194, 195, 196, 246, 247, 248, 269, 270, 271, 327, 328, 329, 381, 382, 383, 398, 399, 400, 428, 429, 507, 508, 509, 552, 553, 554, 555, 557, 599, 600, 601], "excluded_lines": [], "executed_branches": [[140, 141], [140, 155], [155, 156], [155, 171], [171, 172], [171, 186], [223, 224], [223, 238], [378, 379], [397, 402], [437, 438], [437, 447], [438, 439], [472, 473], [472, 480], [523, 524], [525, 526], [534, 535], [537, 538], [537, 540], [551, 567]], "missing_branches": [[378, 381], [397, 398], [438, 437], [523, 534], [525, 534], [534, 551], [551, 552], [554, 555], [554, 557]]}, "": {"executed_lines": [3, 8, 9, 10, 11, 12, 13, 14, 17, 18, 21, 22, 24, 32, 89, 118, 198, 250, 273, 308, 331, 374, 385, 407, 431, 453, 511, 569, 604, 661], "summary": {"covered_lines": 27, "num_statements": 49, "percent_covered": 55.10204081632653, "percent_covered_display": "55.10", "missing_lines": 22, "excluded_lines": 2, "num_branches": 0, "num_partial_branches": 0, "covered_branches": 0, "missing_branches": 0}, "missing_lines": [606, 607, 610, 613, 614, 620, 623, 624, 631, 634, 635, 641, 644, 645, 646, 649, 650, 651, 654, 655, 656, 658], "excluded_lines": [661, 662], "executed_branches": [], "missing_branches": []}}}}, "totals": {"covered_lines": 2534, "num_statements": 3979, "percent_covered": 60.705882352941174, "percent_covered_display": "60.71", "missing_lines": 1445, "excluded_lines": 89, "num_branches": 696, "num_partial_branches": 112, "covered_branches": 304, "missing_branches": 392}}