{"meta": {"format": 3, "version": "7.10.1", "timestamp": "2025-09-24T17:17:31.806431", "branch_coverage": true, "show_contexts": false}, "files": {"audio_voice/__init__.py": {"executed_lines": [2, 6], "summary": {"covered_lines": 1, "num_statements": 1, "percent_covered": 100.0, "percent_covered_display": "100.00", "missing_lines": 0, "excluded_lines": 0, "num_branches": 0, "num_partial_branches": 0, "covered_branches": 0, "missing_branches": 0}, "missing_lines": [], "excluded_lines": [], "executed_branches": [], "missing_branches": [], "functions": {"": {"executed_lines": [2, 6], "summary": {"covered_lines": 1, "num_statements": 1, "percent_covered": 100.0, "percent_covered_display": "100.00", "missing_lines": 0, "excluded_lines": 0, "num_branches": 0, "num_partial_branches": 0, "covered_branches": 0, "missing_branches": 0}, "missing_lines": [], "excluded_lines": [], "executed_branches": [], "missing_branches": []}}, "classes": {"": {"executed_lines": [2, 6], "summary": {"covered_lines": 1, "num_statements": 1, "percent_covered": 100.0, "percent_covered_display": "100.00", "missing_lines": 0, "excluded_lines": 0, "num_branches": 0, "num_partial_branches": 0, "covered_branches": 0, "missing_branches": 0}, "missing_lines": [], "excluded_lines": [], "executed_branches": [], "missing_branches": []}}}, "audio_voice/api.py": {"executed_lines": [2, 10, 12, 13, 14, 16, 17, 19, 22, 23, 24, 27, 28, 29, 32, 33, 34, 42, 43, 49, 50, 52, 60, 61, 63, 64, 70, 71, 72, 75, 76, 77, 79], "summary": {"covered_lines": 32, "num_statements": 35, "percent_covered": 89.1891891891892, "percent_covered_display": "89.19", "missing_lines": 3, "excluded_lines": 0, "num_branches": 2, "num_partial_branches": 1, "covered_branches": 1, "missing_branches": 1}, "missing_lines": [51, 65, 66], "excluded_lines": [], "executed_branches": [[50, 52]], "missing_branches": [[50, 51]], "functions": {"audio_status": {"executed_lines": [34], "summary": {"covered_lines": 1, "num_statements": 1, "percent_covered": 100.0, "percent_covered_display": "100.00", "missing_lines": 0, "excluded_lines": 0, "num_branches": 0, "num_partial_branches": 0, "covered_branches": 0, "missing_branches": 0}, "missing_lines": [], "excluded_lines": [], "executed_branches": [], "missing_branches": []}, "synthesize_speech": {"executed_lines": [49, 50, 52], "summary": {"covered_lines": 3, "num_statements": 4, "percent_covered": 66.66666666666667, "percent_covered_display": "66.67", "missing_lines": 1, "excluded_lines": 0, "num_branches": 2, "num_partial_branches": 1, "covered_branches": 1, "missing_branches": 1}, "missing_lines": [51], "excluded_lines": [], "executed_branches": [[50, 52]], "missing_branches": [[50, 51]]}, "save_audio_note": {"executed_lines": [63, 64, 70, 71, 72, 75, 76, 77, 79], "summary": {"covered_lines": 9, "num_statements": 11, "percent_covered": 81.81818181818181, "percent_covered_display": "81.82", "missing_lines": 2, "excluded_lines": 0, "num_branches": 0, "num_partial_branches": 0, "covered_branches": 0, "missing_branches": 0}, "missing_lines": [65, 66], "excluded_lines": [], "executed_branches": [], "missing_branches": []}, "": {"executed_lines": [2, 10, 12, 13, 14, 16, 17, 19, 22, 23, 24, 27, 28, 29, 32, 33, 42, 43, 60, 61], "summary": {"covered_lines": 19, "num_statements": 19, "percent_covered": 100.0, "percent_covered_display": "100.00", "missing_lines": 0, "excluded_lines": 0, "num_branches": 0, "num_partial_branches": 0, "covered_branches": 0, "missing_branches": 0}, "missing_lines": [], "excluded_lines": [], "executed_branches": [], "missing_branches": []}}, "classes": {"TTSRequest": {"executed_lines": [], "summary": {"covered_lines": 0, "num_statements": 0, "percent_covered": 100.0, "percent_covered_display": "100.00", "missing_lines": 0, "excluded_lines": 0, "num_branches": 0, "num_partial_branches": 0, "covered_branches": 0, "missing_branches": 0}, "missing_lines": [], "excluded_lines": [], "executed_branches": [], "missing_branches": []}, "AudioNoteRequest": {"executed_lines": [], "summary": {"covered_lines": 0, "num_statements": 0, "percent_covered": 100.0, "percent_covered_display": "100.00", "missing_lines": 0, "excluded_lines": 0, "num_branches": 0, "num_partial_branches": 0, "covered_branches": 0, "missing_branches": 0}, "missing_lines": [], "excluded_lines": [], "executed_branches": [], "missing_branches": []}, "": {"executed_lines": [2, 10, 12, 13, 14, 16, 17, 19, 22, 23, 24, 27, 28, 29, 32, 33, 34, 42, 43, 49, 50, 52, 60, 61, 63, 64, 70, 71, 72, 75, 76, 77, 79], "summary": {"covered_lines": 32, "num_statements": 35, "percent_covered": 89.1891891891892, "percent_covered_display": "89.19", "missing_lines": 3, "excluded_lines": 0, "num_branches": 2, "num_partial_branches": 1, "covered_branches": 1, "missing_branches": 1}, "missing_lines": [51, 65, 66], "excluded_lines": [], "executed_branches": [[50, 52]], "missing_branches": [[50, 51]]}}}, "cia_sync/__init__.py": {"executed_lines": [], "summary": {"covered_lines": 0, "num_statements": 2, "percent_covered": 0.0, "percent_covered_display": "0.00", "missing_lines": 2, "excluded_lines": 0, "num_branches": 0, "num_partial_branches": 0, "covered_branches": 0, "missing_branches": 0}, "missing_lines": [6, 7], "excluded_lines": [], "executed_branches": [], "missing_branches": [], "functions": {"": {"executed_lines": [], "summary": {"covered_lines": 0, "num_statements": 2, "percent_covered": 0.0, "percent_covered_display": "0.00", "missing_lines": 2, "excluded_lines": 0, "num_branches": 0, "num_partial_branches": 0, "covered_branches": 0, "missing_branches": 0}, "missing_lines": [6, 7], "excluded_lines": [], "executed_branches": [], "missing_branches": []}}, "classes": {"": {"executed_lines": [], "summary": {"covered_lines": 0, "num_statements": 2, "percent_covered": 0.0, "percent_covered_display": "0.00", "missing_lines": 2, "excluded_lines": 0, "num_branches": 0, "num_partial_branches": 0, "covered_branches": 0, "missing_branches": 0}, "missing_lines": [6, 7], "excluded_lines": [], "executed_branches": [], "missing_branches": []}}}, "cia_sync/api.py": {"executed_lines": [], "summary": {"covered_lines": 0, "num_statements": 85, "percent_covered": 0.0, "percent_covered_display": "0.00", "missing_lines": 85, "excluded_lines": 0, "num_branches": 26, "num_partial_branches": 0, "covered_branches": 0, "missing_branches": 26}, "missing_lines": [6, 7, 9, 10, 11, 13, 16, 17, 20, 23, 24, 25, 26, 27, 30, 32, 33, 34, 35, 36, 39, 41, 42, 43, 44, 45, 47, 48, 49, 52, 55, 56, 58, 60, 76, 77, 79, 81, 89, 90, 92, 93, 95, 97, 99, 100, 101, 102, 111, 112, 113, 114, 117, 118, 119, 120, 122, 128, 129, 134, 135, 137, 138, 141, 143, 144, 147, 155, 162, 167, 168, 170, 171, 173, 175, 177, 178, 181, 182, 186, 190, 191, 198, 201, 202], "excluded_lines": [], "executed_branches": [], "missing_branches": [[92, 93], [92, 95], [99, 100], [99, 111], [101, 102], [101, 111], [111, 112], [111, 117], [113, 114], [113, 117], [117, 118], [117, 122], [119, 120], [119, 122], [137, 138], [137, 141], [143, 144], [143, 162], [170, 171], [170, 173], [177, 178], [177, 181], [181, 182], [181, 186], [190, 191], [190, 198]], "functions": {"_check_cia_connection": {"executed_lines": [], "summary": {"covered_lines": 0, "num_statements": 5, "percent_covered": 0.0, "percent_covered_display": "0.00", "missing_lines": 5, "excluded_lines": 0, "num_branches": 0, "num_partial_branches": 0, "covered_branches": 0, "missing_branches": 0}, "missing_lines": [32, 33, 34, 35, 36], "excluded_lines": [], "executed_branches": [], "missing_branches": []}, "_make_cia_request": {"executed_lines": [], "summary": {"covered_lines": 0, "num_statements": 9, "percent_covered": 0.0, "percent_covered_display": "0.00", "missing_lines": 9, "excluded_lines": 0, "num_branches": 0, "num_partial_branches": 0, "covered_branches": 0, "missing_branches": 0}, "missing_lines": [41, 42, 43, 44, 45, 47, 48, 49, 52], "excluded_lines": [], "executed_branches": [], "missing_branches": []}, "cia_sync_status": {"executed_lines": [], "summary": {"covered_lines": 0, "num_statements": 2, "percent_covered": 0.0, "percent_covered_display": "0.00", "missing_lines": 2, "excluded_lines": 0, "num_branches": 0, "num_partial_branches": 0, "covered_branches": 0, "missing_branches": 0}, "missing_lines": [58, 60], "excluded_lines": [], "executed_branches": [], "missing_branches": []}, "check_cia_connection": {"executed_lines": [], "summary": {"covered_lines": 0, "num_statements": 2, "percent_covered": 0.0, "percent_covered_display": "0.00", "missing_lines": 2, "excluded_lines": 0, "num_branches": 0, "num_partial_branches": 0, "covered_branches": 0, "missing_branches": 0}, "missing_lines": [79, 81], "excluded_lines": [], "executed_branches": [], "missing_branches": []}, "selective_sync": {"executed_lines": [], "summary": {"covered_lines": 0, "num_statements": 19, "percent_covered": 0.0, "percent_covered_display": "0.00", "missing_lines": 19, "excluded_lines": 0, "num_branches": 14, "num_partial_branches": 0, "covered_branches": 0, "missing_branches": 14}, "missing_lines": [92, 93, 95, 97, 99, 100, 101, 102, 111, 112, 113, 114, 117, 118, 119, 120, 122, 128, 129], "excluded_lines": [], "executed_branches": [], "missing_branches": [[92, 93], [92, 95], [99, 100], [99, 111], [101, 102], [101, 111], [111, 112], [111, 117], [113, 114], [113, 117], [117, 118], [117, 122], [119, 120], [119, 122]]}, "psy_presentation_mode": {"executed_lines": [], "summary": {"covered_lines": 0, "num_statements": 8, "percent_covered": 0.0, "percent_covered_display": "0.00", "missing_lines": 8, "excluded_lines": 0, "num_branches": 4, "num_partial_branches": 0, "covered_branches": 0, "missing_branches": 4}, "missing_lines": [137, 138, 141, 143, 144, 147, 155, 162], "excluded_lines": [], "executed_branches": [], "missing_branches": [[137, 138], [137, 141], [143, 144], [143, 162]]}, "push_data_to_cia": {"executed_lines": [], "summary": {"covered_lines": 0, "num_statements": 14, "percent_covered": 0.0, "percent_covered_display": "0.00", "missing_lines": 14, "excluded_lines": 0, "num_branches": 8, "num_partial_branches": 0, "covered_branches": 0, "missing_branches": 8}, "missing_lines": [170, 171, 173, 175, 177, 178, 181, 182, 186, 190, 191, 198, 201, 202], "excluded_lines": [], "executed_branches": [], "missing_branches": [[170, 171], [170, 173], [177, 178], [177, 181], [181, 182], [181, 186], [190, 191], [190, 198]]}, "": {"executed_lines": [], "summary": {"covered_lines": 0, "num_statements": 26, "percent_covered": 0.0, "percent_covered_display": "0.00", "missing_lines": 26, "excluded_lines": 0, "num_branches": 0, "num_partial_branches": 0, "covered_branches": 0, "missing_branches": 0}, "missing_lines": [6, 7, 9, 10, 11, 13, 16, 17, 20, 23, 24, 25, 26, 27, 30, 39, 55, 56, 76, 77, 89, 90, 134, 135, 167, 168], "excluded_lines": [], "executed_branches": [], "missing_branches": []}}, "classes": {"SyncConfig": {"executed_lines": [], "summary": {"covered_lines": 0, "num_statements": 0, "percent_covered": 100.0, "percent_covered_display": "100.00", "missing_lines": 0, "excluded_lines": 0, "num_branches": 0, "num_partial_branches": 0, "covered_branches": 0, "missing_branches": 0}, "missing_lines": [], "excluded_lines": [], "executed_branches": [], "missing_branches": []}, "": {"executed_lines": [], "summary": {"covered_lines": 0, "num_statements": 85, "percent_covered": 0.0, "percent_covered_display": "0.00", "missing_lines": 85, "excluded_lines": 0, "num_branches": 26, "num_partial_branches": 0, "covered_branches": 0, "missing_branches": 26}, "missing_lines": [6, 7, 9, 10, 11, 13, 16, 17, 20, 23, 24, 25, 26, 27, 30, 32, 33, 34, 35, 36, 39, 41, 42, 43, 44, 45, 47, 48, 49, 52, 55, 56, 58, 60, 76, 77, 79, 81, 89, 90, 92, 93, 95, 97, 99, 100, 101, 102, 111, 112, 113, 114, 117, 118, 119, 120, 122, 128, 129, 134, 135, 137, 138, 141, 143, 144, 147, 155, 162, 167, 168, 170, 171, 173, 175, 177, 178, 181, 182, 186, 190, 191, 198, 201, 202], "excluded_lines": [], "executed_branches": [], "missing_branches": [[92, 93], [92, 95], [99, 100], [99, 111], [101, 102], [101, 111], [111, 112], [111, 117], [113, 114], [113, 117], [117, 118], [117, 122], [119, 120], [119, 122], [137, 138], [137, 141], [143, 144], [143, 162], [170, 171], [170, 173], [177, 178], [177, 181], [181, 182], [181, 186], [190, 191], [190, 198]]}}}, "devops_automation/__init__.py": {"executed_lines": [2, 17, 18, 19, 20, 22, 23, 24, 25, 26, 28], "summary": {"covered_lines": 10, "num_statements": 10, "percent_covered": 100.0, "percent_covered_display": "100.00", "missing_lines": 0, "excluded_lines": 0, "num_branches": 0, "num_partial_branches": 0, "covered_branches": 0, "missing_branches": 0}, "missing_lines": [], "excluded_lines": [], "executed_branches": [], "missing_branches": [], "functions": {"": {"executed_lines": [2, 17, 18, 19, 20, 22, 23, 24, 25, 26, 28], "summary": {"covered_lines": 10, "num_statements": 10, "percent_covered": 100.0, "percent_covered_display": "100.00", "missing_lines": 0, "excluded_lines": 0, "num_branches": 0, "num_partial_branches": 0, "covered_branches": 0, "missing_branches": 0}, "missing_lines": [], "excluded_lines": [], "executed_branches": [], "missing_branches": []}}, "classes": {"": {"executed_lines": [2, 17, 18, 19, 20, 22, 23, 24, 25, 26, 28], "summary": {"covered_lines": 10, "num_statements": 10, "percent_covered": 100.0, "percent_covered_display": "100.00", "missing_lines": 0, "excluded_lines": 0, "num_branches": 0, "num_partial_branches": 0, "covered_branches": 0, "missing_branches": 0}, "missing_lines": [], "excluded_lines": [], "executed_branches": [], "missing_branches": []}}}, "devops_automation/api.py": {"executed_lines": [3, 15, 16, 18, 19, 21, 22, 23, 24, 25, 28, 29, 40, 47, 48, 49, 50, 51, 52, 54, 55, 57, 61, 62, 87, 88, 114, 115, 126, 127, 138, 139, 151, 152, 169, 170, 184, 185, 200, 201, 214, 215, 235, 236, 259, 260, 280, 281, 293, 294, 305, 306, 321, 322, 333, 334, 346, 347, 370, 371, 409, 413, 418, 421, 422, 430, 432, 435, 436, 438, 441, 442, 444, 455, 459, 460, 473, 524], "summary": {"covered_lines": 76, "num_statements": 214, "percent_covered": 34.34782608695652, "percent_covered_display": "34.35", "missing_lines": 138, "excluded_lines": 0, "num_branches": 16, "num_partial_branches": 3, "covered_branches": 3, "missing_branches": 13}, "missing_lines": [64, 65, 66, 67, 69, 70, 72, 76, 82, 83, 90, 91, 92, 93, 95, 96, 98, 102, 109, 110, 117, 118, 119, 123, 124, 129, 130, 131, 135, 136, 141, 142, 143, 144, 145, 146, 154, 155, 156, 158, 160, 166, 167, 172, 173, 174, 178, 179, 187, 188, 189, 191, 193, 197, 198, 203, 204, 205, 209, 210, 217, 219, 220, 221, 223, 224, 228, 229, 230, 238, 239, 240, 241, 243, 244, 248, 250, 254, 255, 262, 263, 264, 265, 267, 271, 275, 276, 283, 284, 285, 289, 290, 296, 297, 298, 302, 303, 308, 309, 312, 316, 317, 324, 325, 326, 330, 331, 336, 337, 340, 341, 342, 349, 350, 351, 352, 354, 358, 364, 365, 373, 374, 404, 405, 411, 415, 437, 453, 461, 462, 463, 464, 465, 467, 468, 469, 470, 471], "excluded_lines": [], "executed_branches": [[436, 438], [442, 444], [460, 473]], "missing_branches": [[69, 70], [69, 72], [95, 96], [95, 98], [220, 221], [220, 223], [243, 244], [243, 248], [436, 437], [442, 453], [460, 461], [461, 462], [461, 467]], "functions": {"ARIA_DevOpsAPI.__init__": {"executed_lines": [47, 48, 49, 50, 51, 52, 54, 55], "summary": {"covered_lines": 8, "num_statements": 8, "percent_covered": 100.0, "percent_covered_display": "100.00", "missing_lines": 0, "excluded_lines": 0, "num_branches": 0, "num_partial_branches": 0, "covered_branches": 0, "missing_branches": 0}, "missing_lines": [], "excluded_lines": [], "executed_branches": [], "missing_branches": []}, "ARIA_DevOpsAPI._setup_routes": {"executed_lines": [61, 62, 87, 88, 114, 115, 126, 127, 138, 139, 151, 152, 169, 170, 184, 185, 200, 201, 214, 215, 235, 236, 259, 260, 280, 281, 293, 294, 305, 306, 321, 322, 333, 334, 346, 347, 370, 371], "summary": {"covered_lines": 38, "num_statements": 38, "percent_covered": 100.0, "percent_covered_display": "100.00", "missing_lines": 0, "excluded_lines": 0, "num_branches": 0, "num_partial_branches": 0, "covered_branches": 0, "missing_branches": 0}, "missing_lines": [], "excluded_lines": [], "executed_branches": [], "missing_branches": []}, "ARIA_DevOpsAPI._setup_routes.validate_command": {"executed_lines": [], "summary": {"covered_lines": 0, "num_statements": 10, "percent_covered": 0.0, "percent_covered_display": "0.00", "missing_lines": 10, "excluded_lines": 0, "num_branches": 2, "num_partial_branches": 0, "covered_branches": 0, "missing_branches": 2}, "missing_lines": [64, 65, 66, 67, 69, 70, 72, 76, 82, 83], "excluded_lines": [], "executed_branches": [], "missing_branches": [[69, 70], [69, 72]]}, "ARIA_DevOpsAPI._setup_routes.execute_command": {"executed_lines": [], "summary": {"covered_lines": 0, "num_statements": 10, "percent_covered": 0.0, "percent_covered_display": "0.00", "missing_lines": 10, "excluded_lines": 0, "num_branches": 2, "num_partial_branches": 0, "covered_branches": 0, "missing_branches": 2}, "missing_lines": [90, 91, 92, 93, 95, 96, 98, 102, 109, 110], "excluded_lines": [], "executed_branches": [], "missing_branches": [[95, 96], [95, 98]]}, "ARIA_DevOpsAPI._setup_routes.audit_file": {"executed_lines": [], "summary": {"covered_lines": 0, "num_statements": 5, "percent_covered": 0.0, "percent_covered_display": "0.00", "missing_lines": 5, "excluded_lines": 0, "num_branches": 0, "num_partial_branches": 0, "covered_branches": 0, "missing_branches": 0}, "missing_lines": [117, 118, 119, 123, 124], "excluded_lines": [], "executed_branches": [], "missing_branches": []}, "ARIA_DevOpsAPI._setup_routes.get_security_report": {"executed_lines": [], "summary": {"covered_lines": 0, "num_statements": 5, "percent_covered": 0.0, "percent_covered_display": "0.00", "missing_lines": 5, "excluded_lines": 0, "num_branches": 0, "num_partial_branches": 0, "covered_branches": 0, "missing_branches": 0}, "missing_lines": [129, 130, 131, 135, 136], "excluded_lines": [], "executed_branches": [], "missing_branches": []}, "ARIA_DevOpsAPI._setup_routes.get_security_dashboard": {"executed_lines": [], "summary": {"covered_lines": 0, "num_statements": 6, "percent_covered": 0.0, "percent_covered_display": "0.00", "missing_lines": 6, "excluded_lines": 0, "num_branches": 0, "num_partial_branches": 0, "covered_branches": 0, "missing_branches": 0}, "missing_lines": [141, 142, 143, 144, 145, 146], "excluded_lines": [], "executed_branches": [], "missing_branches": []}, "ARIA_DevOpsAPI._setup_routes.setup_cicd": {"executed_lines": [], "summary": {"covered_lines": 0, "num_statements": 7, "percent_covered": 0.0, "percent_covered_display": "0.00", "missing_lines": 7, "excluded_lines": 0, "num_branches": 0, "num_partial_branches": 0, "covered_branches": 0, "missing_branches": 0}, "missing_lines": [154, 155, 156, 158, 160, 166, 167], "excluded_lines": [], "executed_branches": [], "missing_branches": []}, "ARIA_DevOpsAPI._setup_routes.get_cicd_status": {"executed_lines": [], "summary": {"covered_lines": 0, "num_statements": 5, "percent_covered": 0.0, "percent_covered_display": "0.00", "missing_lines": 5, "excluded_lines": 0, "num_branches": 0, "num_partial_branches": 0, "covered_branches": 0, "missing_branches": 0}, "missing_lines": [172, 173, 174, 178, 179], "excluded_lines": [], "executed_branches": [], "missing_branches": []}, "ARIA_DevOpsAPI._setup_routes.run_quality_check": {"executed_lines": [], "summary": {"covered_lines": 0, "num_statements": 7, "percent_covered": 0.0, "percent_covered_display": "0.00", "missing_lines": 7, "excluded_lines": 0, "num_branches": 0, "num_partial_branches": 0, "covered_branches": 0, "missing_branches": 0}, "missing_lines": [187, 188, 189, 191, 193, 197, 198], "excluded_lines": [], "executed_branches": [], "missing_branches": []}, "ARIA_DevOpsAPI._setup_routes.get_quality_history": {"executed_lines": [], "summary": {"covered_lines": 0, "num_statements": 5, "percent_covered": 0.0, "percent_covered_display": "0.00", "missing_lines": 5, "excluded_lines": 0, "num_branches": 0, "num_partial_branches": 0, "covered_branches": 0, "missing_branches": 0}, "missing_lines": [203, 204, 205, 209, 210], "excluded_lines": [], "executed_branches": [], "missing_branches": []}, "ARIA_DevOpsAPI._setup_routes.get_quality_dashboard": {"executed_lines": [], "summary": {"covered_lines": 0, "num_statements": 9, "percent_covered": 0.0, "percent_covered_display": "0.00", "missing_lines": 9, "excluded_lines": 0, "num_branches": 2, "num_partial_branches": 0, "covered_branches": 0, "missing_branches": 2}, "missing_lines": [217, 219, 220, 221, 223, 224, 228, 229, 230], "excluded_lines": [], "executed_branches": [], "missing_branches": [[220, 221], [220, 223]]}, "ARIA_DevOpsAPI._setup_routes.deploy": {"executed_lines": [], "summary": {"covered_lines": 0, "num_statements": 10, "percent_covered": 0.0, "percent_covered_display": "0.00", "missing_lines": 10, "excluded_lines": 0, "num_branches": 2, "num_partial_branches": 0, "covered_branches": 0, "missing_branches": 2}, "missing_lines": [238, 239, 240, 241, 243, 244, 248, 250, 254, 255], "excluded_lines": [], "executed_branches": [], "missing_branches": [[243, 244], [243, 248]]}, "ARIA_DevOpsAPI._setup_routes.rollback": {"executed_lines": [], "summary": {"covered_lines": 0, "num_statements": 8, "percent_covered": 0.0, "percent_covered_display": "0.00", "missing_lines": 8, "excluded_lines": 0, "num_branches": 0, "num_partial_branches": 0, "covered_branches": 0, "missing_branches": 0}, "missing_lines": [262, 263, 264, 265, 267, 271, 275, 276], "excluded_lines": [], "executed_branches": [], "missing_branches": []}, "ARIA_DevOpsAPI._setup_routes.get_deployment_status": {"executed_lines": [], "summary": {"covered_lines": 0, "num_statements": 5, "percent_covered": 0.0, "percent_covered_display": "0.00", "missing_lines": 5, "excluded_lines": 0, "num_branches": 0, "num_partial_branches": 0, "covered_branches": 0, "missing_branches": 0}, "missing_lines": [283, 284, 285, 289, 290], "excluded_lines": [], "executed_branches": [], "missing_branches": []}, "ARIA_DevOpsAPI._setup_routes.get_health_status": {"executed_lines": [], "summary": {"covered_lines": 0, "num_statements": 5, "percent_covered": 0.0, "percent_covered_display": "0.00", "missing_lines": 5, "excluded_lines": 0, "num_branches": 0, "num_partial_branches": 0, "covered_branches": 0, "missing_branches": 0}, "missing_lines": [296, 297, 298, 302, 303], "excluded_lines": [], "executed_branches": [], "missing_branches": []}, "ARIA_DevOpsAPI._setup_routes.get_performance_summary": {"executed_lines": [], "summary": {"covered_lines": 0, "num_statements": 5, "percent_covered": 0.0, "percent_covered_display": "0.00", "missing_lines": 5, "excluded_lines": 0, "num_branches": 0, "num_partial_branches": 0, "covered_branches": 0, "missing_branches": 0}, "missing_lines": [308, 309, 312, 316, 317], "excluded_lines": [], "executed_branches": [], "missing_branches": []}, "ARIA_DevOpsAPI._setup_routes.get_alerts_summary": {"executed_lines": [], "summary": {"covered_lines": 0, "num_statements": 5, "percent_covered": 0.0, "percent_covered_display": "0.00", "missing_lines": 5, "excluded_lines": 0, "num_branches": 0, "num_partial_branches": 0, "covered_branches": 0, "missing_branches": 0}, "missing_lines": [324, 325, 326, 330, 331], "excluded_lines": [], "executed_branches": [], "missing_branches": []}, "ARIA_DevOpsAPI._setup_routes.get_monitoring_dashboard": {"executed_lines": [], "summary": {"covered_lines": 0, "num_statements": 5, "percent_covered": 0.0, "percent_covered_display": "0.00", "missing_lines": 5, "excluded_lines": 0, "num_branches": 0, "num_partial_branches": 0, "covered_branches": 0, "missing_branches": 0}, "missing_lines": [336, 337, 340, 341, 342], "excluded_lines": [], "executed_branches": [], "missing_branches": []}, "ARIA_DevOpsAPI._setup_routes.export_monitoring_data": {"executed_lines": [], "summary": {"covered_lines": 0, "num_statements": 8, "percent_covered": 0.0, "percent_covered_display": "0.00", "missing_lines": 8, "excluded_lines": 0, "num_branches": 0, "num_partial_branches": 0, "covered_branches": 0, "missing_branches": 0}, "missing_lines": [349, 350, 351, 352, 354, 358, 364, 365], "excluded_lines": [], "executed_branches": [], "missing_branches": []}, "ARIA_DevOpsAPI._setup_routes.get_devops_status": {"executed_lines": [], "summary": {"covered_lines": 0, "num_statements": 4, "percent_covered": 0.0, "percent_covered_display": "0.00", "missing_lines": 4, "excluded_lines": 0, "num_branches": 0, "num_partial_branches": 0, "covered_branches": 0, "missing_branches": 0}, "missing_lines": [373, 374, 404, 405], "excluded_lines": [], "executed_branches": [], "missing_branches": []}, "ARIA_DevOpsAPI.get_router": {"executed_lines": [], "summary": {"covered_lines": 0, "num_statements": 1, "percent_covered": 0.0, "percent_covered_display": "0.00", "missing_lines": 1, "excluded_lines": 0, "num_branches": 0, "num_partial_branches": 0, "covered_branches": 0, "missing_branches": 0}, "missing_lines": [411], "excluded_lines": [], "executed_branches": [], "missing_branches": []}, "ARIA_DevOpsAPI.integrate_with_app": {"executed_lines": [], "summary": {"covered_lines": 0, "num_statements": 1, "percent_covered": 0.0, "percent_covered_display": "0.00", "missing_lines": 1, "excluded_lines": 0, "num_branches": 0, "num_partial_branches": 0, "covered_branches": 0, "missing_branches": 0}, "missing_lines": [415], "excluded_lines": [], "executed_branches": [], "missing_branches": []}, "ARIA_DevOpsAPI.generate_security_dashboard_html": {"executed_lines": [421, 430, 432, 435, 436, 438, 441, 442, 444, 455, 459, 460, 473, 524], "summary": {"covered_lines": 14, "num_statements": 26, "percent_covered": 50.0, "percent_covered_display": "50.00", "missing_lines": 12, "excluded_lines": 0, "num_branches": 8, "num_partial_branches": 3, "covered_branches": 3, "missing_branches": 5}, "missing_lines": [437, 453, 461, 462, 463, 464, 465, 467, 468, 469, 470, 471], "excluded_lines": [], "executed_branches": [[436, 438], [442, 444], [460, 473]], "missing_branches": [[436, 437], [442, 453], [460, 461], [461, 462], [461, 467]]}, "ARIA_DevOpsAPI.generate_security_dashboard_html.esc": {"executed_lines": [422], "summary": {"covered_lines": 1, "num_statements": 1, "percent_covered": 100.0, "percent_covered_display": "100.00", "missing_lines": 0, "excluded_lines": 0, "num_branches": 0, "num_partial_branches": 0, "covered_branches": 0, "missing_branches": 0}, "missing_lines": [], "excluded_lines": [], "executed_branches": [], "missing_branches": []}, "": {"executed_lines": [3, 15, 16, 18, 19, 21, 22, 23, 24, 25, 28, 29, 40, 57, 409, 413, 418], "summary": {"covered_lines": 15, "num_statements": 15, "percent_covered": 100.0, "percent_covered_display": "100.00", "missing_lines": 0, "excluded_lines": 0, "num_branches": 0, "num_partial_branches": 0, "covered_branches": 0, "missing_branches": 0}, "missing_lines": [], "excluded_lines": [], "executed_branches": [], "missing_branches": []}}, "classes": {"ARIA_DevOpsAPI": {"executed_lines": [47, 48, 49, 50, 51, 52, 54, 55, 61, 62, 87, 88, 114, 115, 126, 127, 138, 139, 151, 152, 169, 170, 184, 185, 200, 201, 214, 215, 235, 236, 259, 260, 280, 281, 293, 294, 305, 306, 321, 322, 333, 334, 346, 347, 370, 371, 421, 422, 430, 432, 435, 436, 438, 441, 442, 444, 455, 459, 460, 473, 524], "summary": {"covered_lines": 61, "num_statements": 199, "percent_covered": 29.767441860465116, "percent_covered_display": "29.77", "missing_lines": 138, "excluded_lines": 0, "num_branches": 16, "num_partial_branches": 3, "covered_branches": 3, "missing_branches": 13}, "missing_lines": [64, 65, 66, 67, 69, 70, 72, 76, 82, 83, 90, 91, 92, 93, 95, 96, 98, 102, 109, 110, 117, 118, 119, 123, 124, 129, 130, 131, 135, 136, 141, 142, 143, 144, 145, 146, 154, 155, 156, 158, 160, 166, 167, 172, 173, 174, 178, 179, 187, 188, 189, 191, 193, 197, 198, 203, 204, 205, 209, 210, 217, 219, 220, 221, 223, 224, 228, 229, 230, 238, 239, 240, 241, 243, 244, 248, 250, 254, 255, 262, 263, 264, 265, 267, 271, 275, 276, 283, 284, 285, 289, 290, 296, 297, 298, 302, 303, 308, 309, 312, 316, 317, 324, 325, 326, 330, 331, 336, 337, 340, 341, 342, 349, 350, 351, 352, 354, 358, 364, 365, 373, 374, 404, 405, 411, 415, 437, 453, 461, 462, 463, 464, 465, 467, 468, 469, 470, 471], "excluded_lines": [], "executed_branches": [[436, 438], [442, 444], [460, 473]], "missing_branches": [[69, 70], [69, 72], [95, 96], [95, 98], [220, 221], [220, 223], [243, 244], [243, 248], [436, 437], [442, 453], [460, 461], [461, 462], [461, 467]]}, "": {"executed_lines": [3, 15, 16, 18, 19, 21, 22, 23, 24, 25, 28, 29, 40, 57, 409, 413, 418], "summary": {"covered_lines": 15, "num_statements": 15, "percent_covered": 100.0, "percent_covered_display": "100.00", "missing_lines": 0, "excluded_lines": 0, "num_branches": 0, "num_partial_branches": 0, "covered_branches": 0, "missing_branches": 0}, "missing_lines": [], "excluded_lines": [], "executed_branches": [], "missing_branches": []}}}, "devops_automation/cicd/__init__.py": {"executed_lines": [2, 10, 12], "summary": {"covered_lines": 2, "num_statements": 2, "percent_covered": 100.0, "percent_covered_display": "100.00", "missing_lines": 0, "excluded_lines": 0, "num_branches": 0, "num_partial_branches": 0, "covered_branches": 0, "missing_branches": 0}, "missing_lines": [], "excluded_lines": [], "executed_branches": [], "missing_branches": [], "functions": {"": {"executed_lines": [2, 10, 12], "summary": {"covered_lines": 2, "num_statements": 2, "percent_covered": 100.0, "percent_covered_display": "100.00", "missing_lines": 0, "excluded_lines": 0, "num_branches": 0, "num_partial_branches": 0, "covered_branches": 0, "missing_branches": 0}, "missing_lines": [], "excluded_lines": [], "executed_branches": [], "missing_branches": []}}, "classes": {"": {"executed_lines": [2, 10, 12], "summary": {"covered_lines": 2, "num_statements": 2, "percent_covered": 100.0, "percent_covered_display": "100.00", "missing_lines": 0, "excluded_lines": 0, "num_branches": 0, "num_partial_branches": 0, "covered_branches": 0, "missing_branches": 0}, "missing_lines": [], "excluded_lines": [], "executed_branches": [], "missing_branches": []}}}, "devops_automation/cicd/aria_cicd_manager.py": {"executed_lines": [2, 14, 15, 16, 17, 18, 20, 22, 25, 26, 37, 44, 45, 46, 47, 49, 59, 62, 74, 77, 86, 88, 89, 91, 93, 96, 197, 220, 255, 257, 259, 306, 344, 350, 352, 386, 388, 405, 407, 432, 435, 436, 439, 440, 441, 442, 445, 446, 447, 449, 450, 451, 454, 455, 456, 459, 460, 461, 464, 465, 466, 468, 551, 559, 567, 575, 586, 588], "summary": {"covered_lines": 66, "num_statements": 133, "percent_covered": 42.76729559748428, "percent_covered_display": "42.77", "missing_lines": 67, "excluded_lines": 0, "num_branches": 26, "num_partial_branches": 0, "covered_branches": 2, "missing_branches": 24}, "missing_lines": [478, 480, 488, 490, 491, 492, 493, 494, 495, 496, 497, 498, 499, 502, 503, 504, 505, 506, 507, 508, 509, 510, 511, 514, 515, 516, 517, 518, 519, 520, 521, 522, 523, 526, 527, 528, 529, 530, 531, 532, 533, 534, 535, 538, 539, 541, 542, 543, 544, 547, 549, 553, 555, 556, 557, 561, 563, 564, 565, 569, 571, 572, 573, 577, 579, 583, 584], "excluded_lines": [], "executed_branches": [[439, 440], [439, 445]], "missing_branches": [[491, 492], [491, 493], [494, 495], [494, 502], [496, 497], [496, 498], [503, 504], [503, 505], [506, 507], [506, 514], [508, 509], [508, 510], [515, 516], [515, 517], [518, 519], [518, 526], [520, 521], [520, 522], [527, 528], [527, 529], [530, 531], [530, 538], [532, 533], [532, 534]], "functions": {"ARIA_CICDManager.__init__": {"executed_lines": [44, 45, 46, 47], "summary": {"covered_lines": 4, "num_statements": 4, "percent_covered": 100.0, "percent_covered_display": "100.00", "missing_lines": 0, "excluded_lines": 0, "num_branches": 0, "num_partial_branches": 0, "covered_branches": 0, "missing_branches": 0}, "missing_lines": [], "excluded_lines": [], "executed_branches": [], "missing_branches": []}, "ARIA_CICDManager.setup_cicd": {"executed_lines": [59, 62, 74, 77, 86, 88, 89], "summary": {"covered_lines": 7, "num_statements": 7, "percent_covered": 100.0, "percent_covered_display": "100.00", "missing_lines": 0, "excluded_lines": 0, "num_branches": 0, "num_partial_branches": 0, "covered_branches": 0, "missing_branches": 0}, "missing_lines": [], "excluded_lines": [], "executed_branches": [], "missing_branches": []}, "ARIA_CICDManager._generate_github_actions": {"executed_lines": [93, 96, 197, 220, 255], "summary": {"covered_lines": 5, "num_statements": 5, "percent_covered": 100.0, "percent_covered_display": "100.00", "missing_lines": 0, "excluded_lines": 0, "num_branches": 0, "num_partial_branches": 0, "covered_branches": 0, "missing_branches": 0}, "missing_lines": [], "excluded_lines": [], "executed_branches": [], "missing_branches": []}, "ARIA_CICDManager._generate_docker_config": {"executed_lines": [259, 306, 344], "summary": {"covered_lines": 3, "num_statements": 3, "percent_covered": 100.0, "percent_covered_display": "100.00", "missing_lines": 0, "excluded_lines": 0, "num_branches": 0, "num_partial_branches": 0, "covered_branches": 0, "missing_branches": 0}, "missing_lines": [], "excluded_lines": [], "executed_branches": [], "missing_branches": []}, "ARIA_CICDManager._generate_nginx_config": {"executed_lines": [352], "summary": {"covered_lines": 1, "num_statements": 1, "percent_covered": 100.0, "percent_covered_display": "100.00", "missing_lines": 0, "excluded_lines": 0, "num_branches": 0, "num_partial_branches": 0, "covered_branches": 0, "missing_branches": 0}, "missing_lines": [], "excluded_lines": [], "executed_branches": [], "missing_branches": []}, "ARIA_CICDManager._generate_deployment_config": {"executed_lines": [388], "summary": {"covered_lines": 1, "num_statements": 1, "percent_covered": 100.0, "percent_covered_display": "100.00", "missing_lines": 0, "excluded_lines": 0, "num_branches": 0, "num_partial_branches": 0, "covered_branches": 0, "missing_branches": 0}, "missing_lines": [], "excluded_lines": [], "executed_branches": [], "missing_branches": []}, "ARIA_CICDManager._generate_monitoring_config": {"executed_lines": [407], "summary": {"covered_lines": 1, "num_statements": 1, "percent_covered": 100.0, "percent_covered_display": "100.00", "missing_lines": 0, "excluded_lines": 0, "num_branches": 0, "num_partial_branches": 0, "covered_branches": 0, "missing_branches": 0}, "missing_lines": [], "excluded_lines": [], "executed_branches": [], "missing_branches": []}, "ARIA_CICDManager._save_cicd_configs": {"executed_lines": [435, 436, 439, 440, 441, 442, 445, 446, 447, 449, 450, 451, 454, 455, 456, 459, 460, 461, 464, 465, 466], "summary": {"covered_lines": 21, "num_statements": 21, "percent_covered": 100.0, "percent_covered_display": "100.00", "missing_lines": 0, "excluded_lines": 0, "num_branches": 2, "num_partial_branches": 0, "covered_branches": 2, "missing_branches": 0}, "missing_lines": [], "excluded_lines": [], "executed_branches": [[439, 440], [439, 445]], "missing_branches": []}, "ARIA_CICDManager.deploy": {"executed_lines": [], "summary": {"covered_lines": 0, "num_statements": 51, "percent_covered": 0.0, "percent_covered_display": "0.00", "missing_lines": 51, "excluded_lines": 0, "num_branches": 24, "num_partial_branches": 0, "covered_branches": 0, "missing_branches": 24}, "missing_lines": [478, 480, 488, 490, 491, 492, 493, 494, 495, 496, 497, 498, 499, 502, 503, 504, 505, 506, 507, 508, 509, 510, 511, 514, 515, 516, 517, 518, 519, 520, 521, 522, 523, 526, 527, 528, 529, 530, 531, 532, 533, 534, 535, 538, 539, 541, 542, 543, 544, 547, 549], "excluded_lines": [], "executed_branches": [], "missing_branches": [[491, 492], [491, 493], [494, 495], [494, 502], [496, 497], [496, 498], [503, 504], [503, 505], [506, 507], [506, 514], [508, 509], [508, 510], [515, 516], [515, 517], [518, 519], [518, 526], [520, 521], [520, 522], [527, 528], [527, 529], [530, 531], [530, 538], [532, 533], [532, 534]]}, "ARIA_CICDManager._run_security_check": {"executed_lines": [], "summary": {"covered_lines": 0, "num_statements": 4, "percent_covered": 0.0, "percent_covered_display": "0.00", "missing_lines": 4, "excluded_lines": 0, "num_branches": 0, "num_partial_branches": 0, "covered_branches": 0, "missing_branches": 0}, "missing_lines": [553, 555, 556, 557], "excluded_lines": [], "executed_branches": [], "missing_branches": []}, "ARIA_CICDManager._run_tests": {"executed_lines": [], "summary": {"covered_lines": 0, "num_statements": 4, "percent_covered": 0.0, "percent_covered_display": "0.00", "missing_lines": 4, "excluded_lines": 0, "num_branches": 0, "num_partial_branches": 0, "covered_branches": 0, "missing_branches": 0}, "missing_lines": [561, 563, 564, 565], "excluded_lines": [], "executed_branches": [], "missing_branches": []}, "ARIA_CICDManager._build_docker_image": {"executed_lines": [], "summary": {"covered_lines": 0, "num_statements": 4, "percent_covered": 0.0, "percent_covered_display": "0.00", "missing_lines": 4, "excluded_lines": 0, "num_branches": 0, "num_partial_branches": 0, "covered_branches": 0, "missing_branches": 0}, "missing_lines": [569, 571, 572, 573], "excluded_lines": [], "executed_branches": [], "missing_branches": []}, "ARIA_CICDManager._deploy_to_environment": {"executed_lines": [], "summary": {"covered_lines": 0, "num_statements": 4, "percent_covered": 0.0, "percent_covered_display": "0.00", "missing_lines": 4, "excluded_lines": 0, "num_branches": 0, "num_partial_branches": 0, "covered_branches": 0, "missing_branches": 0}, "missing_lines": [577, 579, 583, 584], "excluded_lines": [], "executed_branches": [], "missing_branches": []}, "ARIA_CICDManager.get_deployment_status": {"executed_lines": [588], "summary": {"covered_lines": 1, "num_statements": 1, "percent_covered": 100.0, "percent_covered_display": "100.00", "missing_lines": 0, "excluded_lines": 0, "num_branches": 0, "num_partial_branches": 0, "covered_branches": 0, "missing_branches": 0}, "missing_lines": [], "excluded_lines": [], "executed_branches": [], "missing_branches": []}, "": {"executed_lines": [2, 14, 15, 16, 17, 18, 20, 22, 25, 26, 37, 49, 91, 257, 350, 386, 405, 432, 468, 551, 559, 567, 575, 586], "summary": {"covered_lines": 22, "num_statements": 22, "percent_covered": 100.0, "percent_covered_display": "100.00", "missing_lines": 0, "excluded_lines": 0, "num_branches": 0, "num_partial_branches": 0, "covered_branches": 0, "missing_branches": 0}, "missing_lines": [], "excluded_lines": [], "executed_branches": [], "missing_branches": []}}, "classes": {"ARIA_CICDManager": {"executed_lines": [44, 45, 46, 47, 59, 62, 74, 77, 86, 88, 89, 93, 96, 197, 220, 255, 259, 306, 344, 352, 388, 407, 435, 436, 439, 440, 441, 442, 445, 446, 447, 449, 450, 451, 454, 455, 456, 459, 460, 461, 464, 465, 466, 588], "summary": {"covered_lines": 44, "num_statements": 111, "percent_covered": 33.57664233576642, "percent_covered_display": "33.58", "missing_lines": 67, "excluded_lines": 0, "num_branches": 26, "num_partial_branches": 0, "covered_branches": 2, "missing_branches": 24}, "missing_lines": [478, 480, 488, 490, 491, 492, 493, 494, 495, 496, 497, 498, 499, 502, 503, 504, 505, 506, 507, 508, 509, 510, 511, 514, 515, 516, 517, 518, 519, 520, 521, 522, 523, 526, 527, 528, 529, 530, 531, 532, 533, 534, 535, 538, 539, 541, 542, 543, 544, 547, 549, 553, 555, 556, 557, 561, 563, 564, 565, 569, 571, 572, 573, 577, 579, 583, 584], "excluded_lines": [], "executed_branches": [[439, 440], [439, 445]], "missing_branches": [[491, 492], [491, 493], [494, 495], [494, 502], [496, 497], [496, 498], [503, 504], [503, 505], [506, 507], [506, 514], [508, 509], [508, 510], [515, 516], [515, 517], [518, 519], [518, 526], [520, 521], [520, 522], [527, 528], [527, 529], [530, 531], [530, 538], [532, 533], [532, 534]]}, "": {"executed_lines": [2, 14, 15, 16, 17, 18, 20, 22, 25, 26, 37, 49, 91, 257, 350, 386, 405, 432, 468, 551, 559, 567, 575, 586], "summary": {"covered_lines": 22, "num_statements": 22, "percent_covered": 100.0, "percent_covered_display": "100.00", "missing_lines": 0, "excluded_lines": 0, "num_branches": 0, "num_partial_branches": 0, "covered_branches": 0, "missing_branches": 0}, "missing_lines": [], "excluded_lines": [], "executed_branches": [], "missing_branches": []}}}, "devops_automation/deployment/__init__.py": {"executed_lines": [2, 10, 12], "summary": {"covered_lines": 2, "num_statements": 2, "percent_covered": 100.0, "percent_covered_display": "100.00", "missing_lines": 0, "excluded_lines": 0, "num_branches": 0, "num_partial_branches": 0, "covered_branches": 0, "missing_branches": 0}, "missing_lines": [], "excluded_lines": [], "executed_branches": [], "missing_branches": [], "functions": {"": {"executed_lines": [2, 10, 12], "summary": {"covered_lines": 2, "num_statements": 2, "percent_covered": 100.0, "percent_covered_display": "100.00", "missing_lines": 0, "excluded_lines": 0, "num_branches": 0, "num_partial_branches": 0, "covered_branches": 0, "missing_branches": 0}, "missing_lines": [], "excluded_lines": [], "executed_branches": [], "missing_branches": []}}, "classes": {"": {"executed_lines": [2, 10, 12], "summary": {"covered_lines": 2, "num_statements": 2, "percent_covered": 100.0, "percent_covered_display": "100.00", "missing_lines": 0, "excluded_lines": 0, "num_branches": 0, "num_partial_branches": 0, "covered_branches": 0, "missing_branches": 0}, "missing_lines": [], "excluded_lines": [], "executed_branches": [], "missing_branches": []}}}, "devops_automation/deployment/aria_deployment_manager.py": {"executed_lines": [2, 14, 15, 16, 17, 18, 20, 22, 25, 26, 37, 44, 45, 46, 47, 62, 73, 76, 78, 89, 91, 92, 95, 96, 97, 103, 104, 105, 111, 112, 113, 119, 120, 121, 127, 128, 129, 137, 138, 139, 147, 149, 151, 236, 246, 250, 251, 258, 260, 273, 278, 279, 282, 283, 289, 291, 293, 295, 299, 301, 303, 307, 309, 311, 318, 322, 324, 325, 333, 335, 337, 338, 346, 362], "summary": {"covered_lines": 72, "num_statements": 155, "percent_covered": 41.8848167539267, "percent_covered_display": "41.88", "missing_lines": 83, "excluded_lines": 0, "num_branches": 36, "num_partial_branches": 6, "covered_branches": 8, "missing_branches": 28}, "missing_lines": [74, 98, 99, 100, 106, 107, 108, 114, 115, 116, 122, 123, 124, 130, 133, 134, 141, 142, 143, 144, 164, 166, 176, 178, 180, 185, 186, 187, 188, 189, 191, 194, 195, 196, 197, 200, 201, 202, 203, 204, 205, 206, 207, 208, 209, 212, 213, 214, 215, 216, 217, 218, 219, 220, 221, 224, 225, 226, 228, 229, 230, 231, 232, 234, 296, 297, 304, 305, 315, 316, 330, 331, 343, 344, 349, 350, 352, 355, 360, 364, 366, 367, 368], "excluded_lines": [], "executed_branches": [[73, 76], [97, 103], [105, 111], [113, 119], [121, 127], [129, 137], [250, 251], [250, 258]], "missing_branches": [[73, 74], [97, 98], [105, 106], [113, 114], [121, 122], [129, 130], [178, 180], [178, 191], [185, 186], [185, 189], [195, 196], [195, 197], [201, 202], [201, 203], [204, 205], [204, 212], [206, 207], [206, 208], [213, 214], [213, 215], [216, 217], [216, 224], [218, 219], [218, 220], [225, 226], [225, 234], [230, 231], [230, 232]], "functions": {"ARIA_DeploymentManager.__init__": {"executed_lines": [44, 45, 46, 47], "summary": {"covered_lines": 4, "num_statements": 4, "percent_covered": 100.0, "percent_covered_display": "100.00", "missing_lines": 0, "excluded_lines": 0, "num_branches": 0, "num_partial_branches": 0, "covered_branches": 0, "missing_branches": 0}, "missing_lines": [], "excluded_lines": [], "executed_branches": [], "missing_branches": []}, "ARIA_DeploymentManager.deploy": {"executed_lines": [73, 76, 78, 89, 91, 92, 95, 96, 97, 103, 104, 105, 111, 112, 113, 119, 120, 121, 127, 128, 129, 137, 138, 139, 147, 149], "summary": {"covered_lines": 26, "num_statements": 46, "percent_covered": 55.172413793103445, "percent_covered_display": "55.17", "missing_lines": 20, "excluded_lines": 0, "num_branches": 12, "num_partial_branches": 6, "covered_branches": 6, "missing_branches": 6}, "missing_lines": [74, 98, 99, 100, 106, 107, 108, 114, 115, 116, 122, 123, 124, 130, 133, 134, 141, 142, 143, 144], "excluded_lines": [], "executed_branches": [[73, 76], [97, 103], [105, 111], [113, 119], [121, 127], [129, 137]], "missing_branches": [[73, 74], [97, 98], [105, 106], [113, 114], [121, 122], [129, 130]]}, "ARIA_DeploymentManager.rollback": {"executed_lines": [], "summary": {"covered_lines": 0, "num_statements": 44, "percent_covered": 0.0, "percent_covered_display": "0.00", "missing_lines": 44, "excluded_lines": 0, "num_branches": 22, "num_partial_branches": 0, "covered_branches": 0, "missing_branches": 22}, "missing_lines": [164, 166, 176, 178, 180, 185, 186, 187, 188, 189, 191, 194, 195, 196, 197, 200, 201, 202, 203, 204, 205, 206, 207, 208, 209, 212, 213, 214, 215, 216, 217, 218, 219, 220, 221, 224, 225, 226, 228, 229, 230, 231, 232, 234], "excluded_lines": [], "executed_branches": [], "missing_branches": [[178, 180], [178, 191], [185, 186], [185, 189], [195, 196], [195, 197], [201, 202], [201, 203], [204, 205], [204, 212], [206, 207], [206, 208], [213, 214], [213, 215], [216, 217], [216, 224], [218, 219], [218, 220], [225, 226], [225, 234], [230, 231], [230, 232]]}, "ARIA_DeploymentManager.get_deployment_status": {"executed_lines": [246, 250, 251, 258, 260], "summary": {"covered_lines": 5, "num_statements": 5, "percent_covered": 100.0, "percent_covered_display": "100.00", "missing_lines": 0, "excluded_lines": 0, "num_branches": 2, "num_partial_branches": 0, "covered_branches": 2, "missing_branches": 0}, "missing_lines": [], "excluded_lines": [], "executed_branches": [[250, 251], [250, 258]], "missing_branches": []}, "ARIA_DeploymentManager._prepare_deployment": {"executed_lines": [278, 279, 282, 283, 289], "summary": {"covered_lines": 5, "num_statements": 5, "percent_covered": 100.0, "percent_covered_display": "100.00", "missing_lines": 0, "excluded_lines": 0, "num_branches": 0, "num_partial_branches": 0, "covered_branches": 0, "missing_branches": 0}, "missing_lines": [], "excluded_lines": [], "executed_branches": [], "missing_branches": []}, "ARIA_DeploymentManager._run_security_check": {"executed_lines": [293, 295], "summary": {"covered_lines": 2, "num_statements": 4, "percent_covered": 50.0, "percent_covered_display": "50.00", "missing_lines": 2, "excluded_lines": 0, "num_branches": 0, "num_partial_branches": 0, "covered_branches": 0, "missing_branches": 0}, "missing_lines": [296, 297], "excluded_lines": [], "executed_branches": [], "missing_branches": []}, "ARIA_DeploymentManager._run_tests": {"executed_lines": [301, 303], "summary": {"covered_lines": 2, "num_statements": 4, "percent_covered": 50.0, "percent_covered_display": "50.00", "missing_lines": 2, "excluded_lines": 0, "num_branches": 0, "num_partial_branches": 0, "covered_branches": 0, "missing_branches": 0}, "missing_lines": [304, 305], "excluded_lines": [], "executed_branches": [], "missing_branches": []}, "ARIA_DeploymentManager._build_application": {"executed_lines": [309, 311], "summary": {"covered_lines": 2, "num_statements": 4, "percent_covered": 50.0, "percent_covered_display": "50.00", "missing_lines": 2, "excluded_lines": 0, "num_branches": 0, "num_partial_branches": 0, "covered_branches": 0, "missing_branches": 0}, "missing_lines": [315, 316], "excluded_lines": [], "executed_branches": [], "missing_branches": []}, "ARIA_DeploymentManager._deploy_to_environment": {"executed_lines": [322, 324, 325], "summary": {"covered_lines": 3, "num_statements": 5, "percent_covered": 60.0, "percent_covered_display": "60.00", "missing_lines": 2, "excluded_lines": 0, "num_branches": 0, "num_partial_branches": 0, "covered_branches": 0, "missing_branches": 0}, "missing_lines": [330, 331], "excluded_lines": [], "executed_branches": [], "missing_branches": []}, "ARIA_DeploymentManager._validate_deployment": {"executed_lines": [335, 337, 338], "summary": {"covered_lines": 3, "num_statements": 5, "percent_covered": 60.0, "percent_covered_display": "60.00", "missing_lines": 2, "excluded_lines": 0, "num_branches": 0, "num_partial_branches": 0, "covered_branches": 0, "missing_branches": 0}, "missing_lines": [343, 344], "excluded_lines": [], "executed_branches": [], "missing_branches": []}, "ARIA_DeploymentManager._backup_current_state": {"executed_lines": [], "summary": {"covered_lines": 0, "num_statements": 5, "percent_covered": 0.0, "percent_covered_display": "0.00", "missing_lines": 5, "excluded_lines": 0, "num_branches": 0, "num_partial_branches": 0, "covered_branches": 0, "missing_branches": 0}, "missing_lines": [349, 350, 352, 355, 360], "excluded_lines": [], "executed_branches": [], "missing_branches": []}, "ARIA_DeploymentManager._execute_rollback": {"executed_lines": [], "summary": {"covered_lines": 0, "num_statements": 4, "percent_covered": 0.0, "percent_covered_display": "0.00", "missing_lines": 4, "excluded_lines": 0, "num_branches": 0, "num_partial_branches": 0, "covered_branches": 0, "missing_branches": 0}, "missing_lines": [364, 366, 367, 368], "excluded_lines": [], "executed_branches": [], "missing_branches": []}, "": {"executed_lines": [2, 14, 15, 16, 17, 18, 20, 22, 25, 26, 37, 62, 151, 236, 273, 291, 299, 307, 318, 333, 346, 362], "summary": {"covered_lines": 20, "num_statements": 20, "percent_covered": 100.0, "percent_covered_display": "100.00", "missing_lines": 0, "excluded_lines": 0, "num_branches": 0, "num_partial_branches": 0, "covered_branches": 0, "missing_branches": 0}, "missing_lines": [], "excluded_lines": [], "executed_branches": [], "missing_branches": []}}, "classes": {"ARIA_DeploymentManager": {"executed_lines": [44, 45, 46, 47, 73, 76, 78, 89, 91, 92, 95, 96, 97, 103, 104, 105, 111, 112, 113, 119, 120, 121, 127, 128, 129, 137, 138, 139, 147, 149, 246, 250, 251, 258, 260, 278, 279, 282, 283, 289, 293, 295, 301, 303, 309, 311, 322, 324, 325, 335, 337, 338], "summary": {"covered_lines": 52, "num_statements": 135, "percent_covered": 35.08771929824562, "percent_covered_display": "35.09", "missing_lines": 83, "excluded_lines": 0, "num_branches": 36, "num_partial_branches": 6, "covered_branches": 8, "missing_branches": 28}, "missing_lines": [74, 98, 99, 100, 106, 107, 108, 114, 115, 116, 122, 123, 124, 130, 133, 134, 141, 142, 143, 144, 164, 166, 176, 178, 180, 185, 186, 187, 188, 189, 191, 194, 195, 196, 197, 200, 201, 202, 203, 204, 205, 206, 207, 208, 209, 212, 213, 214, 215, 216, 217, 218, 219, 220, 221, 224, 225, 226, 228, 229, 230, 231, 232, 234, 296, 297, 304, 305, 315, 316, 330, 331, 343, 344, 349, 350, 352, 355, 360, 364, 366, 367, 368], "excluded_lines": [], "executed_branches": [[73, 76], [97, 103], [105, 111], [113, 119], [121, 127], [129, 137], [250, 251], [250, 258]], "missing_branches": [[73, 74], [97, 98], [105, 106], [113, 114], [121, 122], [129, 130], [178, 180], [178, 191], [185, 186], [185, 189], [195, 196], [195, 197], [201, 202], [201, 203], [204, 205], [204, 212], [206, 207], [206, 208], [213, 214], [213, 215], [216, 217], [216, 224], [218, 219], [218, 220], [225, 226], [225, 234], [230, 231], [230, 232]]}, "": {"executed_lines": [2, 14, 15, 16, 17, 18, 20, 22, 25, 26, 37, 62, 151, 236, 273, 291, 299, 307, 318, 333, 346, 362], "summary": {"covered_lines": 20, "num_statements": 20, "percent_covered": 100.0, "percent_covered_display": "100.00", "missing_lines": 0, "excluded_lines": 0, "num_branches": 0, "num_partial_branches": 0, "covered_branches": 0, "missing_branches": 0}, "missing_lines": [], "excluded_lines": [], "executed_branches": [], "missing_branches": []}}}, "devops_automation/monitoring/__init__.py": {"executed_lines": [2, 10, 12], "summary": {"covered_lines": 2, "num_statements": 2, "percent_covered": 100.0, "percent_covered_display": "100.00", "missing_lines": 0, "excluded_lines": 0, "num_branches": 0, "num_partial_branches": 0, "covered_branches": 0, "missing_branches": 0}, "missing_lines": [], "excluded_lines": [], "executed_branches": [], "missing_branches": [], "functions": {"": {"executed_lines": [2, 10, 12], "summary": {"covered_lines": 2, "num_statements": 2, "percent_covered": 100.0, "percent_covered_display": "100.00", "missing_lines": 0, "excluded_lines": 0, "num_branches": 0, "num_partial_branches": 0, "covered_branches": 0, "missing_branches": 0}, "missing_lines": [], "excluded_lines": [], "executed_branches": [], "missing_branches": []}}, "classes": {"": {"executed_lines": [2, 10, 12], "summary": {"covered_lines": 2, "num_statements": 2, "percent_covered": 100.0, "percent_covered_display": "100.00", "missing_lines": 0, "excluded_lines": 0, "num_branches": 0, "num_partial_branches": 0, "covered_branches": 0, "missing_branches": 0}, "missing_lines": [], "excluded_lines": [], "executed_branches": [], "missing_branches": []}}}, "devops_automation/monitoring/aria_monitoring_system.py": {"executed_lines": [3, 7, 9, 10, 13, 14, 15, 17, 22, 23, 24, 25, 26, 27, 29, 30, 32, 33, 40, 43, 44, 45, 46, 47, 50, 53, 55, 56, 57, 59, 61, 63, 64, 66, 68, 74, 95], "summary": {"covered_lines": 33, "num_statements": 40, "percent_covered": 79.54545454545455, "percent_covered_display": "79.55", "missing_lines": 7, "excluded_lines": 7, "num_branches": 4, "num_partial_branches": 2, "covered_branches": 2, "missing_branches": 2}, "missing_lines": [41, 42, 58, 76, 77, 97, 98], "excluded_lines": [14, 15, 17, 18, 19, 48, 49], "executed_branches": [[40, 43], [57, 59]], "missing_branches": [[40, 41], [57, 58]], "functions": {"ARIA_MonitoringSystem.__init__": {"executed_lines": [24, 25, 26, 27], "summary": {"covered_lines": 4, "num_statements": 4, "percent_covered": 100.0, "percent_covered_display": "100.00", "missing_lines": 0, "excluded_lines": 0, "num_branches": 0, "num_partial_branches": 0, "covered_branches": 0, "missing_branches": 0}, "missing_lines": [], "excluded_lines": [], "executed_branches": [], "missing_branches": []}, "ARIA_MonitoringSystem._now": {"executed_lines": [30], "summary": {"covered_lines": 1, "num_statements": 1, "percent_covered": 100.0, "percent_covered_display": "100.00", "missing_lines": 0, "excluded_lines": 0, "num_branches": 0, "num_partial_branches": 0, "covered_branches": 0, "missing_branches": 0}, "missing_lines": [], "excluded_lines": [], "executed_branches": [], "missing_branches": []}, "ARIA_MonitoringSystem.collect_metrics": {"executed_lines": [33, 40, 43, 44, 45, 46, 47, 50], "summary": {"covered_lines": 8, "num_statements": 10, "percent_covered": 75.0, "percent_covered_display": "75.00", "missing_lines": 2, "excluded_lines": 2, "num_branches": 2, "num_partial_branches": 1, "covered_branches": 1, "missing_branches": 1}, "missing_lines": [41, 42], "excluded_lines": [48, 49], "executed_branches": [[40, 43]], "missing_branches": [[40, 41]]}, "ARIA_MonitoringSystem.get_health_status": {"executed_lines": [55, 56, 57, 59], "summary": {"covered_lines": 4, "num_statements": 5, "percent_covered": 71.42857142857143, "percent_covered_display": "71.43", "missing_lines": 1, "excluded_lines": 0, "num_branches": 2, "num_partial_branches": 1, "covered_branches": 1, "missing_branches": 1}, "missing_lines": [58], "excluded_lines": [], "executed_branches": [[57, 59]], "missing_branches": [[57, 58]]}, "ARIA_MonitoringSystem.get_performance_summary": {"executed_lines": [63, 64], "summary": {"covered_lines": 2, "num_statements": 2, "percent_covered": 100.0, "percent_covered_display": "100.00", "missing_lines": 0, "excluded_lines": 0, "num_branches": 0, "num_partial_branches": 0, "covered_branches": 0, "missing_branches": 0}, "missing_lines": [], "excluded_lines": [], "executed_branches": [], "missing_branches": []}, "ARIA_MonitoringSystem.get_alerts_summary": {"executed_lines": [68], "summary": {"covered_lines": 1, "num_statements": 1, "percent_covered": 100.0, "percent_covered_display": "100.00", "missing_lines": 0, "excluded_lines": 0, "num_branches": 0, "num_partial_branches": 0, "covered_branches": 0, "missing_branches": 0}, "missing_lines": [], "excluded_lines": [], "executed_branches": [], "missing_branches": []}, "ARIA_MonitoringSystem.generate_monitoring_dashboard_html": {"executed_lines": [], "summary": {"covered_lines": 0, "num_statements": 2, "percent_covered": 0.0, "percent_covered_display": "0.00", "missing_lines": 2, "excluded_lines": 0, "num_branches": 0, "num_partial_branches": 0, "covered_branches": 0, "missing_branches": 0}, "missing_lines": [76, 77], "excluded_lines": [], "executed_branches": [], "missing_branches": []}, "ARIA_MonitoringSystem.export_monitoring_data": {"executed_lines": [], "summary": {"covered_lines": 0, "num_statements": 2, "percent_covered": 0.0, "percent_covered_display": "0.00", "missing_lines": 2, "excluded_lines": 0, "num_branches": 0, "num_partial_branches": 0, "covered_branches": 0, "missing_branches": 0}, "missing_lines": [97, 98], "excluded_lines": [], "executed_branches": [], "missing_branches": []}, "": {"executed_lines": [3, 7, 9, 10, 13, 14, 15, 17, 22, 23, 29, 32, 53, 61, 66, 74, 95], "summary": {"covered_lines": 13, "num_statements": 13, "percent_covered": 100.0, "percent_covered_display": "100.00", "missing_lines": 0, "excluded_lines": 5, "num_branches": 0, "num_partial_branches": 0, "covered_branches": 0, "missing_branches": 0}, "missing_lines": [], "excluded_lines": [14, 15, 17, 18, 19], "executed_branches": [], "missing_branches": []}}, "classes": {"ARIA_MonitoringSystem": {"executed_lines": [24, 25, 26, 27, 30, 33, 40, 43, 44, 45, 46, 47, 50, 55, 56, 57, 59, 63, 64, 68], "summary": {"covered_lines": 20, "num_statements": 27, "percent_covered": 70.96774193548387, "percent_covered_display": "70.97", "missing_lines": 7, "excluded_lines": 2, "num_branches": 4, "num_partial_branches": 2, "covered_branches": 2, "missing_branches": 2}, "missing_lines": [41, 42, 58, 76, 77, 97, 98], "excluded_lines": [48, 49], "executed_branches": [[40, 43], [57, 59]], "missing_branches": [[40, 41], [57, 58]]}, "": {"executed_lines": [3, 7, 9, 10, 13, 14, 15, 17, 22, 23, 29, 32, 53, 61, 66, 74, 95], "summary": {"covered_lines": 13, "num_statements": 13, "percent_covered": 100.0, "percent_covered_display": "100.00", "missing_lines": 0, "excluded_lines": 5, "num_branches": 0, "num_partial_branches": 0, "covered_branches": 0, "missing_branches": 0}, "missing_lines": [], "excluded_lines": [14, 15, 17, 18, 19], "executed_branches": [], "missing_branches": []}}}, "devops_automation/quality/__init__.py": {"executed_lines": [2, 10, 12], "summary": {"covered_lines": 2, "num_statements": 2, "percent_covered": 100.0, "percent_covered_display": "100.00", "missing_lines": 0, "excluded_lines": 0, "num_branches": 0, "num_partial_branches": 0, "covered_branches": 0, "missing_branches": 0}, "missing_lines": [], "excluded_lines": [], "executed_branches": [], "missing_branches": [], "functions": {"": {"executed_lines": [2, 10, 12], "summary": {"covered_lines": 2, "num_statements": 2, "percent_covered": 100.0, "percent_covered_display": "100.00", "missing_lines": 0, "excluded_lines": 0, "num_branches": 0, "num_partial_branches": 0, "covered_branches": 0, "missing_branches": 0}, "missing_lines": [], "excluded_lines": [], "executed_branches": [], "missing_branches": []}}, "classes": {"": {"executed_lines": [2, 10, 12], "summary": {"covered_lines": 2, "num_statements": 2, "percent_covered": 100.0, "percent_covered_display": "100.00", "missing_lines": 0, "excluded_lines": 0, "num_branches": 0, "num_partial_branches": 0, "covered_branches": 0, "missing_branches": 0}, "missing_lines": [], "excluded_lines": [], "executed_branches": [], "missing_branches": []}}}, "devops_automation/quality/aria_quality_assurance.py": {"executed_lines": [2, 14, 15, 16, 17, 18, 20, 22, 25, 26, 37, 44, 45, 46, 49, 70, 145, 183, 221, 253, 313, 351, 394, 424, 439, 476, 518, 529, 531, 533], "summary": {"covered_lines": 28, "num_statements": 195, "percent_covered": 10.81081081081081, "percent_covered_display": "10.81", "missing_lines": 167, "excluded_lines": 0, "num_branches": 64, "num_partial_branches": 0, "covered_branches": 0, "missing_branches": 64}, "missing_lines": [80, 82, 92, 94, 97, 100, 103, 106, 109, 112, 117, 122, 127, 132, 134, 138, 139, 140, 141, 143, 147, 148, 153, 157, 165, 167, 168, 177, 185, 186, 191, 195, 203, 205, 206, 215, 223, 224, 225, 229, 236, 238, 239, 247, 255, 256, 257, 262, 263, 264, 265, 267, 294, 296, 297, 307, 315, 316, 317, 322, 323, 324, 325, 327, 334, 336, 337, 345, 353, 354, 355, 360, 361, 362, 363, 364, 365, 366, 368, 376, 378, 379, 388, 396, 398, 399, 401, 402, 403, 404, 405, 407, 409, 417, 418, 426, 436, 437, 441, 444, 453, 454, 455, 456, 457, 458, 460, 461, 462, 463, 464, 466, 467, 468, 470, 471, 472, 474, 478, 481, 482, 485, 486, 491, 492, 495, 496, 497, 502, 503, 504, 509, 510, 511, 512, 516, 520, 521, 522, 523, 524, 525, 527, 535, 536, 537, 539, 641, 642, 643, 644, 646, 652, 653, 658, 659, 662, 663, 667, 670, 671, 672, 677, 678, 679, 684, 690], "excluded_lines": [], "executed_branches": [], "missing_branches": [[167, 168], [167, 177], [205, 206], [205, 215], [238, 239], [238, 247], [296, 297], [296, 307], [336, 337], [336, 345], [362, 363], [362, 368], [378, 379], [378, 388], [401, 402], [401, 407], [402, 401], [402, 403], [404, 401], [404, 405], [453, 454], [453, 474], [454, 453], [454, 455], [456, 457], [456, 458], [458, 460], [458, 464], [464, 466], [464, 468], [468, 453], [468, 470], [471, 453], [471, 472], [481, 482], [481, 485], [485, 486], [485, 491], [491, 492], [491, 495], [496, 497], [496, 502], [503, 504], [503, 509], [511, 512], [511, 516], [520, 521], [520, 522], [522, 523], [522, 524], [524, 525], [524, 527], [642, 643], [642, 670], [652, 653], [652, 658], [658, 659], [658, 662], [662, 663], [662, 667], [671, 672], [671, 684], [677, 678], [677, 679]], "functions": {"ARIA_QualityAssurance.__init__": {"executed_lines": [44, 45, 46, 49], "summary": {"covered_lines": 4, "num_statements": 4, "percent_covered": 100.0, "percent_covered_display": "100.00", "missing_lines": 0, "excluded_lines": 0, "num_branches": 0, "num_partial_branches": 0, "covered_branches": 0, "missing_branches": 0}, "missing_lines": [], "excluded_lines": [], "executed_branches": [], "missing_branches": []}, "ARIA_QualityAssurance.run_full_quality_check": {"executed_lines": [], "summary": {"covered_lines": 0, "num_statements": 20, "percent_covered": 0.0, "percent_covered_display": "0.00", "missing_lines": 20, "excluded_lines": 0, "num_branches": 0, "num_partial_branches": 0, "covered_branches": 0, "missing_branches": 0}, "missing_lines": [80, 82, 92, 94, 97, 100, 103, 106, 109, 112, 117, 122, 127, 132, 134, 138, 139, 140, 141, 143], "excluded_lines": [], "executed_branches": [], "missing_branches": []}, "ARIA_QualityAssurance._run_black": {"executed_lines": [], "summary": {"covered_lines": 0, "num_statements": 8, "percent_covered": 0.0, "percent_covered_display": "0.00", "missing_lines": 8, "excluded_lines": 0, "num_branches": 2, "num_partial_branches": 0, "covered_branches": 0, "missing_branches": 2}, "missing_lines": [147, 148, 153, 157, 165, 167, 168, 177], "excluded_lines": [], "executed_branches": [], "missing_branches": [[167, 168], [167, 177]]}, "ARIA_QualityAssurance._run_ruff": {"executed_lines": [], "summary": {"covered_lines": 0, "num_statements": 8, "percent_covered": 0.0, "percent_covered_display": "0.00", "missing_lines": 8, "excluded_lines": 0, "num_branches": 2, "num_partial_branches": 0, "covered_branches": 0, "missing_branches": 2}, "missing_lines": [185, 186, 191, 195, 203, 205, 206, 215], "excluded_lines": [], "executed_branches": [], "missing_branches": [[205, 206], [205, 215]]}, "ARIA_QualityAssurance._run_mypy": {"executed_lines": [], "summary": {"covered_lines": 0, "num_statements": 8, "percent_covered": 0.0, "percent_covered_display": "0.00", "missing_lines": 8, "excluded_lines": 0, "num_branches": 2, "num_partial_branches": 0, "covered_branches": 0, "missing_branches": 2}, "missing_lines": [223, 224, 225, 229, 236, 238, 239, 247], "excluded_lines": [], "executed_branches": [], "missing_branches": [[238, 239], [238, 247]]}, "ARIA_QualityAssurance._run_bandit": {"executed_lines": [], "summary": {"covered_lines": 0, "num_statements": 12, "percent_covered": 0.0, "percent_covered_display": "0.00", "missing_lines": 12, "excluded_lines": 0, "num_branches": 2, "num_partial_branches": 0, "covered_branches": 0, "missing_branches": 2}, "missing_lines": [255, 256, 257, 262, 263, 264, 265, 267, 294, 296, 297, 307], "excluded_lines": [], "executed_branches": [], "missing_branches": [[296, 297], [296, 307]]}, "ARIA_QualityAssurance._run_safety": {"executed_lines": [], "summary": {"covered_lines": 0, "num_statements": 12, "percent_covered": 0.0, "percent_covered_display": "0.00", "missing_lines": 12, "excluded_lines": 0, "num_branches": 2, "num_partial_branches": 0, "covered_branches": 0, "missing_branches": 2}, "missing_lines": [315, 316, 317, 322, 323, 324, 325, 327, 334, 336, 337, 345], "excluded_lines": [], "executed_branches": [], "missing_branches": [[336, 337], [336, 345]]}, "ARIA_QualityAssurance._run_pytest": {"executed_lines": [], "summary": {"covered_lines": 0, "num_statements": 15, "percent_covered": 0.0, "percent_covered_display": "0.00", "missing_lines": 15, "excluded_lines": 0, "num_branches": 4, "num_partial_branches": 0, "covered_branches": 0, "missing_branches": 4}, "missing_lines": [353, 354, 355, 360, 361, 362, 363, 364, 365, 366, 368, 376, 378, 379, 388], "excluded_lines": [], "executed_branches": [], "missing_branches": [[362, 363], [362, 368], [378, 379], [378, 388]]}, "ARIA_QualityAssurance._run_security_audit": {"executed_lines": [], "summary": {"covered_lines": 0, "num_statements": 12, "percent_covered": 0.0, "percent_covered_display": "0.00", "missing_lines": 12, "excluded_lines": 0, "num_branches": 6, "num_partial_branches": 0, "covered_branches": 0, "missing_branches": 6}, "missing_lines": [396, 398, 399, 401, 402, 403, 404, 405, 407, 409, 417, 418], "excluded_lines": [], "executed_branches": [], "missing_branches": [[401, 402], [401, 407], [402, 401], [402, 403], [404, 401], [404, 405]]}, "ARIA_QualityAssurance._should_audit_file": {"executed_lines": [], "summary": {"covered_lines": 0, "num_statements": 3, "percent_covered": 0.0, "percent_covered_display": "0.00", "missing_lines": 3, "excluded_lines": 0, "num_branches": 0, "num_partial_branches": 0, "covered_branches": 0, "missing_branches": 0}, "missing_lines": [426, 436, 437], "excluded_lines": [], "executed_branches": [], "missing_branches": []}, "ARIA_QualityAssurance._calculate_overall_score": {"executed_lines": [], "summary": {"covered_lines": 0, "num_statements": 20, "percent_covered": 0.0, "percent_covered_display": "0.00", "missing_lines": 20, "excluded_lines": 0, "num_branches": 14, "num_partial_branches": 0, "covered_branches": 0, "missing_branches": 14}, "missing_lines": [441, 444, 453, 454, 455, 456, 457, 458, 460, 461, 462, 463, 464, 466, 467, 468, 470, 471, 472, 474], "excluded_lines": [], "executed_branches": [], "missing_branches": [[453, 454], [453, 474], [454, 453], [454, 455], [456, 457], [456, 458], [458, 460], [458, 464], [464, 466], [464, 468], [468, 453], [468, 470], [471, 453], [471, 472]]}, "ARIA_QualityAssurance._generate_recommendations": {"executed_lines": [], "summary": {"covered_lines": 0, "num_statements": 18, "percent_covered": 0.0, "percent_covered_display": "0.00", "missing_lines": 18, "excluded_lines": 0, "num_branches": 12, "num_partial_branches": 0, "covered_branches": 0, "missing_branches": 12}, "missing_lines": [478, 481, 482, 485, 486, 491, 492, 495, 496, 497, 502, 503, 504, 509, 510, 511, 512, 516], "excluded_lines": [], "executed_branches": [], "missing_branches": [[481, 482], [481, 485], [485, 486], [485, 491], [491, 492], [491, 495], [496, 497], [496, 502], [503, 504], [503, 509], [511, 512], [511, 516]]}, "ARIA_QualityAssurance._determine_status": {"executed_lines": [], "summary": {"covered_lines": 0, "num_statements": 7, "percent_covered": 0.0, "percent_covered_display": "0.00", "missing_lines": 7, "excluded_lines": 0, "num_branches": 6, "num_partial_branches": 0, "covered_branches": 0, "missing_branches": 6}, "missing_lines": [520, 521, 522, 523, 524, 525, 527], "excluded_lines": [], "executed_branches": [], "missing_branches": [[520, 521], [520, 522], [522, 523], [522, 524], [524, 525], [524, 527]]}, "ARIA_QualityAssurance.get_quality_history": {"executed_lines": [531], "summary": {"covered_lines": 1, "num_statements": 1, "percent_covered": 100.0, "percent_covered_display": "100.00", "missing_lines": 0, "excluded_lines": 0, "num_branches": 0, "num_partial_branches": 0, "covered_branches": 0, "missing_branches": 0}, "missing_lines": [], "excluded_lines": [], "executed_branches": [], "missing_branches": []}, "ARIA_QualityAssurance.generate_quality_report_html": {"executed_lines": [], "summary": {"covered_lines": 0, "num_statements": 24, "percent_covered": 0.0, "percent_covered_display": "0.00", "missing_lines": 24, "excluded_lines": 0, "num_branches": 12, "num_partial_branches": 0, "covered_branches": 0, "missing_branches": 12}, "missing_lines": [535, 536, 537, 539, 641, 642, 643, 644, 646, 652, 653, 658, 659, 662, 663, 667, 670, 671, 672, 677, 678, 679, 684, 690], "excluded_lines": [], "executed_branches": [], "missing_branches": [[642, 643], [642, 670], [652, 653], [652, 658], [658, 659], [658, 662], [662, 663], [662, 667], [671, 672], [671, 684], [677, 678], [677, 679]]}, "": {"executed_lines": [2, 14, 15, 16, 17, 18, 20, 22, 25, 26, 37, 70, 145, 183, 221, 253, 313, 351, 394, 424, 439, 476, 518, 529, 533], "summary": {"covered_lines": 23, "num_statements": 23, "percent_covered": 100.0, "percent_covered_display": "100.00", "missing_lines": 0, "excluded_lines": 0, "num_branches": 0, "num_partial_branches": 0, "covered_branches": 0, "missing_branches": 0}, "missing_lines": [], "excluded_lines": [], "executed_branches": [], "missing_branches": []}}, "classes": {"ARIA_QualityAssurance": {"executed_lines": [44, 45, 46, 49, 531], "summary": {"covered_lines": 5, "num_statements": 172, "percent_covered": 2.1186440677966103, "percent_covered_display": "2.12", "missing_lines": 167, "excluded_lines": 0, "num_branches": 64, "num_partial_branches": 0, "covered_branches": 0, "missing_branches": 64}, "missing_lines": [80, 82, 92, 94, 97, 100, 103, 106, 109, 112, 117, 122, 127, 132, 134, 138, 139, 140, 141, 143, 147, 148, 153, 157, 165, 167, 168, 177, 185, 186, 191, 195, 203, 205, 206, 215, 223, 224, 225, 229, 236, 238, 239, 247, 255, 256, 257, 262, 263, 264, 265, 267, 294, 296, 297, 307, 315, 316, 317, 322, 323, 324, 325, 327, 334, 336, 337, 345, 353, 354, 355, 360, 361, 362, 363, 364, 365, 366, 368, 376, 378, 379, 388, 396, 398, 399, 401, 402, 403, 404, 405, 407, 409, 417, 418, 426, 436, 437, 441, 444, 453, 454, 455, 456, 457, 458, 460, 461, 462, 463, 464, 466, 467, 468, 470, 471, 472, 474, 478, 481, 482, 485, 486, 491, 492, 495, 496, 497, 502, 503, 504, 509, 510, 511, 512, 516, 520, 521, 522, 523, 524, 525, 527, 535, 536, 537, 539, 641, 642, 643, 644, 646, 652, 653, 658, 659, 662, 663, 667, 670, 671, 672, 677, 678, 679, 684, 690], "excluded_lines": [], "executed_branches": [], "missing_branches": [[167, 168], [167, 177], [205, 206], [205, 215], [238, 239], [238, 247], [296, 297], [296, 307], [336, 337], [336, 345], [362, 363], [362, 368], [378, 379], [378, 388], [401, 402], [401, 407], [402, 401], [402, 403], [404, 401], [404, 405], [453, 454], [453, 474], [454, 453], [454, 455], [456, 457], [456, 458], [458, 460], [458, 464], [464, 466], [464, 468], [468, 453], [468, 470], [471, 453], [471, 472], [481, 482], [481, 485], [485, 486], [485, 491], [491, 492], [491, 495], [496, 497], [496, 502], [503, 504], [503, 509], [511, 512], [511, 516], [520, 521], [520, 522], [522, 523], [522, 524], [524, 525], [524, 527], [642, 643], [642, 670], [652, 653], [652, 658], [658, 659], [658, 662], [662, 663], [662, 667], [671, 672], [671, 684], [677, 678], [677, 679]]}, "": {"executed_lines": [2, 14, 15, 16, 17, 18, 20, 22, 25, 26, 37, 70, 145, 183, 221, 253, 313, 351, 394, 424, 439, 476, 518, 529, 533], "summary": {"covered_lines": 23, "num_statements": 23, "percent_covered": 100.0, "percent_covered_display": "100.00", "missing_lines": 0, "excluded_lines": 0, "num_branches": 0, "num_partial_branches": 0, "covered_branches": 0, "missing_branches": 0}, "missing_lines": [], "excluded_lines": [], "executed_branches": [], "missing_branches": []}}}, "devops_automation/security/__init__.py": {"executed_lines": [2, 10, 12], "summary": {"covered_lines": 2, "num_statements": 2, "percent_covered": 100.0, "percent_covered_display": "100.00", "missing_lines": 0, "excluded_lines": 0, "num_branches": 0, "num_partial_branches": 0, "covered_branches": 0, "missing_branches": 0}, "missing_lines": [], "excluded_lines": [], "executed_branches": [], "missing_branches": [], "functions": {"": {"executed_lines": [2, 10, 12], "summary": {"covered_lines": 2, "num_statements": 2, "percent_covered": 100.0, "percent_covered_display": "100.00", "missing_lines": 0, "excluded_lines": 0, "num_branches": 0, "num_partial_branches": 0, "covered_branches": 0, "missing_branches": 0}, "missing_lines": [], "excluded_lines": [], "executed_branches": [], "missing_branches": []}}, "classes": {"": {"executed_lines": [2, 10, 12], "summary": {"covered_lines": 2, "num_statements": 2, "percent_covered": 100.0, "percent_covered_display": "100.00", "missing_lines": 0, "excluded_lines": 0, "num_branches": 0, "num_partial_branches": 0, "covered_branches": 0, "missing_branches": 0}, "missing_lines": [], "excluded_lines": [], "executed_branches": [], "missing_branches": []}}}, "devops_automation/security/aria_security_validator.py": {"executed_lines": [2, 14, 15, 16, 17, 18, 19, 20, 22, 25, 26, 37, 39, 40, 41, 43, 45, 135, 148, 156, 158, 161, 163, 169, 172, 180, 181, 196, 197, 198, 199, 200, 201, 202, 209, 228, 229, 235, 236, 237, 238, 240, 248, 314, 324, 325, 333, 334, 344, 347, 386, 387, 388, 402, 408, 414, 418, 423, 436, 438, 445, 456, 460, 468, 471, 472, 473, 475, 476, 486, 488, 490, 491, 492, 493, 495, 496, 506, 507, 509], "summary": {"covered_lines": 77, "num_statements": 131, "percent_covered": 57.80346820809248, "percent_covered_display": "57.80", "missing_lines": 54, "excluded_lines": 0, "num_branches": 42, "num_partial_branches": 11, "covered_branches": 23, "missing_branches": 19}, "missing_lines": [159, 164, 165, 166, 167, 173, 174, 175, 176, 177, 230, 231, 232, 242, 243, 244, 245, 246, 265, 267, 268, 271, 278, 280, 281, 283, 286, 292, 298, 300, 302, 303, 304, 305, 306, 307, 311, 312, 335, 342, 389, 390, 415, 419, 427, 428, 474, 477, 478, 479, 480, 481, 482, 484], "excluded_lines": [], "executed_branches": [[158, 161], [163, 169], [172, 180], [196, 197], [196, 209], [197, 196], [197, 198], [228, 229], [228, 235], [229, 228], [334, 344], [386, 387], [386, 402], [388, 386], [414, 418], [418, 423], [471, 472], [471, 473], [473, 475], [475, 476], [490, 491], [490, 495], [492, 493]], "missing_branches": [[158, 159], [163, 164], [172, 173], [229, 230], [267, 268], [267, 271], [334, 335], [388, 389], [414, 415], [418, 419], [473, 474], [475, 477], [477, 478], [477, 479], [479, 480], [479, 481], [481, 482], [481, 484], [492, 490]], "functions": {"ARIA_SecurityValidator.__init__": {"executed_lines": [39, 40, 41], "summary": {"covered_lines": 3, "num_statements": 3, "percent_covered": 100.0, "percent_covered_display": "100.00", "missing_lines": 0, "excluded_lines": 0, "num_branches": 0, "num_partial_branches": 0, "covered_branches": 0, "missing_branches": 0}, "missing_lines": [], "excluded_lines": [], "executed_branches": [], "missing_branches": []}, "ARIA_SecurityValidator._initialize_allowed_commands": {"executed_lines": [45], "summary": {"covered_lines": 1, "num_statements": 1, "percent_covered": 100.0, "percent_covered_display": "100.00", "missing_lines": 0, "excluded_lines": 0, "num_branches": 0, "num_partial_branches": 0, "covered_branches": 0, "missing_branches": 0}, "missing_lines": [], "excluded_lines": [], "executed_branches": [], "missing_branches": []}, "ARIA_SecurityValidator.validate_command": {"executed_lines": [148, 156, 158, 161, 163, 169, 172, 180, 181, 196, 197, 198, 199, 200, 201, 202, 209, 228, 229, 235, 236, 237, 238, 240], "summary": {"covered_lines": 24, "num_statements": 42, "percent_covered": 60.714285714285715, "percent_covered_display": "60.71", "missing_lines": 18, "excluded_lines": 0, "num_branches": 14, "num_partial_branches": 4, "covered_branches": 10, "missing_branches": 4}, "missing_lines": [159, 164, 165, 166, 167, 173, 174, 175, 176, 177, 230, 231, 232, 242, 243, 244, 245, 246], "excluded_lines": [], "executed_branches": [[158, 161], [163, 169], [172, 180], [196, 197], [196, 209], [197, 196], [197, 198], [228, 229], [228, 235], [229, 228]], "missing_branches": [[158, 159], [163, 164], [172, 173], [229, 230]]}, "ARIA_SecurityValidator.execute_secure_command": {"executed_lines": [], "summary": {"covered_lines": 0, "num_statements": 20, "percent_covered": 0.0, "percent_covered_display": "0.00", "missing_lines": 20, "excluded_lines": 0, "num_branches": 2, "num_partial_branches": 0, "covered_branches": 0, "missing_branches": 2}, "missing_lines": [265, 267, 268, 271, 278, 280, 281, 283, 286, 292, 298, 300, 302, 303, 304, 305, 306, 307, 311, 312], "excluded_lines": [], "executed_branches": [], "missing_branches": [[267, 268], [267, 271]]}, "ARIA_SecurityValidator.audit_code_security": {"executed_lines": [324, 325, 333, 334, 344, 347, 386, 387, 388, 402, 408, 414, 418, 423, 436], "summary": {"covered_lines": 15, "num_statements": 23, "percent_covered": 63.63636363636363, "percent_covered_display": "63.64", "missing_lines": 8, "excluded_lines": 0, "num_branches": 10, "num_partial_branches": 4, "covered_branches": 6, "missing_branches": 4}, "missing_lines": [335, 342, 389, 390, 415, 419, 427, 428], "excluded_lines": [], "executed_branches": [[334, 344], [386, 387], [386, 402], [388, 386], [414, 418], [418, 423]], "missing_branches": [[334, 335], [388, 389], [414, 415], [418, 419]]}, "ARIA_SecurityValidator.get_security_report": {"executed_lines": [445], "summary": {"covered_lines": 1, "num_statements": 1, "percent_covered": 100.0, "percent_covered_display": "100.00", "missing_lines": 0, "excluded_lines": 0, "num_branches": 0, "num_partial_branches": 0, "covered_branches": 0, "missing_branches": 0}, "missing_lines": [], "excluded_lines": [], "executed_branches": [], "missing_branches": []}, "ARIA_SecurityValidator._log_security_event": {"executed_lines": [460, 468, 471, 472, 473, 475, 476], "summary": {"covered_lines": 7, "num_statements": 15, "percent_covered": 40.74074074074074, "percent_covered_display": "40.74", "missing_lines": 8, "excluded_lines": 0, "num_branches": 12, "num_partial_branches": 2, "covered_branches": 4, "missing_branches": 8}, "missing_lines": [474, 477, 478, 479, 480, 481, 482, 484], "excluded_lines": [], "executed_branches": [[471, 472], [471, 473], [473, 475], [475, 476]], "missing_branches": [[473, 474], [475, 477], [477, 478], [477, 479], [479, 480], [479, 481], [481, 482], [481, 484]]}, "ARIA_SecurityValidator._calculate_risk_summary": {"executed_lines": [488, 490, 491, 492, 493, 495, 496], "summary": {"covered_lines": 7, "num_statements": 7, "percent_covered": 90.9090909090909, "percent_covered_display": "90.91", "missing_lines": 0, "excluded_lines": 0, "num_branches": 4, "num_partial_branches": 1, "covered_branches": 3, "missing_branches": 1}, "missing_lines": [], "excluded_lines": [], "executed_branches": [[490, 491], [490, 495], [492, 493]], "missing_branches": [[492, 490]]}, "": {"executed_lines": [2, 14, 15, 16, 17, 18, 19, 20, 22, 25, 26, 37, 43, 135, 248, 314, 438, 456, 486, 506, 507, 509], "summary": {"covered_lines": 19, "num_statements": 19, "percent_covered": 100.0, "percent_covered_display": "100.00", "missing_lines": 0, "excluded_lines": 0, "num_branches": 0, "num_partial_branches": 0, "covered_branches": 0, "missing_branches": 0}, "missing_lines": [], "excluded_lines": [], "executed_branches": [], "missing_branches": []}}, "classes": {"ARIA_SecurityValidator": {"exe
[...]
data_collector.py": {"executed_lines": [], "summary": {"covered_lines": 0, "num_statements": 240, "percent_covered": 0.0, "percent_covered_display": "0.00", "missing_lines": 240, "excluded_lines": 2, "num_branches": 30, "num_partial_branches": 0, "covered_branches": 0, "missing_branches": 30}, "missing_lines": [8, 9, 10, 11, 12, 13, 14, 17, 18, 21, 24, 25, 26, 27, 28, 30, 32, 34, 35, 38, 57, 73, 86, 87, 89, 93, 94, 95, 97, 105, 108, 109, 111, 112, 114, 115, 116, 118, 120, 121, 122, 125, 140, 141, 155, 156, 171, 172, 186, 187, 189, 192, 194, 195, 196, 198, 202, 203, 204, 207, 223, 224, 238, 239, 241, 244, 246, 247, 248, 250, 252, 253, 256, 259, 262, 265, 267, 269, 270, 271, 273, 275, 276, 277, 280, 283, 286, 287, 290, 293, 295, 297, 304, 305, 306, 308, 310, 312, 315, 318, 320, 327, 328, 329, 331, 333, 335, 336, 337, 339, 347, 350, 351, 359, 361, 363, 370, 371, 372, 374, 376, 377, 378, 379, 380, 381, 382, 383, 385, 387, 389, 390, 392, 393, 395, 397, 398, 399, 400, 402, 404, 405, 407, 409, 410, 411, 413, 423, 424, 426, 428, 429, 431, 433, 434, 435, 437, 438, 439, 447, 448, 450, 451, 453, 455, 456, 457, 460, 470, 472, 473, 480, 483, 492, 494, 496, 507, 508, 509, 511, 513, 516, 517, 518, 523, 524, 525, 526, 534, 535, 536, 537, 538, 540, 551, 552, 553, 554, 555, 557, 567, 569, 571, 572, 573, 576, 577, 579, 580, 582, 583, 586, 588, 590, 599, 600, 601, 604, 606, 607, 610, 613, 614, 620, 623, 624, 631, 634, 635, 641, 644, 645, 646, 649, 650, 651, 654, 655, 656, 658], "excluded_lines": [661, 662], "executed_branches": [], "missing_branches": [[140, 141], [140, 155], [155, 156], [155, 171], [171, 172], [171, 186], [223, 224], [223, 238], [378, 379], [378, 381], [397, 398], [397, 402], [437, 438], [437, 447], [438, 437], [438, 439], [472, 473], [472, 480], [523, 524], [523, 534], [525, 526], [525, 534], [534, 535], [534, 551], [537, 538], [537, 540], [551, 552], [551, 567], [554, 555], [554, 557]], "functions": {"ARIADataCollector.__init__": {"executed_lines": [], "summary": {"covered_lines": 0, "num_statements": 5, "percent_covered": 0.0, "percent_covered_display": "0.00", "missing_lines": 5, "excluded_lines": 0, "num_branches": 0, "num_partial_branches": 0, "covered_branches": 0, "missing_branches": 0}, "missing_lines": [25, 26, 27, 28, 30], "excluded_lines": [], "executed_branches": [], "missing_branches": []}, "ARIADataCollector._init_database": {"executed_lines": [], "summary": {"covered_lines": 0, "num_statements": 7, "percent_covered": 0.0, "percent_covered_display": "0.00", "missing_lines": 7, "excluded_lines": 0, "num_branches": 0, "num_partial_branches": 0, "covered_branches": 0, "missing_branches": 0}, "missing_lines": [34, 35, 38, 57, 73, 86, 87], "excluded_lines": [], "executed_branches": [], "missing_branches": []}, "ARIADataCollector.create_experiment": {"executed_lines": [], "summary": {"covered_lines": 0, "num_statements": 12, "percent_covered": 0.0, "percent_covered_display": "0.00", "missing_lines": 12, "excluded_lines": 0, "num_branches": 0, "num_partial_branches": 0, "covered_branches": 0, "missing_branches": 0}, "missing_lines": [93, 94, 95, 97, 105, 108, 109, 111, 112, 114, 115, 116], "excluded_lines": [], "executed_branches": [], "missing_branches": []}, "ARIADataCollector.collect_pain_data": {"executed_lines": [], "summary": {"covered_lines": 0, "num_statements": 17, "percent_covered": 0.0, "percent_covered_display": "0.00", "missing_lines": 17, "excluded_lines": 0, "num_branches": 6, "num_partial_branches": 0, "covered_branches": 0, "missing_branches": 6}, "missing_lines": [120, 121, 122, 125, 140, 141, 155, 156, 171, 172, 186, 187, 189, 192, 194, 195, 196], "excluded_lines": [], "executed_branches": [], "missing_branches": [[140, 141], [140, 155], [155, 156], [155, 171], [171, 172], [171, 186]]}, "ARIADataCollector.collect_emotion_data": {"executed_lines": [], "summary": {"covered_lines": 0, "num_statements": 13, "percent_covered": 0.0, "percent_covered_display": "0.00", "missing_lines": 13, "excluded_lines": 0, "num_branches": 2, "num_partial_branches": 0, "covered_branches": 0, "missing_branches": 2}, "missing_lines": [202, 203, 204, 207, 223, 224, 238, 239, 241, 244, 246, 247, 248], "excluded_lines": [], "executed_branches": [], "missing_branches": [[223, 224], [223, 238]]}, "ARIADataCollector.collect_system_metrics": {"executed_lines": [], "summary": {"covered_lines": 0, "num_statements": 10, "percent_covered": 0.0, "percent_covered_display": "0.00", "missing_lines": 10, "excluded_lines": 0, "num_branches": 0, "num_partial_branches": 0, "covered_branches": 0, "missing_branches": 0}, "missing_lines": [252, 253, 256, 259, 262, 265, 267, 269, 270, 271], "excluded_lines": [], "executed_branches": [], "missing_branches": []}, "ARIADataCollector._collect_database_metrics": {"executed_lines": [], "summary": {"covered_lines": 0, "num_statements": 14, "percent_covered": 0.0, "percent_covered_display": "0.00", "missing_lines": 14, "excluded_lines": 0, "num_branches": 0, "num_partial_branches": 0, "covered_branches": 0, "missing_branches": 0}, "missing_lines": [275, 276, 277, 280, 283, 286, 287, 290, 293, 295, 297, 304, 305, 306], "excluded_lines": [], "executed_branches": [], "missing_branches": []}, "ARIADataCollector._collect_performance_metrics": {"executed_lines": [], "summary": {"covered_lines": 0, "num_statements": 8, "percent_covered": 0.0, "percent_covered_display": "0.00", "missing_lines": 8, "excluded_lines": 0, "num_branches": 0, "num_partial_branches": 0, "covered_branches": 0, "missing_branches": 0}, "missing_lines": [310, 312, 315, 318, 320, 327, 328, 329], "excluded_lines": [], "executed_branches": [], "missing_branches": []}, "ARIADataCollector._collect_usage_metrics": {"executed_lines": [], "summary": {"covered_lines": 0, "num_statements": 14, "percent_covered": 0.0, "percent_covered_display": "0.00", "missing_lines": 14, "excluded_lines": 0, "num_branches": 0, "num_partial_branches": 0, "covered_branches": 0, "missing_branches": 0}, "missing_lines": [333, 335, 336, 337, 339, 347, 350, 351, 359, 361, 363, 370, 371, 372], "excluded_lines": [], "executed_branches": [], "missing_branches": []}, "ARIADataCollector._get_database_size": {"executed_lines": [], "summary": {"covered_lines": 0, "num_statements": 8, "percent_covered": 0.0, "percent_covered_display": "0.00", "missing_lines": 8, "excluded_lines": 0, "num_branches": 2, "num_partial_branches": 0, "covered_branches": 0, "missing_branches": 2}, "missing_lines": [376, 377, 378, 379, 380, 381, 382, 383], "excluded_lines": [], "executed_branches": [], "missing_branches": [[378, 379], [378, 381]]}, "ARIADataCollector._get_uptime_hours": {"executed_lines": [], "summary": {"covered_lines": 0, "num_statements": 13, "percent_covered": 0.0, "percent_covered_display": "0.00", "missing_lines": 13, "excluded_lines": 0, "num_branches": 2, "num_partial_branches": 0, "covered_branches": 0, "missing_branches": 2}, "missing_lines": [387, 389, 390, 392, 393, 395, 397, 398, 399, 400, 402, 404, 405], "excluded_lines": [], "executed_branches": [], "missing_branches": [[397, 398], [397, 402]]}, "ARIADataCollector._get_most_active_hour": {"executed_lines": [], "summary": {"covered_lines": 0, "num_statements": 9, "percent_covered": 0.0, "percent_covered_display": "0.00", "missing_lines": 9, "excluded_lines": 0, "num_branches": 0, "num_partial_branches": 0, "covered_branches": 0, "missing_branches": 0}, "missing_lines": [409, 410, 411, 413, 423, 424, 426, 428, 429], "excluded_lines": [], "executed_branches": [], "missing_branches": []}, "ARIADataCollector._save_system_metrics": {"executed_lines": [], "summary": {"covered_lines": 0, "num_statements": 10, "percent_covered": 0.0, "percent_covered_display": "0.00", "missing_lines": 10, "excluded_lines": 0, "num_branches": 4, "num_partial_branches": 0, "covered_branches": 0, "missing_branches": 4}, "missing_lines": [433, 434, 435, 437, 438, 439, 447, 448, 450, 451], "excluded_lines": [], "executed_branches": [], "missing_branches": [[437, 438], [437, 447], [438, 437], [438, 439]]}, "ARIADataCollector.analyze_experiment": {"executed_lines": [], "summary": {"covered_lines": 0, "num_statements": 15, "percent_covered": 0.0, "percent_covered_display": "0.00", "missing_lines": 15, "excluded_lines": 0, "num_branches": 2, "num_partial_branches": 0, "covered_branches": 0, "missing_branches": 2}, "missing_lines": [455, 456, 457, 460, 470, 472, 473, 480, 483, 492, 494, 496, 507, 508, 509], "excluded_lines": [], "executed_branches": [], "missing_branches": [[472, 473], [472, 480]]}, "ARIADataCollector._analyze_data": {"executed_lines": [], "summary": {"covered_lines": 0, "num_statements": 21, "percent_covered": 0.0, "percent_covered_display": "0.00", "missing_lines": 21, "excluded_lines": 0, "num_branches": 12, "num_partial_branches": 0, "covered_branches": 0, "missing_branches": 12}, "missing_lines": [513, 516, 517, 518, 523, 524, 525, 526, 534, 535, 536, 537, 538, 540, 551, 552, 553, 554, 555, 557, 567], "excluded_lines": [], "executed_branches": [], "missing_branches": [[523, 524], [523, 534], [525, 526], [525, 534], [534, 535], [534, 551], [537, 538], [537, 540], [551, 552], [551, 567], [554, 555], [554, 557]]}, "ARIADataCollector.get_research_summary": {"executed_lines": [], "summary": {"covered_lines": 0, "num_statements": 15, "percent_covered": 0.0, "percent_covered_display": "0.00", "missing_lines": 15, "excluded_lines": 0, "num_branches": 0, "num_partial_branches": 0, "covered_branches": 0, "missing_branches": 0}, "missing_lines": [571, 572, 573, 576, 577, 579, 580, 582, 583, 586, 588, 590, 599, 600, 601], "excluded_lines": [], "executed_branches": [], "missing_branches": []}, "main": {"executed_lines": [], "summary": {"covered_lines": 0, "num_statements": 22, "percent_covered": 0.0, "percent_covered_display": "0.00", "missing_lines": 22, "excluded_lines": 0, "num_branches": 0, "num_partial_branches": 0, "covered_branches": 0, "missing_branches": 0}, "missing_lines": [606, 607, 610, 613, 614, 620, 623, 624, 631, 634, 635, 641, 644, 645, 646, 649, 650, 651, 654, 655, 656, 658], "excluded_lines": [], "executed_branches": [], "missing_branches": []}, "": {"executed_lines": [], "summary": {"covered_lines": 0, "num_statements": 27, "percent_covered": 0.0, "percent_covered_display": "0.00", "missing_lines": 27, "excluded_lines": 2, "num_branches": 0, "num_partial_branches": 0, "covered_branches": 0, "missing_branches": 0}, "missing_lines": [8, 9, 10, 11, 12, 13, 14, 17, 18, 21, 24, 32, 89, 118, 198, 250, 273, 308, 331, 374, 385, 407, 431, 453, 511, 569, 604], "excluded_lines": [661, 662], "executed_branches": [], "missing_branches": []}}, "classes": {"ARIADataCollector": {"executed_lines": [], "summary": {"covered_lines": 0, "num_statements": 191, "percent_covered": 0.0, "percent_covered_display": "0.00", "missing_lines": 191, "excluded_lines": 0, "num_branches": 30, "num_partial_branches": 0, "covered_branches": 0, "missing_branches": 30}, "missing_lines": [25, 26, 27, 28, 30, 34, 35, 38, 57, 73, 86, 87, 93, 94, 95, 97, 105, 108, 109, 111, 112, 114, 115, 116, 120, 121, 122, 125, 140, 141, 155, 156, 171, 172, 186, 187, 189, 192, 194, 195, 196, 202, 203, 204, 207, 223, 224, 238, 239, 241, 244, 246, 247, 248, 252, 253, 256, 259, 262, 265, 267, 269, 270, 271, 275, 276, 277, 280, 283, 286, 287, 290, 293, 295, 297, 304, 305, 306, 310, 312, 315, 318, 320, 327, 328, 329, 333, 335, 336, 337, 339, 347, 350, 351, 359, 361, 363, 370, 371, 372, 376, 377, 378, 379, 380, 381, 382, 383, 387, 389, 390, 392, 393, 395, 397, 398, 399, 400, 402, 404, 405, 409, 410, 411, 413, 423, 424, 426, 428, 429, 433, 434, 435, 437, 438, 439, 447, 448, 450, 451, 455, 456, 457, 460, 470, 472, 473, 480, 483, 492, 494, 496, 507, 508, 509, 513, 516, 517, 518, 523, 524, 525, 526, 534, 535, 536, 537, 538, 540, 551, 552, 553, 554, 555, 557, 567, 571, 572, 573, 576, 577, 579, 580, 582, 583, 586, 588, 590, 599, 600, 601], "excluded_lines": [], "executed_branches": [], "missing_branches": [[140, 141], [140, 155], [155, 156], [155, 171], [171, 172], [171, 186], [223, 224], [223, 238], [378, 379], [378, 381], [397, 398], [397, 402], [437, 438], [437, 447], [438, 437], [438, 439], [472, 473], [472, 480], [523, 524], [523, 534], [525, 526], [525, 534], [534, 535], [534, 551], [537, 538], [537, 540], [551, 552], [551, 567], [554, 555], [554, 557]]}, "": {"executed_lines": [], "summary": {"covered_lines": 0, "num_statements": 49, "percent_covered": 0.0, "percent_covered_display": "0.00", "missing_lines": 49, "excluded_lines": 2, "num_branches": 0, "num_partial_branches": 0, "covered_branches": 0, "missing_branches": 0}, "missing_lines": [8, 9, 10, 11, 12, 13, 14, 17, 18, 21, 24, 32, 89, 118, 198, 250, 273, 308, 331, 374, 385, 407, 431, 453, 511, 569, 604, 606, 607, 610, 613, 614, 620, 623, 624, 631, 634, 635, 641, 644, 645, 646, 649, 650, 651, 654, 655, 656, 658], "excluded_lines": [661, 662], "executed_branches": [], "missing_branches": []}}}, "watch_integration/__init__.py": {"executed_lines": [], "summary": {"covered_lines": 0, "num_statements": 1, "percent_covered": 0.0, "percent_covered_display": "0.00", "missing_lines": 1, "excluded_lines": 0, "num_branches": 0, "num_partial_branches": 0, "covered_branches": 0, "missing_branches": 0}, "missing_lines": [6], "excluded_lines": [], "executed_branches": [], "missing_branches": [], "functions": {"": {"executed_lines": [], "summary": {"covered_lines": 0, "num_statements": 1, "percent_covered": 0.0, "percent_covered_display": "0.00", "missing_lines": 1, "excluded_lines": 0, "num_branches": 0, "num_partial_branches": 0, "covered_branches": 0, "missing_branches": 0}, "missing_lines": [6], "excluded_lines": [], "executed_branches": [], "missing_branches": []}}, "classes": {"": {"executed_lines": [], "summary": {"covered_lines": 0, "num_statements": 1, "percent_covered": 0.0, "percent_covered_display": "0.00", "missing_lines": 1, "excluded_lines": 0, "num_branches": 0, "num_partial_branches": 0, "covered_branches": 0, "missing_branches": 0}, "missing_lines": [6], "excluded_lines": [], "executed_branches": [], "missing_branches": []}}}, "watch_integration/api.py": {"executed_lines": [], "summary": {"covered_lines": 0, "num_statements": 57, "percent_covered": 0.0, "percent_covered_display": "0.00", "missing_lines": 57, "excluded_lines": 0, "num_branches": 0, "num_partial_branches": 0, "covered_branches": 0, "missing_branches": 0}, "missing_lines": [11, 13, 14, 15, 17, 18, 20, 23, 24, 25, 26, 29, 30, 31, 32, 33, 36, 37, 38, 41, 42, 43, 44, 47, 48, 49, 50, 51, 52, 53, 56, 57, 58, 71, 72, 73, 74, 75, 76, 79, 80, 81, 82, 83, 84, 87, 88, 89, 90, 91, 92, 95, 96, 97, 98, 99, 100], "excluded_lines": [], "executed_branches": [], "missing_branches": [], "functions": {"_append_jsonl": {"executed_lines": [], "summary": {"covered_lines": 0, "num_statements": 6, "percent_covered": 0.0, "percent_covered_display": "0.00", "missing_lines": 6, "excluded_lines": 0, "num_branches": 0, "num_partial_branches": 0, "covered_branches": 0, "missing_branches": 0}, "missing_lines": [48, 49, 50, 51, 52, 53], "excluded_lines": [], "executed_branches": [], "missing_branches": []}, "watch_status": {"executed_lines": [], "summary": {"covered_lines": 0, "num_statements": 1, "percent_covered": 0.0, "percent_covered_display": "0.00", "missing_lines": 1, "excluded_lines": 0, "num_branches": 0, "num_partial_branches": 0, "covered_branches": 0, "missing_branches": 0}, "missing_lines": [58], "excluded_lines": [], "executed_branches": [], "missing_branches": []}, "ingest_heart_rate": {"executed_lines": [], "summary": {"covered_lines": 0, "num_statements": 4, "percent_covered": 0.0, "percent_covered_display": "0.00", "missing_lines": 4, "excluded_lines": 0, "num_branches": 0, "num_partial_branches": 0, "covered_branches": 0, "missing_branches": 0}, "missing_lines": [73, 74, 75, 76], "excluded_lines": [], "executed_branches": [], "missing_branches": []}, "ingest_sleep_session": {"executed_lines": [], "summary": {"covered_lines": 0, "num_statements": 4, "percent_covered": 0.0, "percent_covered_display": "0.00", "missing_lines": 4, "excluded_lines": 0, "num_branches": 0, "num_partial_branches": 0, "covered_branches": 0, "missing_branches": 0}, "missing_lines": [81, 82, 83, 84], "excluded_lines": [], "executed_branches": [], "missing_branches": []}, "ingest_stress": {"executed_lines": [], "summary": {"covered_lines": 0, "num_statements": 4, "percent_covered": 0.0, "percent_covered_display": "0.00", "missing_lines": 4, "excluded_lines": 0, "num_branches": 0, "num_partial_branches": 0, "covered_branches": 0, "missing_branches": 0}, "missing_lines": [89, 90, 91, 92], "excluded_lines": [], "executed_branches": [], "missing_branches": []}, "ingest_steps": {"executed_lines": [], "summary": {"covered_lines": 0, "num_statements": 4, "percent_covered": 0.0, "percent_covered_display": "0.00", "missing_lines": 4, "excluded_lines": 0, "num_branches": 0, "num_partial_branches": 0, "covered_branches": 0, "missing_branches": 0}, "missing_lines": [97, 98, 99, 100], "excluded_lines": [], "executed_branches": [], "missing_branches": []}, "": {"executed_lines": [], "summary": {"covered_lines": 0, "num_statements": 34, "percent_covered": 0.0, "percent_covered_display": "0.00", "missing_lines": 34, "excluded_lines": 0, "num_branches": 0, "num_partial_branches": 0, "covered_branches": 0, "missing_branches": 0}, "missing_lines": [11, 13, 14, 15, 17, 18, 20, 23, 24, 25, 26, 29, 30, 31, 32, 33, 36, 37, 38, 41, 42, 43, 44, 47, 56, 57, 71, 72, 79, 80, 87, 88, 95, 96], "excluded_lines": [], "executed_branches": [], "missing_branches": []}}, "classes": {"HeartRateIn": {"executed_lines": [], "summary": {"covered_lines": 0, "num_statements": 0, "percent_covered": 100.0, "percent_covered_display": "100.00", "missing_lines": 0, "excluded_lines": 0, "num_branches": 0, "num_partial_branches": 0, "covered_branches": 0, "missing_branches": 0}, "missing_lines": [], "excluded_lines": [], "executed_branches": [], "missing_branches": []}, "SleepSessionIn": {"executed_lines": [], "summary": {"covered_lines": 0, "num_statements": 0, "percent_covered": 100.0, "percent_covered_display": "100.00", "missing_lines": 0, "excluded_lines": 0, "num_branches": 0, "num_partial_branches": 0, "covered_branches": 0, "missing_branches": 0}, "missing_lines": [], "excluded_lines": [], "executed_branches": [], "missing_branches": []}, "StressLevelIn": {"executed_lines": [], "summary": {"covered_lines": 0, "num_statements": 0, "percent_covered": 100.0, "percent_covered_display": "100.00", "missing_lines": 0, "excluded_lines": 0, "num_branches": 0, "num_partial_branches": 0, "covered_branches": 0, "missing_branches": 0}, "missing_lines": [], "excluded_lines": [], "executed_branches": [], "missing_branches": []}, "StepsIn": {"executed_lines": [], "summary": {"covered_lines": 0, "num_statements": 0, "percent_covered": 100.0, "percent_covered_display": "100.00", "missing_lines": 0, "excluded_lines": 0, "num_branches": 0, "num_partial_branches": 0, "covered_branches": 0, "missing_branches": 0}, "missing_lines": [], "excluded_lines": [], "executed_branches": [], "missing_branches": []}, "": {"executed_lines": [], "summary": {"covered_lines": 0, "num_statements": 57, "percent_covered": 0.0, "percent_covered_display": "0.00", "missing_lines": 57, "excluded_lines": 0, "num_branches": 0, "num_partial_branches": 0, "covered_branches": 0, "missing_branches": 0}, "missing_lines": [11, 13, 14, 15, 17, 18, 20, 23, 24, 25, 26, 29, 30, 31, 32, 33, 36, 37, 38, 41, 42, 43, 44, 47, 48, 49, 50, 51, 52, 53, 56, 57, 58, 71, 72, 73, 74, 75, 76, 79, 80, 81, 82, 83, 84, 87, 88, 89, 90, 91, 92, 95, 96, 97, 98, 99, 100], "excluded_lines": [], "executed_branches": [], "missing_branches": []}}}}, "totals": {"covered_lines": 891, "num_statements": 2618, "percent_covered": 31.960408684546614, "percent_covered_display": "31.96", "missing_lines": 1727, "excluded_lines": 15, "num_branches": 514, "num_partial_branches": 50, "covered_branches": 110, "missing_branches": 404}}